<?xml version="1.0" encoding="UTF-8"?>
<coverage generated="1554399592113" clover="3.2.0">
  <project timestamp="1554399592113" name="All files">
    <metrics statements="221" coveredstatements="221" conditionals="76" coveredconditionals="76" methods="103" coveredmethods="103" elements="400" coveredelements="400" complexity="0" loc="221" ncloc="221" packages="10" files="21" classes="21"/>
    <package name="pipelineApp">
      <metrics statements="1" coveredstatements="1" conditionals="0" coveredconditionals="0" methods="0" coveredmethods="0"/>
      <file name="config.js" path="/Users/josemanuelbaezsoriano/Desktop/Manolin/pipeline/pipelineApp/config.js">
        <metrics statements="1" coveredstatements="1" conditionals="0" coveredconditionals="0" methods="0" coveredmethods="0"/>
        <line num="2" count="3" type="stmt"/>
      </file>
    </package>
    <package name="pipelineApp.assets">
      <metrics statements="1" coveredstatements="1" conditionals="0" coveredconditionals="0" methods="0" coveredmethods="0"/>
      <file name="calendar.png" path="/Users/josemanuelbaezsoriano/Desktop/Manolin/pipeline/pipelineApp/assets/calendar.png">
        <metrics statements="1" coveredstatements="1" conditionals="0" coveredconditionals="0" methods="0" coveredmethods="0"/>
        <line num="1" count="2" type="stmt"/>
      </file>
    </package>
    <package name="pipelineApp.assets.fonts">
      <metrics statements="2" coveredstatements="2" conditionals="0" coveredconditionals="0" methods="0" coveredmethods="0"/>
      <file name="Montserrat-ExtraBold.otf" path="/Users/josemanuelbaezsoriano/Desktop/Manolin/pipeline/pipelineApp/assets/fonts/Montserrat-ExtraBold.otf">
        <metrics statements="1" coveredstatements="1" conditionals="0" coveredconditionals="0" methods="0" coveredmethods="0"/>
        <line num="1" count="1" type="stmt"/>
      </file>
      <file name="big_noodle_titling.ttf" path="/Users/josemanuelbaezsoriano/Desktop/Manolin/pipeline/pipelineApp/assets/fonts/big_noodle_titling.ttf">
        <metrics statements="1" coveredstatements="1" conditionals="0" coveredconditionals="0" methods="0" coveredmethods="0"/>
        <line num="1" count="1" type="stmt"/>
      </file>
    </package>
    <package name="pipelineApp.components">
      <metrics statements="26" coveredstatements="26" conditionals="4" coveredconditionals="4" methods="15" coveredmethods="15"/>
      <file name="dateUtils.js" path="/Users/josemanuelbaezsoriano/Desktop/Manolin/pipeline/pipelineApp/components/dateUtils.js">
        <metrics statements="10" coveredstatements="10" conditionals="2" coveredconditionals="2" methods="2" coveredmethods="2"/>
        <line num="28" count="2" type="stmt"/>
        <line num="30" count="2" type="stmt"/>
        <line num="31" count="2" type="stmt"/>
        <line num="33" count="2" type="stmt"/>
        <line num="35" count="2" type="stmt"/>
        <line num="39" count="4" type="stmt"/>
        <line num="40" count="4" type="stmt"/>
        <line num="41" count="10" type="cond" truecount="2" falsecount="0"/>
        <line num="42" count="6" type="stmt"/>
        <line num="44" count="4" type="stmt"/>
      </file>
      <file name="deviceStorage.js" path="/Users/josemanuelbaezsoriano/Desktop/Manolin/pipeline/pipelineApp/components/deviceStorage.js">
        <metrics statements="16" coveredstatements="16" conditionals="2" coveredconditionals="2" methods="13" coveredmethods="13"/>
        <line num="3" count="1" type="stmt"/>
        <line num="5" count="2" type="stmt"/>
        <line num="6" count="2" type="stmt"/>
        <line num="8" count="1" type="stmt"/>
        <line num="11" count="1" type="stmt"/>
        <line num="24" count="3" type="stmt"/>
        <line num="25" count="3" type="stmt"/>
        <line num="27" count="2" type="cond" truecount="2" falsecount="0"/>
        <line num="28" count="1" type="stmt"/>
        <line num="30" count="1" type="stmt"/>
        <line num="34" count="1" type="stmt"/>
        <line num="40" count="2" type="stmt"/>
        <line num="41" count="2" type="stmt"/>
        <line num="42" count="1" type="stmt"/>
        <line num="44" count="1" type="stmt"/>
        <line num="47" count="1" type="stmt"/>
      </file>
    </package>
    <package name="pipelineApp.components.globalComponents">
      <metrics statements="53" coveredstatements="53" conditionals="20" coveredconditionals="20" methods="18" coveredmethods="18"/>
      <file name="nameColumn.js" path="/Users/josemanuelbaezsoriano/Desktop/Manolin/pipeline/pipelineApp/components/globalComponents/nameColumn.js">
        <metrics statements="7" coveredstatements="7" conditionals="0" coveredconditionals="0" methods="5" coveredmethods="5"/>
        <line num="7" count="5" type="stmt"/>
        <line num="8" count="5" type="stmt"/>
        <line num="9" count="37" type="stmt"/>
        <line num="14" count="5" type="stmt"/>
        <line num="18" count="1" type="stmt"/>
        <line num="19" count="16" type="stmt"/>
        <line num="26" count="2" type="stmt"/>
      </file>
      <file name="turnColumn.js" path="/Users/josemanuelbaezsoriano/Desktop/Manolin/pipeline/pipelineApp/components/globalComponents/turnColumn.js">
        <metrics statements="22" coveredstatements="22" conditionals="10" coveredconditionals="10" methods="5" coveredmethods="5"/>
        <line num="5" count="3" type="stmt"/>
        <line num="9" count="10" type="stmt"/>
        <line num="10" count="10" type="stmt"/>
        <line num="14" count="48" type="cond" truecount="2" falsecount="0"/>
        <line num="15" count="1" type="stmt"/>
        <line num="16" count="47" type="cond" truecount="2" falsecount="0"/>
        <line num="17" count="12" type="stmt"/>
        <line num="18" count="35" type="cond" truecount="2" falsecount="0"/>
        <line num="19" count="23" type="stmt"/>
        <line num="20" count="12" type="stmt"/>
        <line num="24" count="5" type="stmt"/>
        <line num="28" count="4" type="stmt"/>
        <line num="29" count="4" type="stmt"/>
        <line num="31" count="4" type="stmt"/>
        <line num="32" count="44" type="stmt"/>
        <line num="33" count="44" type="stmt"/>
        <line num="39" count="4" type="stmt"/>
        <line num="43" count="3" type="stmt"/>
        <line num="45" count="3" type="stmt"/>
        <line num="71" count="3" type="stmt"/>
        <line num="72" count="3" type="stmt"/>
        <line num="78" count="3" type="stmt"/>
      </file>
      <file name="turnTable.js" path="/Users/josemanuelbaezsoriano/Desktop/Manolin/pipeline/pipelineApp/components/globalComponents/turnTable.js">
        <metrics statements="24" coveredstatements="24" conditionals="10" coveredconditionals="10" methods="8" coveredmethods="8"/>
        <line num="4" count="2" type="stmt"/>
        <line num="7" count="2" type="stmt"/>
        <line num="12" count="6" type="stmt"/>
        <line num="13" count="6" type="stmt"/>
        <line num="18" count="6" type="stmt"/>
        <line num="20" count="6" type="stmt"/>
        <line num="22" count="6" type="stmt"/>
        <line num="27" count="1" type="stmt"/>
        <line num="31" count="13" type="stmt"/>
        <line num="35" count="6" type="cond" truecount="4" falsecount="0"/>
        <line num="36" count="4" type="stmt"/>
        <line num="37" count="4" type="stmt"/>
        <line num="38" count="4" type="stmt"/>
        <line num="39" count="4" type="stmt"/>
        <line num="40" count="4" type="stmt"/>
        <line num="42" count="4" type="cond" truecount="2" falsecount="0"/>
        <line num="43" count="2" type="stmt"/>
        <line num="46" count="4" type="cond" truecount="4" falsecount="0"/>
        <line num="47" count="1" type="stmt"/>
        <line num="57" count="1" type="stmt"/>
        <line num="76" count="3" type="stmt"/>
        <line num="79" count="3" type="stmt"/>
        <line num="86" count="39" type="stmt"/>
        <line num="93" count="2" type="stmt"/>
      </file>
    </package>
    <package name="pipelineApp.components.homeComponents">
      <metrics statements="45" coveredstatements="45" conditionals="22" coveredconditionals="22" methods="19" coveredmethods="19"/>
      <file name="globalButton.js" path="/Users/josemanuelbaezsoriano/Desktop/Manolin/pipeline/pipelineApp/components/homeComponents/globalButton.js">
        <metrics statements="3" coveredstatements="3" conditionals="0" coveredconditionals="0" methods="2" coveredmethods="2"/>
        <line num="7" count="4" type="stmt"/>
        <line num="11" count="4" type="stmt"/>
        <line num="27" count="2" type="stmt"/>
      </file>
      <file name="midBlueButton.js" path="/Users/josemanuelbaezsoriano/Desktop/Manolin/pipeline/pipelineApp/components/homeComponents/midBlueButton.js">
        <metrics statements="3" coveredstatements="3" conditionals="0" coveredconditionals="0" methods="2" coveredmethods="2"/>
        <line num="7" count="4" type="stmt"/>
        <line num="11" count="4" type="stmt"/>
        <line num="26" count="2" type="stmt"/>
      </file>
      <file name="midYellowButton.js" path="/Users/josemanuelbaezsoriano/Desktop/Manolin/pipeline/pipelineApp/components/homeComponents/midYellowButton.js">
        <metrics statements="3" coveredstatements="3" conditionals="0" coveredconditionals="0" methods="2" coveredmethods="2"/>
        <line num="7" count="4" type="stmt"/>
        <line num="11" count="4" type="stmt"/>
        <line num="26" count="2" type="stmt"/>
      </file>
      <file name="turnDeck.js" path="/Users/josemanuelbaezsoriano/Desktop/Manolin/pipeline/pipelineApp/components/homeComponents/turnDeck.js">
        <metrics statements="20" coveredstatements="20" conditionals="12" coveredconditionals="12" methods="9" coveredmethods="9"/>
        <line num="6" count="2" type="stmt"/>
        <line num="10" count="8" type="stmt"/>
        <line num="11" count="8" type="stmt"/>
        <line num="15" count="8" type="stmt"/>
        <line num="20" count="2" type="stmt"/>
        <line num="24" count="25" type="stmt"/>
        <line num="28" count="6" type="stmt"/>
        <line num="29" count="6" type="cond" truecount="4" falsecount="0"/>
        <line num="30" count="4" type="stmt"/>
        <line num="31" count="4" type="stmt"/>
        <line num="32" count="4" type="cond" truecount="2" falsecount="0"/>
        <line num="33" count="1" type="stmt"/>
        <line num="36" count="4" type="cond" truecount="4" falsecount="0"/>
        <line num="37" count="1" type="stmt"/>
        <line num="46" count="8" type="stmt"/>
        <line num="54" count="1" type="stmt"/>
        <line num="56" count="9" type="stmt"/>
        <line num="60" count="1" type="stmt"/>
        <line num="61" count="78" type="stmt"/>
        <line num="72" count="2" type="stmt"/>
      </file>
      <file name="turnViewWithDate.js" path="/Users/josemanuelbaezsoriano/Desktop/Manolin/pipeline/pipelineApp/components/homeComponents/turnViewWithDate.js">
        <metrics statements="16" coveredstatements="16" conditionals="10" coveredconditionals="10" methods="4" coveredmethods="4"/>
        <line num="7" count="10" type="stmt"/>
        <line num="8" count="10" type="stmt"/>
        <line num="12" count="8" type="cond" truecount="2" falsecount="0"/>
        <line num="13" count="1" type="stmt"/>
        <line num="14" count="7" type="cond" truecount="2" falsecount="0"/>
        <line num="15" count="4" type="stmt"/>
        <line num="16" count="3" type="cond" truecount="2" falsecount="0"/>
        <line num="17" count="1" type="stmt"/>
        <line num="18" count="2" type="stmt"/>
        <line num="22" count="6" type="stmt"/>
        <line num="26" count="4" type="stmt"/>
        <line num="27" count="4" type="stmt"/>
        <line num="53" count="3" type="stmt"/>
        <line num="54" count="3" type="stmt"/>
        <line num="55" count="3" type="stmt"/>
        <line num="61" count="3" type="stmt"/>
      </file>
    </package>
    <package name="pipelineApp.components.loginComponents">
      <metrics statements="8" coveredstatements="8" conditionals="0" coveredconditionals="0" methods="6" coveredmethods="6"/>
      <file name="inputComponent.js" path="/Users/josemanuelbaezsoriano/Desktop/Manolin/pipeline/pipelineApp/components/loginComponents/inputComponent.js">
        <metrics statements="4" coveredstatements="4" conditionals="0" coveredconditionals="0" methods="3" coveredmethods="3"/>
        <line num="6" count="14" type="stmt"/>
        <line num="10" count="18" type="stmt"/>
        <line num="13" count="3" type="stmt"/>
        <line num="20" count="2" type="stmt"/>
      </file>
      <file name="primaryButtonComponent.js" path="/Users/josemanuelbaezsoriano/Desktop/Manolin/pipeline/pipelineApp/components/loginComponents/primaryButtonComponent.js">
        <metrics statements="4" coveredstatements="4" conditionals="0" coveredconditionals="0" methods="3" coveredmethods="3"/>
        <line num="8" count="8" type="stmt"/>
        <line num="12" count="10" type="stmt"/>
        <line num="13" count="2" type="stmt"/>
        <line num="28" count="2" type="stmt"/>
      </file>
    </package>
    <package name="pipelineApp.mockedData">
      <metrics statements="1" coveredstatements="1" conditionals="0" coveredconditionals="0" methods="0" coveredmethods="0"/>
      <file name="mockedNurse.js" path="/Users/josemanuelbaezsoriano/Desktop/Manolin/pipeline/pipelineApp/mockedData/mockedNurse.js">
        <metrics statements="1" coveredstatements="1" conditionals="0" coveredconditionals="0" methods="0" coveredmethods="0"/>
        <line num="1" count="5" type="stmt"/>
      </file>
    </package>
    <package name="pipelineApp.screens">
      <metrics statements="84" coveredstatements="84" conditionals="30" coveredconditionals="30" methods="45" coveredmethods="45"/>
      <file name="globalScreen.js" path="/Users/josemanuelbaezsoriano/Desktop/Manolin/pipeline/pipelineApp/screens/globalScreen.js">
        <metrics statements="16" coveredstatements="16" conditionals="6" coveredconditionals="6" methods="8" coveredmethods="8"/>
        <line num="9" count="6" type="stmt"/>
        <line num="10" count="6" type="stmt"/>
        <line num="18" count="7" type="stmt"/>
        <line num="19" count="5" type="stmt"/>
        <line num="27" count="1" type="stmt"/>
        <line num="29" count="1" type="stmt"/>
        <line num="35" count="4" type="stmt"/>
        <line num="42" count="7" type="stmt"/>
        <line num="46" count="12" type="cond" truecount="2" falsecount="0"/>
        <line num="47" count="4" type="stmt"/>
        <line num="54" count="8" type="cond" truecount="2" falsecount="0"/>
        <line num="55" count="5" type="stmt"/>
        <line num="62" count="3" type="stmt"/>
        <line num="72" count="1" type="stmt"/>
        <line num="80" count="1" type="stmt"/>
        <line num="108" count="1" type="stmt"/>
      </file>
      <file name="homeScreen.js" path="/Users/josemanuelbaezsoriano/Desktop/Manolin/pipeline/pipelineApp/screens/homeScreen.js">
        <metrics statements="18" coveredstatements="18" conditionals="4" coveredconditionals="4" methods="13" coveredmethods="13"/>
        <line num="12" count="9" type="stmt"/>
        <line num="13" count="9" type="stmt"/>
        <line num="20" count="7" type="stmt"/>
        <line num="21" count="5" type="stmt"/>
        <line num="29" count="1" type="stmt"/>
        <line num="31" count="1" type="stmt"/>
        <line num="37" count="4" type="stmt"/>
        <line num="44" count="8" type="stmt"/>
        <line num="48" count="1" type="stmt"/>
        <line num="64" count="14" type="cond" truecount="2" falsecount="0"/>
        <line num="65" count="4" type="stmt"/>
        <line num="70" count="10" type="cond" truecount="2" falsecount="0"/>
        <line num="71" count="5" type="stmt"/>
        <line num="77" count="5" type="stmt"/>
        <line num="82" count="1" type="stmt"/>
        <line num="86" count="1" type="stmt"/>
        <line num="89" count="1" type="stmt"/>
        <line num="101" count="1" type="stmt"/>
      </file>
      <file name="loginScreen.js" path="/Users/josemanuelbaezsoriano/Desktop/Manolin/pipeline/pipelineApp/screens/loginScreen.js">
        <metrics statements="50" coveredstatements="50" conditionals="20" coveredconditionals="20" methods="24" coveredmethods="24"/>
        <line num="13" count="1" type="stmt"/>
        <line num="14" count="1" type="stmt"/>
        <line num="19" count="18" type="stmt"/>
        <line num="20" count="18" type="stmt"/>
        <line num="29" count="7" type="stmt"/>
        <line num="33" count="7" type="stmt"/>
        <line num="35" count="7" type="stmt"/>
        <line num="42" count="5" type="cond" truecount="2" falsecount="0"/>
        <line num="43" count="1" type="stmt"/>
        <line num="48" count="4" type="stmt"/>
        <line num="60" count="4" type="stmt"/>
        <line num="63" count="4" type="cond" truecount="2" falsecount="0"/>
        <line num="64" count="1" type="stmt"/>
        <line num="68" count="1" type="stmt"/>
        <line num="69" count="3" type="cond" truecount="2" falsecount="0"/>
        <line num="70" count="1" type="stmt"/>
        <line num="74" count="1" type="stmt"/>
        <line num="77" count="2" type="stmt"/>
        <line num="80" count="2" type="stmt"/>
        <line num="90" count="2" type="stmt"/>
        <line num="95" count="2" type="stmt"/>
        <line num="102" count="11" type="stmt"/>
        <line num="104" count="11" type="cond" truecount="2" falsecount="0"/>
        <line num="105" count="9" type="stmt"/>
        <line num="106" count="9" type="stmt"/>
        <line num="115" count="2" type="stmt"/>
        <line num="119" count="2" type="stmt"/>
        <line num="122" count="2" type="cond" truecount="2" falsecount="0"/>
        <line num="123" count="1" type="stmt"/>
        <line num="135" count="7" type="stmt"/>
        <line num="139" count="1" type="stmt"/>
        <line num="151" count="1" type="stmt"/>
        <line num="155" count="9" type="stmt"/>
        <line num="157" count="9" type="cond" truecount="4" falsecount="0"/>
        <line num="158" count="2" type="stmt"/>
        <line num="162" count="2" type="stmt"/>
        <line num="163" count="7" type="cond" truecount="4" falsecount="0"/>
        <line num="164" count="2" type="stmt"/>
        <line num="168" count="2" type="stmt"/>
        <line num="171" count="5" type="stmt"/>
        <line num="175" count="16" type="cond" truecount="2" falsecount="0"/>
        <line num="176" count="10" type="stmt"/>
        <line num="189" count="1" type="stmt"/>
        <line num="195" count="1" type="stmt"/>
        <line num="200" count="1" type="stmt"/>
        <line num="215" count="1" type="stmt"/>
        <line num="223" count="6" type="stmt"/>
        <line num="232" count="1" type="stmt"/>
        <line num="241" count="1" type="stmt"/>
        <line num="250" count="1" type="stmt"/>
      </file>
    </package>
    <package name="pipelineApp.styles">
      <metrics statements="0" coveredstatements="0" conditionals="0" coveredconditionals="0" methods="0" coveredmethods="0"/>
      <file name="loginBoxStyle.js" path="/Users/josemanuelbaezsoriano/Desktop/Manolin/pipeline/pipelineApp/styles/loginBoxStyle.js">
        <metrics statements="0" coveredstatements="0" conditionals="0" coveredconditionals="0" methods="0" coveredmethods="0"/>
      </file>
    </package>
  </project>
</coverage>
