<?xml version="1.0" encoding="UTF-8"?>
<coverage generated="1555778004622" clover="3.2.0">
  <project timestamp="1555778004622" name="All files">
    <metrics statements="566" coveredstatements="485" conditionals="139" coveredconditionals="125" methods="241" coveredmethods="205" elements="946" coveredelements="815" complexity="0" loc="566" ncloc="566" packages="15" files="49" classes="49"/>
    <package name="pipelineApp">
      <metrics statements="31" coveredstatements="31" conditionals="10" coveredconditionals="10" methods="8" coveredmethods="8"/>
      <file name="App.js" path="/Users/josemanuelbaezsoriano/Desktop/Manolin/pipeline/pipelineApp/App.js">
        <metrics statements="30" coveredstatements="30" conditionals="10" coveredconditionals="10" methods="8" coveredmethods="8"/>
        <line num="14" count="1" type="stmt"/>
        <line num="15" count="1" type="stmt"/>
        <line num="18" count="1" type="stmt"/>
        <line num="23" count="1" type="stmt"/>
        <line num="29" count="8" type="stmt"/>
        <line num="30" count="8" type="stmt"/>
        <line num="34" count="1" type="stmt"/>
        <line num="39" count="1" type="stmt"/>
        <line num="41" count="1" type="stmt"/>
        <line num="47" count="4" type="stmt"/>
        <line num="49" count="4" type="cond" truecount="2" falsecount="0"/>
        <line num="50" count="3" type="stmt"/>
        <line num="51" count="3" type="stmt"/>
        <line num="60" count="1" type="stmt"/>
        <line num="64" count="3" type="stmt"/>
        <line num="68" count="3" type="cond" truecount="2" falsecount="0"/>
        <line num="69" count="1" type="stmt"/>
        <line num="71" count="2" type="cond" truecount="2" falsecount="0"/>
        <line num="72" count="1" type="stmt"/>
        <line num="73" count="1" type="stmt"/>
        <line num="74" count="1" type="stmt"/>
        <line num="78" count="1" type="stmt"/>
        <line num="83" count="3" type="stmt"/>
        <line num="84" count="3" type="stmt"/>
        <line num="94" count="3" type="cond" truecount="4" falsecount="0"/>
        <line num="95" count="1" type="stmt"/>
        <line num="113" count="1" type="stmt"/>
        <line num="115" count="1" type="stmt"/>
        <line num="119" count="2" type="stmt"/>
        <line num="128" count="1" type="stmt"/>
      </file>
      <file name="config.js" path="/Users/josemanuelbaezsoriano/Desktop/Manolin/pipeline/pipelineApp/config.js">
        <metrics statements="1" coveredstatements="1" conditionals="0" coveredconditionals="0" methods="0" coveredmethods="0"/>
        <line num="1" count="3" type="stmt"/>
      </file>
    </package>
    <package name="pipelineApp.assets">
      <metrics statements="5" coveredstatements="5" conditionals="0" coveredconditionals="0" methods="0" coveredmethods="0"/>
      <file name="calendar.png" path="/Users/josemanuelbaezsoriano/Desktop/Manolin/pipeline/pipelineApp/assets/calendar.png">
        <metrics statements="1" coveredstatements="1" conditionals="0" coveredconditionals="0" methods="0" coveredmethods="0"/>
        <line num="1" count="2" type="stmt"/>
      </file>
      <file name="check.gif" path="/Users/josemanuelbaezsoriano/Desktop/Manolin/pipeline/pipelineApp/assets/check.gif">
        <metrics statements="1" coveredstatements="1" conditionals="0" coveredconditionals="0" methods="0" coveredmethods="0"/>
        <line num="1" count="1" type="stmt"/>
      </file>
      <file name="phone.png" path="/Users/josemanuelbaezsoriano/Desktop/Manolin/pipeline/pipelineApp/assets/phone.png">
        <metrics statements="1" coveredstatements="1" conditionals="0" coveredconditionals="0" methods="0" coveredmethods="0"/>
        <line num="1" count="2" type="stmt"/>
      </file>
      <file name="whatsSilhouette.png" path="/Users/josemanuelbaezsoriano/Desktop/Manolin/pipeline/pipelineApp/assets/whatsSilhouette.png">
        <metrics statements="1" coveredstatements="1" conditionals="0" coveredconditionals="0" methods="0" coveredmethods="0"/>
        <line num="1" count="2" type="stmt"/>
      </file>
      <file name="whatsapp.png" path="/Users/josemanuelbaezsoriano/Desktop/Manolin/pipeline/pipelineApp/assets/whatsapp.png">
        <metrics statements="1" coveredstatements="1" conditionals="0" coveredconditionals="0" methods="0" coveredmethods="0"/>
        <line num="1" count="1" type="stmt"/>
      </file>
    </package>
    <package name="pipelineApp.assets.fonts">
      <metrics statements="2" coveredstatements="2" conditionals="0" coveredconditionals="0" methods="0" coveredmethods="0"/>
      <file name="Montserrat-ExtraBold.otf" path="/Users/josemanuelbaezsoriano/Desktop/Manolin/pipeline/pipelineApp/assets/fonts/Montserrat-ExtraBold.otf">
        <metrics statements="1" coveredstatements="1" conditionals="0" coveredconditionals="0" methods="0" coveredmethods="0"/>
        <line num="1" count="2" type="stmt"/>
      </file>
      <file name="big_noodle_titling.ttf" path="/Users/josemanuelbaezsoriano/Desktop/Manolin/pipeline/pipelineApp/assets/fonts/big_noodle_titling.ttf">
        <metrics statements="1" coveredstatements="1" conditionals="0" coveredconditionals="0" methods="0" coveredmethods="0"/>
        <line num="1" count="2" type="stmt"/>
      </file>
    </package>
    <package name="pipelineApp.components">
      <metrics statements="47" coveredstatements="47" conditionals="13" coveredconditionals="13" methods="19" coveredmethods="19"/>
      <file name="dateUtils.js" path="/Users/josemanuelbaezsoriano/Desktop/Manolin/pipeline/pipelineApp/components/dateUtils.js">
        <metrics statements="20" coveredstatements="20" conditionals="7" coveredconditionals="7" methods="4" coveredmethods="4"/>
        <line num="45" count="22" type="stmt"/>
        <line num="47" count="22" type="stmt"/>
        <line num="48" count="62" type="stmt"/>
        <line num="50" count="22" type="stmt"/>
        <line num="52" count="22" type="stmt"/>
        <line num="56" count="4" type="stmt"/>
        <line num="57" count="4" type="stmt"/>
        <line num="58" count="10" type="cond" truecount="2" falsecount="0"/>
        <line num="59" count="6" type="stmt"/>
        <line num="61" count="4" type="stmt"/>
        <line num="66" count="7" type="stmt"/>
        <line num="67" count="7" type="stmt"/>
        <line num="68" count="7" type="stmt"/>
        <line num="70" count="7" type="stmt"/>
        <line num="74" count="5" type="cond" truecount="5" falsecount="0"/>
        <line num="76" count="1" type="stmt"/>
        <line num="78" count="1" type="stmt"/>
        <line num="80" count="1" type="stmt"/>
        <line num="82" count="1" type="stmt"/>
        <line num="84" count="1" type="stmt"/>
      </file>
      <file name="deviceStorage.js" path="/Users/josemanuelbaezsoriano/Desktop/Manolin/pipeline/pipelineApp/components/deviceStorage.js">
        <metrics statements="16" coveredstatements="16" conditionals="2" coveredconditionals="2" methods="13" coveredmethods="13"/>
        <line num="3" count="1" type="stmt"/>
        <line num="5" count="2" type="stmt"/>
        <line num="6" count="2" type="stmt"/>
        <line num="8" count="1" type="stmt"/>
        <line num="11" count="1" type="stmt"/>
        <line num="24" count="3" type="stmt"/>
        <line num="25" count="3" type="stmt"/>
        <line num="27" count="2" type="cond" truecount="2" falsecount="0"/>
        <line num="28" count="1" type="stmt"/>
        <line num="30" count="1" type="stmt"/>
        <line num="34" count="1" type="stmt"/>
        <line num="40" count="2" type="stmt"/>
        <line num="41" count="2" type="stmt"/>
        <line num="42" count="1" type="stmt"/>
        <line num="44" count="1" type="stmt"/>
        <line num="47" count="1" type="stmt"/>
      </file>
      <file name="fetchToAPI.js" path="/Users/josemanuelbaezsoriano/Desktop/Manolin/pipeline/pipelineApp/components/fetchToAPI.js">
        <metrics statements="1" coveredstatements="1" conditionals="0" coveredconditionals="0" methods="1" coveredmethods="1"/>
        <line num="4" count="5" type="stmt"/>
      </file>
      <file name="registerForPush.js" path="/Users/josemanuelbaezsoriano/Desktop/Manolin/pipeline/pipelineApp/components/registerForPush.js">
        <metrics statements="10" coveredstatements="10" conditionals="4" coveredconditionals="4" methods="1" coveredmethods="1"/>
        <line num="4" count="3" type="stmt"/>
        <line num="7" count="3" type="stmt"/>
        <line num="11" count="3" type="cond" truecount="2" falsecount="0"/>
        <line num="14" count="2" type="stmt"/>
        <line num="15" count="2" type="stmt"/>
        <line num="19" count="3" type="cond" truecount="2" falsecount="0"/>
        <line num="20" count="1" type="stmt"/>
        <line num="23" count="2" type="stmt"/>
        <line num="26" count="2" type="stmt"/>
        <line num="29" count="2" type="stmt"/>
      </file>
    </package>
    <package name="pipelineApp.components.chooseChangeComponents">
      <metrics statements="16" coveredstatements="16" conditionals="2" coveredconditionals="2" methods="6" coveredmethods="6"/>
      <file name="pressableTurnColumn.js" path="/Users/josemanuelbaezsoriano/Desktop/Manolin/pipeline/pipelineApp/components/chooseChangeComponents/pressableTurnColumn.js">
        <metrics statements="11" coveredstatements="11" conditionals="2" coveredconditionals="2" methods="3" coveredmethods="3"/>
        <line num="6" count="3" type="stmt"/>
        <line num="11" count="4" type="stmt"/>
        <line num="12" count="4" type="stmt"/>
        <line num="16" count="1" type="stmt"/>
        <line num="17" count="1" type="stmt"/>
        <line num="21" count="3" type="stmt"/>
        <line num="22" count="3" type="stmt"/>
        <line num="24" count="3" type="stmt"/>
        <line num="50" count="3" type="stmt"/>
        <line num="51" count="3" type="stmt"/>
        <line num="57" count="3" type="stmt"/>
      </file>
      <file name="pressableTurnTable.js" path="/Users/josemanuelbaezsoriano/Desktop/Manolin/pipeline/pipelineApp/components/chooseChangeComponents/pressableTurnTable.js">
        <metrics statements="5" coveredstatements="5" conditionals="0" coveredconditionals="0" methods="3" coveredmethods="3"/>
        <line num="9" count="1" type="stmt"/>
        <line num="13" count="1" type="stmt"/>
        <line num="14" count="1" type="stmt"/>
        <line num="15" count="2" type="stmt"/>
        <line num="17" count="1" type="stmt"/>
      </file>
    </package>
    <package name="pipelineApp.components.contactsComponents">
      <metrics statements="28" coveredstatements="28" conditionals="0" coveredconditionals="0" methods="21" coveredmethods="21"/>
      <file name="contactButton.js" path="/Users/josemanuelbaezsoriano/Desktop/Manolin/pipeline/pipelineApp/components/contactsComponents/contactButton.js">
        <metrics statements="9" coveredstatements="9" conditionals="0" coveredconditionals="0" methods="8" coveredmethods="8"/>
        <line num="8" count="9" type="stmt"/>
        <line num="9" count="9" type="stmt"/>
        <line num="13" count="1" type="stmt"/>
        <line num="20" count="1" type="stmt"/>
        <line num="24" count="1" type="stmt"/>
        <line num="28" count="4" type="stmt"/>
        <line num="35" count="7" type="stmt"/>
        <line num="52" count="7" type="stmt"/>
        <line num="61" count="6" type="stmt"/>
      </file>
      <file name="contactCard.js" path="/Users/josemanuelbaezsoriano/Desktop/Manolin/pipeline/pipelineApp/components/contactsComponents/contactCard.js">
        <metrics statements="7" coveredstatements="7" conditionals="0" coveredconditionals="0" methods="4" coveredmethods="4"/>
        <line num="8" count="2" type="stmt"/>
        <line num="9" count="2" type="stmt"/>
        <line num="10" count="2" type="stmt"/>
        <line num="14" count="1" type="stmt"/>
        <line num="18" count="1" type="stmt"/>
        <line num="22" count="1" type="stmt"/>
        <line num="48" count="2" type="stmt"/>
      </file>
      <file name="contactModal.js" path="/Users/josemanuelbaezsoriano/Desktop/Manolin/pipeline/pipelineApp/components/contactsComponents/contactModal.js">
        <metrics statements="3" coveredstatements="3" conditionals="0" coveredconditionals="0" methods="2" coveredmethods="2"/>
        <line num="10" count="2" type="stmt"/>
        <line num="14" count="2" type="stmt"/>
        <line num="40" count="2" type="stmt"/>
      </file>
      <file name="phoneButton.js" path="/Users/josemanuelbaezsoriano/Desktop/Manolin/pipeline/pipelineApp/components/contactsComponents/phoneButton.js">
        <metrics statements="5" coveredstatements="5" conditionals="0" coveredconditionals="0" methods="4" coveredmethods="4"/>
        <line num="7" count="4" type="stmt"/>
        <line num="8" count="4" type="stmt"/>
        <line num="15" count="4" type="stmt"/>
        <line num="19" count="4" type="stmt"/>
        <line num="23" count="4" type="stmt"/>
      </file>
      <file name="whatsButton.js" path="/Users/josemanuelbaezsoriano/Desktop/Manolin/pipeline/pipelineApp/components/contactsComponents/whatsButton.js">
        <metrics statements="4" coveredstatements="4" conditionals="0" coveredconditionals="0" methods="3" coveredmethods="3"/>
        <line num="5" count="4" type="stmt"/>
        <line num="6" count="4" type="stmt"/>
        <line num="13" count="4" type="stmt"/>
        <line num="17" count="4" type="stmt"/>
      </file>
    </package>
    <package name="pipelineApp.components.globalComponents">
      <metrics statements="56" coveredstatements="56" conditionals="20" coveredconditionals="20" methods="19" coveredmethods="19"/>
      <file name="nameColumn.js" path="/Users/josemanuelbaezsoriano/Desktop/Manolin/pipeline/pipelineApp/components/globalComponents/nameColumn.js">
        <metrics statements="7" coveredstatements="7" conditionals="0" coveredconditionals="0" methods="5" coveredmethods="5"/>
        <line num="7" count="5" type="stmt"/>
        <line num="8" count="5" type="stmt"/>
        <line num="9" count="37" type="stmt"/>
        <line num="14" count="5" type="stmt"/>
        <line num="18" count="1" type="stmt"/>
        <line num="19" count="16" type="stmt"/>
        <line num="26" count="3" type="stmt"/>
      </file>
      <file name="turnColumn.js" path="/Users/josemanuelbaezsoriano/Desktop/Manolin/pipeline/pipelineApp/components/globalComponents/turnColumn.js">
        <metrics statements="22" coveredstatements="22" conditionals="10" coveredconditionals="10" methods="5" coveredmethods="5"/>
        <line num="5" count="6" type="stmt"/>
        <line num="10" count="14" type="stmt"/>
        <line num="11" count="14" type="stmt"/>
        <line num="15" count="81" type="cond" truecount="2" falsecount="0"/>
        <line num="16" count="1" type="stmt"/>
        <line num="17" count="80" type="cond" truecount="2" falsecount="0"/>
        <line num="18" count="23" type="stmt"/>
        <line num="19" count="57" type="cond" truecount="2" falsecount="0"/>
        <line num="20" count="34" type="stmt"/>
        <line num="21" count="23" type="stmt"/>
        <line num="25" count="8" type="stmt"/>
        <line num="29" count="7" type="stmt"/>
        <line num="31" count="7" type="stmt"/>
        <line num="32" count="77" type="stmt"/>
        <line num="33" count="77" type="stmt"/>
        <line num="39" count="7" type="stmt"/>
        <line num="43" count="3" type="stmt"/>
        <line num="44" count="3" type="stmt"/>
        <line num="46" count="3" type="stmt"/>
        <line num="72" count="6" type="stmt"/>
        <line num="73" count="6" type="stmt"/>
        <line num="79" count="6" type="stmt"/>
      </file>
      <file name="turnTable.js" path="/Users/josemanuelbaezsoriano/Desktop/Manolin/pipeline/pipelineApp/components/globalComponents/turnTable.js">
        <metrics statements="27" coveredstatements="27" conditionals="10" coveredconditionals="10" methods="9" coveredmethods="9"/>
        <line num="4" count="4" type="stmt"/>
        <line num="8" count="4" type="stmt"/>
        <line num="13" count="7" type="stmt"/>
        <line num="14" count="7" type="stmt"/>
        <line num="19" count="7" type="stmt"/>
        <line num="21" count="7" type="stmt"/>
        <line num="23" count="7" type="stmt"/>
        <line num="28" count="1" type="stmt"/>
        <line num="32" count="13" type="stmt"/>
        <line num="38" count="6" type="cond" truecount="4" falsecount="0"/>
        <line num="39" count="4" type="stmt"/>
        <line num="40" count="4" type="stmt"/>
        <line num="41" count="4" type="stmt"/>
        <line num="42" count="4" type="stmt"/>
        <line num="43" count="4" type="stmt"/>
        <line num="45" count="4" type="cond" truecount="2" falsecount="0"/>
        <line num="46" count="2" type="stmt"/>
        <line num="49" count="4" type="cond" truecount="4" falsecount="0"/>
        <line num="50" count="1" type="stmt"/>
        <line num="60" count="1" type="stmt"/>
        <line num="61" count="1" type="stmt"/>
        <line num="62" count="11" type="stmt"/>
        <line num="64" count="1" type="stmt"/>
        <line num="72" count="3" type="stmt"/>
        <line num="75" count="3" type="stmt"/>
        <line num="82" count="39" type="stmt"/>
        <line num="89" count="4" type="stmt"/>
      </file>
    </package>
    <package name="pipelineApp.components.homeComponents">
      <metrics statements="54" coveredstatements="54" conditionals="22" coveredconditionals="22" methods="23" coveredmethods="23"/>
      <file name="areYouSureModal.js" path="/Users/josemanuelbaezsoriano/Desktop/Manolin/pipeline/pipelineApp/components/homeComponents/areYouSureModal.js">
        <metrics statements="5" coveredstatements="5" conditionals="0" coveredconditionals="0" methods="3" coveredmethods="3"/>
        <line num="9" count="4" type="stmt"/>
        <line num="10" count="4" type="stmt"/>
        <line num="14" count="1" type="stmt"/>
        <line num="18" count="4" type="stmt"/>
        <line num="44" count="3" type="stmt"/>
      </file>
      <file name="askChangeModal.js" path="/Users/josemanuelbaezsoriano/Desktop/Manolin/pipeline/pipelineApp/components/homeComponents/askChangeModal.js">
        <metrics statements="8" coveredstatements="8" conditionals="0" coveredconditionals="0" methods="4" coveredmethods="4"/>
        <line num="6" count="2" type="stmt"/>
        <line num="11" count="3" type="stmt"/>
        <line num="12" count="3" type="stmt"/>
        <line num="13" count="3" type="stmt"/>
        <line num="17" count="1" type="stmt"/>
        <line num="21" count="1" type="stmt"/>
        <line num="25" count="2" type="stmt"/>
        <line num="54" count="2" type="stmt"/>
      </file>
      <file name="confirmModal.js" path="/Users/josemanuelbaezsoriano/Desktop/Manolin/pipeline/pipelineApp/components/homeComponents/confirmModal.js">
        <metrics statements="3" coveredstatements="3" conditionals="0" coveredconditionals="0" methods="2" coveredmethods="2"/>
        <line num="9" count="2" type="stmt"/>
        <line num="13" count="3" type="stmt"/>
        <line num="37" count="2" type="stmt"/>
      </file>
      <file name="turnDeck.js" path="/Users/josemanuelbaezsoriano/Desktop/Manolin/pipeline/pipelineApp/components/homeComponents/turnDeck.js">
        <metrics statements="20" coveredstatements="20" conditionals="12" coveredconditionals="12" methods="9" coveredmethods="9"/>
        <line num="7" count="3" type="stmt"/>
        <line num="11" count="8" type="stmt"/>
        <line num="12" count="8" type="stmt"/>
        <line num="16" count="8" type="stmt"/>
        <line num="21" count="2" type="stmt"/>
        <line num="25" count="21" type="stmt"/>
        <line num="29" count="6" type="stmt"/>
        <line num="30" count="6" type="cond" truecount="4" falsecount="0"/>
        <line num="31" count="4" type="stmt"/>
        <line num="32" count="4" type="stmt"/>
        <line num="33" count="4" type="cond" truecount="2" falsecount="0"/>
        <line num="34" count="1" type="stmt"/>
        <line num="37" count="4" type="cond" truecount="4" falsecount="0"/>
        <line num="38" count="1" type="stmt"/>
        <line num="47" count="9" type="stmt"/>
        <line num="55" count="1" type="stmt"/>
        <line num="57" count="12" type="stmt"/>
        <line num="61" count="1" type="stmt"/>
        <line num="62" count="65" type="stmt"/>
        <line num="73" count="3" type="stmt"/>
      </file>
      <file name="turnViewWithDate.js" path="/Users/josemanuelbaezsoriano/Desktop/Manolin/pipeline/pipelineApp/components/homeComponents/turnViewWithDate.js">
        <metrics statements="18" coveredstatements="18" conditionals="10" coveredconditionals="10" methods="5" coveredmethods="5"/>
        <line num="8" count="11" type="stmt"/>
        <line num="9" count="11" type="stmt"/>
        <line num="10" count="11" type="stmt"/>
        <line num="14" count="8" type="cond" truecount="2" falsecount="0"/>
        <line num="15" count="1" type="stmt"/>
        <line num="16" count="7" type="cond" truecount="2" falsecount="0"/>
        <line num="17" count="4" type="stmt"/>
        <line num="18" count="3" type="cond" truecount="2" falsecount="0"/>
        <line num="19" count="1" type="stmt"/>
        <line num="20" count="2" type="stmt"/>
        <line num="24" count="6" type="stmt"/>
        <line num="28" count="1" type="stmt"/>
        <line num="32" count="4" type="stmt"/>
        <line num="33" count="4" type="stmt"/>
        <line num="60" count="4" type="stmt"/>
        <line num="61" count="4" type="stmt"/>
        <line num="62" count="4" type="stmt"/>
        <line num="68" count="4" type="stmt"/>
      </file>
    </package>
    <package name="pipelineApp.components.homeComponents.buttons">
      <metrics statements="16" coveredstatements="16" conditionals="0" coveredconditionals="0" methods="8" coveredmethods="8"/>
      <file name="globalButton.js" path="/Users/josemanuelbaezsoriano/Desktop/Manolin/pipeline/pipelineApp/components/homeComponents/buttons/globalButton.js">
        <metrics statements="3" coveredstatements="3" conditionals="0" coveredconditionals="0" methods="2" coveredmethods="2"/>
        <line num="10" count="4" type="stmt"/>
        <line num="14" count="5" type="stmt"/>
        <line num="33" count="3" type="stmt"/>
      </file>
      <file name="midBlueButton.js" path="/Users/josemanuelbaezsoriano/Desktop/Manolin/pipeline/pipelineApp/components/homeComponents/buttons/midBlueButton.js">
        <metrics statements="3" coveredstatements="3" conditionals="0" coveredconditionals="0" methods="2" coveredmethods="2"/>
        <line num="8" count="4" type="stmt"/>
        <line num="12" count="5" type="stmt"/>
        <line num="27" count="3" type="stmt"/>
      </file>
      <file name="midYellowButton.js" path="/Users/josemanuelbaezsoriano/Desktop/Manolin/pipeline/pipelineApp/components/homeComponents/buttons/midYellowButton.js">
        <metrics statements="3" coveredstatements="3" conditionals="0" coveredconditionals="0" methods="2" coveredmethods="2"/>
        <line num="9" count="4" type="stmt"/>
        <line num="13" count="5" type="stmt"/>
        <line num="28" count="3" type="stmt"/>
      </file>
      <file name="modalButton.js" path="/Users/josemanuelbaezsoriano/Desktop/Manolin/pipeline/pipelineApp/components/homeComponents/buttons/modalButton.js">
        <metrics statements="7" coveredstatements="7" conditionals="0" coveredconditionals="0" methods="2" coveredmethods="2"/>
        <line num="5" count="4" type="stmt"/>
        <line num="28" count="14" type="stmt"/>
        <line num="29" count="14" type="stmt"/>
        <line num="33" count="17" type="stmt"/>
        <line num="34" count="17" type="stmt"/>
        <line num="39" count="17" type="stmt"/>
        <line num="55" count="4" type="stmt"/>
      </file>
    </package>
    <package name="pipelineApp.components.homeComponents.changes">
      <metrics statements="57" coveredstatements="57" conditionals="14" coveredconditionals="14" methods="24" coveredmethods="24"/>
      <file name="changeBox.js" path="/Users/josemanuelbaezsoriano/Desktop/Manolin/pipeline/pipelineApp/components/homeComponents/changes/changeBox.js">
        <metrics statements="12" coveredstatements="12" conditionals="0" coveredconditionals="0" methods="7" coveredmethods="7"/>
        <line num="6" count="7" type="stmt"/>
        <line num="11" count="7" type="stmt"/>
        <line num="12" count="7" type="stmt"/>
        <line num="13" count="7" type="stmt"/>
        <line num="17" count="2" type="stmt"/>
        <line num="21" count="1" type="stmt"/>
        <line num="25" count="4" type="stmt"/>
        <line num="29" count="4" type="stmt"/>
        <line num="33" count="8" type="stmt"/>
        <line num="37" count="4" type="stmt"/>
        <line num="39" count="4" type="stmt"/>
        <line num="81" count="7" type="stmt"/>
      </file>
      <file name="changeView.js" path="/Users/josemanuelbaezsoriano/Desktop/Manolin/pipeline/pipelineApp/components/homeComponents/changes/changeView.js">
        <metrics statements="16" coveredstatements="16" conditionals="8" coveredconditionals="8" methods="4" coveredmethods="4"/>
        <line num="6" count="3" type="stmt"/>
        <line num="13" count="4" type="stmt"/>
        <line num="14" count="4" type="stmt"/>
        <line num="18" count="3" type="stmt"/>
        <line num="19" count="3" type="cond" truecount="2" falsecount="0"/>
        <line num="20" count="1" type="stmt"/>
        <line num="21" count="2" type="cond" truecount="2" falsecount="0"/>
        <line num="22" count="1" type="stmt"/>
        <line num="23" count="1" type="stmt"/>
        <line num="27" count="1" type="stmt"/>
        <line num="31" count="3" type="cond" truecount="2" falsecount="0"/>
        <line num="32" count="1" type="stmt"/>
        <line num="38" count="2" type="cond" truecount="2" falsecount="0"/>
        <line num="39" count="1" type="stmt"/>
        <line num="46" count="1" type="stmt"/>
        <line num="51" count="3" type="stmt"/>
      </file>
      <file name="changesQueue.js" path="/Users/josemanuelbaezsoriano/Desktop/Manolin/pipeline/pipelineApp/components/homeComponents/changes/changesQueue.js">
        <metrics statements="26" coveredstatements="26" conditionals="6" coveredconditionals="6" methods="10" coveredmethods="10"/>
        <line num="9" count="4" type="stmt"/>
        <line num="10" count="4" type="stmt"/>
        <line num="15" count="4" type="stmt"/>
        <line num="16" count="4" type="stmt"/>
        <line num="17" count="1" type="stmt"/>
        <line num="20" count="4" type="stmt"/>
        <line num="21" count="4" type="stmt"/>
        <line num="25" count="8" type="stmt"/>
        <line num="26" count="8" type="stmt"/>
        <line num="34" count="3" type="stmt"/>
        <line num="36" count="3" type="cond" truecount="2" falsecount="0"/>
        <line num="37" count="2" type="stmt"/>
        <line num="41" count="2" type="stmt"/>
        <line num="43" count="1" type="stmt"/>
        <line num="47" count="1" type="stmt"/>
        <line num="51" count="1" type="stmt"/>
        <line num="55" count="1" type="stmt"/>
        <line num="60" count="7" type="stmt"/>
        <line num="64" count="1" type="stmt"/>
        <line num="68" count="1" type="stmt"/>
        <line num="77" count="5" type="cond" truecount="2" falsecount="0"/>
        <line num="78" count="3" type="stmt"/>
        <line num="79" count="2" type="cond" truecount="2" falsecount="0"/>
        <line num="80" count="1" type="stmt"/>
        <line num="82" count="1" type="stmt"/>
        <line num="96" count="2" type="stmt"/>
      </file>
      <file name="freeBox.js" path="/Users/josemanuelbaezsoriano/Desktop/Manolin/pipeline/pipelineApp/components/homeComponents/changes/freeBox.js">
        <metrics statements="3" coveredstatements="3" conditionals="0" coveredconditionals="0" methods="3" coveredmethods="3"/>
        <line num="5" count="3" type="stmt"/>
        <line num="9" count="2" type="stmt"/>
        <line num="13" count="1" type="stmt"/>
      </file>
    </package>
    <package name="pipelineApp.components.loginComponents">
      <metrics statements="8" coveredstatements="8" conditionals="0" coveredconditionals="0" methods="6" coveredmethods="6"/>
      <file name="inputComponent.js" path="/Users/josemanuelbaezsoriano/Desktop/Manolin/pipeline/pipelineApp/components/loginComponents/inputComponent.js">
        <metrics statements="4" coveredstatements="4" conditionals="0" coveredconditionals="0" methods="3" coveredmethods="3"/>
        <line num="6" count="14" type="stmt"/>
        <line num="10" count="18" type="stmt"/>
        <line num="13" count="3" type="stmt"/>
        <line num="20" count="3" type="stmt"/>
      </file>
      <file name="primaryButtonComponent.js" path="/Users/josemanuelbaezsoriano/Desktop/Manolin/pipeline/pipelineApp/components/loginComponents/primaryButtonComponent.js">
        <metrics statements="4" coveredstatements="4" conditionals="0" coveredconditionals="0" methods="3" coveredmethods="3"/>
        <line num="9" count="8" type="stmt"/>
        <line num="13" count="10" type="stmt"/>
        <line num="14" count="2" type="stmt"/>
        <line num="29" count="3" type="stmt"/>
      </file>
    </package>
    <package name="pipelineApp.components.myChangesComponents">
      <metrics statements="26" coveredstatements="26" conditionals="8" coveredconditionals="8" methods="14" coveredmethods="14"/>
      <file name="purposalView.js" path="/Users/josemanuelbaezsoriano/Desktop/Manolin/pipeline/pipelineApp/components/myChangesComponents/purposalView.js">
        <metrics statements="5" coveredstatements="5" conditionals="0" coveredconditionals="0" methods="5" coveredmethods="5"/>
        <line num="5" count="1" type="stmt"/>
        <line num="9" count="1" type="stmt"/>
        <line num="13" count="1" type="stmt"/>
        <line num="17" count="1" type="stmt"/>
        <line num="20" count="1" type="stmt"/>
      </file>
      <file name="purposalsQueue.js" path="/Users/josemanuelbaezsoriano/Desktop/Manolin/pipeline/pipelineApp/components/myChangesComponents/purposalsQueue.js">
        <metrics statements="21" coveredstatements="21" conditionals="8" coveredconditionals="8" methods="9" coveredmethods="9"/>
        <line num="6" count="2" type="stmt"/>
        <line num="10" count="3" type="stmt"/>
        <line num="11" count="3" type="stmt"/>
        <line num="12" count="3" type="stmt"/>
        <line num="13" count="3" type="stmt"/>
        <line num="15" count="6" type="cond" truecount="2" falsecount="0"/>
        <line num="19" count="3" type="stmt"/>
        <line num="20" count="3" type="stmt"/>
        <line num="21" count="6" type="cond" truecount="2" falsecount="0"/>
        <line num="22" count="4" type="stmt"/>
        <line num="35" count="5" type="stmt"/>
        <line num="37" count="5" type="stmt"/>
        <line num="41" count="1" type="stmt"/>
        <line num="45" count="1" type="stmt"/>
        <line num="56" count="1" type="stmt"/>
        <line num="60" count="2" type="cond" truecount="2" falsecount="0"/>
        <line num="61" count="1" type="stmt"/>
        <line num="70" count="2" type="cond" truecount="2" falsecount="0"/>
        <line num="71" count="1" type="stmt"/>
        <line num="76" count="1" type="stmt"/>
        <line num="89" count="2" type="stmt"/>
      </file>
    </package>
    <package name="pipelineApp.mockedData">
      <metrics statements="1" coveredstatements="1" conditionals="0" coveredconditionals="0" methods="0" coveredmethods="0"/>
      <file name="mockedNurse.js" path="/Users/josemanuelbaezsoriano/Desktop/Manolin/pipeline/pipelineApp/mockedData/mockedNurse.js">
        <metrics statements="1" coveredstatements="1" conditionals="0" coveredconditionals="0" methods="0" coveredmethods="0"/>
        <line num="1" count="5" type="stmt"/>
      </file>
    </package>
    <package name="pipelineApp.screens">
      <metrics statements="216" coveredstatements="135" conditionals="50" coveredconditionals="36" methods="93" coveredmethods="57"/>
      <file name="chooseChangeScreen.js" path="/Users/josemanuelbaezsoriano/Desktop/Manolin/pipeline/pipelineApp/screens/chooseChangeScreen.js">
        <metrics statements="37" coveredstatements="3" conditionals="6" coveredconditionals="0" methods="16" coveredmethods="0"/>
        <line num="14" count="1" type="stmt"/>
        <line num="15" count="1" type="stmt"/>
        <line num="19" count="0" type="stmt"/>
        <line num="20" count="0" type="stmt"/>
        <line num="21" count="0" type="stmt"/>
        <line num="22" count="0" type="stmt"/>
        <line num="23" count="0" type="stmt"/>
        <line num="24" count="0" type="stmt"/>
        <line num="37" count="0" type="stmt"/>
        <line num="38" count="0" type="stmt"/>
        <line num="39" count="0" type="stmt"/>
        <line num="40" count="0" type="stmt"/>
        <line num="41" count="0" type="stmt"/>
        <line num="45" count="0" type="stmt"/>
        <line num="46" count="0" type="stmt"/>
        <line num="54" count="0" type="stmt"/>
        <line num="56" count="0" type="stmt"/>
        <line num="57" count="0" type="stmt"/>
        <line num="64" count="0" type="stmt"/>
        <line num="71" count="0" type="stmt"/>
        <line num="76" count="0" type="stmt"/>
        <line num="82" count="0" type="stmt"/>
        <line num="86" count="0" type="stmt"/>
        <line num="92" count="0" type="stmt"/>
        <line num="93" count="0" type="stmt"/>
        <line num="97" count="0" type="stmt"/>
        <line num="105" count="0" type="stmt"/>
        <line num="113" count="0" type="stmt"/>
        <line num="115" count="0" type="stmt"/>
        <line num="124" count="0" type="stmt"/>
        <line num="130" count="0" type="cond" truecount="0" falsecount="2"/>
        <line num="131" count="0" type="stmt"/>
        <line num="140" count="0" type="cond" truecount="0" falsecount="2"/>
        <line num="141" count="0" type="stmt"/>
        <line num="148" count="0" type="stmt"/>
        <line num="169" count="0" type="stmt"/>
        <line num="187" count="1" type="stmt"/>
      </file>
      <file name="contactsScreen.js" path="/Users/josemanuelbaezsoriano/Desktop/Manolin/pipeline/pipelineApp/screens/contactsScreen.js">
        <metrics statements="27" coveredstatements="1" conditionals="8" coveredconditionals="0" methods="11" coveredmethods="0"/>
        <line num="11" count="0" type="stmt"/>
        <line num="12" count="0" type="stmt"/>
        <line num="13" count="0" type="stmt"/>
        <line num="14" count="0" type="stmt"/>
        <line num="21" count="0" type="stmt"/>
        <line num="22" count="0" type="stmt"/>
        <line num="23" count="0" type="stmt"/>
        <line num="27" count="0" type="stmt"/>
        <line num="31" count="0" type="stmt"/>
        <line num="32" count="0" type="stmt"/>
        <line num="39" count="0" type="stmt"/>
        <line num="46" count="0" type="stmt"/>
        <line num="54" count="0" type="stmt"/>
        <line num="56" count="0" type="cond" truecount="0" falsecount="2"/>
        <line num="57" count="0" type="stmt"/>
        <line num="58" count="0" type="stmt"/>
        <line num="64" count="0" type="stmt"/>
        <line num="71" count="0" type="stmt"/>
        <line num="75" count="0" type="cond" truecount="0" falsecount="2"/>
        <line num="76" count="0" type="stmt"/>
        <line num="78" count="0" type="stmt"/>
        <line num="88" count="0" type="cond" truecount="0" falsecount="2"/>
        <line num="89" count="0" type="stmt"/>
        <line num="96" count="0" type="cond" truecount="0" falsecount="2"/>
        <line num="97" count="0" type="stmt"/>
        <line num="104" count="0" type="stmt"/>
        <line num="123" count="1" type="stmt"/>
      </file>
      <file name="globalScreen.js" path="/Users/josemanuelbaezsoriano/Desktop/Manolin/pipeline/pipelineApp/screens/globalScreen.js">
        <metrics statements="16" coveredstatements="16" conditionals="6" coveredconditionals="6" methods="8" coveredmethods="8"/>
        <line num="9" count="2" type="stmt"/>
        <line num="13" count="6" type="stmt"/>
        <line num="14" count="6" type="stmt"/>
        <line num="22" count="7" type="stmt"/>
        <line num="23" count="5" type="stmt"/>
        <line num="31" count="1" type="stmt"/>
        <line num="33" count="1" type="stmt"/>
        <line num="39" count="4" type="stmt"/>
        <line num="46" count="7" type="stmt"/>
        <line num="50" count="12" type="cond" truecount="2" falsecount="0"/>
        <line num="51" count="4" type="stmt"/>
        <line num="58" count="8" type="cond" truecount="2" falsecount="0"/>
        <line num="59" count="5" type="stmt"/>
        <line num="66" count="3" type="stmt"/>
        <line num="76" count="1" type="stmt"/>
        <line num="84" count="2" type="stmt"/>
      </file>
      <file name="homeScreen.js" path="/Users/josemanuelbaezsoriano/Desktop/Manolin/pipeline/pipelineApp/screens/homeScreen.js">
        <metrics statements="63" coveredstatements="63" conditionals="8" coveredconditionals="8" methods="26" coveredmethods="26"/>
        <line num="19" count="2" type="stmt"/>
        <line num="24" count="12" type="stmt"/>
        <line num="25" count="12" type="stmt"/>
        <line num="39" count="12" type="stmt"/>
        <line num="40" count="12" type="stmt"/>
        <line num="41" count="12" type="stmt"/>
        <line num="42" count="12" type="stmt"/>
        <line num="43" count="12" type="stmt"/>
        <line num="44" count="1" type="stmt"/>
        <line num="49" count="12" type="stmt"/>
        <line num="50" count="12" type="stmt"/>
        <line num="51" count="12" type="stmt"/>
        <line num="52" count="12" type="stmt"/>
        <line num="53" count="12" type="stmt"/>
        <line num="54" count="12" type="stmt"/>
        <line num="55" count="12" type="stmt"/>
        <line num="56" count="12" type="stmt"/>
        <line num="57" count="12" type="stmt"/>
        <line num="58" count="12" type="stmt"/>
        <line num="60" count="12" type="stmt"/>
        <line num="61" count="12" type="stmt"/>
        <line num="62" count="12" type="stmt"/>
        <line num="66" count="8" type="stmt"/>
        <line num="74" count="6" type="stmt"/>
        <line num="76" count="6" type="cond" truecount="2" falsecount="0"/>
        <line num="77" count="5" type="stmt"/>
        <line num="80" count="6" type="stmt"/>
        <line num="86" count="1" type="stmt"/>
        <line num="93" count="5" type="stmt"/>
        <line num="97" count="1" type="stmt"/>
        <line num="109" count="1" type="stmt"/>
        <line num="110" count="1" type="stmt"/>
        <line num="111" count="1" type="stmt"/>
        <line num="115" count="1" type="stmt"/>
        <line num="127" count="1" type="stmt"/>
        <line num="128" count="1" type="stmt"/>
        <line num="129" count="1" type="stmt"/>
        <line num="133" count="1" type="stmt"/>
        <line num="138" count="1" type="stmt"/>
        <line num="139" count="1" type="stmt"/>
        <line num="143" count="1" type="stmt"/>
        <line num="151" count="1" type="stmt"/>
        <line num="155" count="1" type="stmt"/>
        <line num="163" count="1" type="stmt"/>
        <line num="165" count="1" type="stmt"/>
        <line num="166" count="1" type="stmt"/>
        <line num="170" count="1" type="stmt"/>
        <line num="178" count="1" type="stmt"/>
        <line num="189" count="1" type="stmt"/>
        <line num="195" count="1" type="stmt"/>
        <line num="201" count="1" type="stmt"/>
        <line num="202" count="1" type="stmt"/>
        <line num="206" count="12" type="stmt"/>
        <line num="210" count="1" type="stmt"/>
        <line num="217" count="3" type="cond" truecount="2" falsecount="0"/>
        <line num="218" count="1" type="stmt"/>
        <line num="228" count="1" type="stmt"/>
        <line num="236" count="7" type="cond" truecount="2" falsecount="0"/>
        <line num="237" count="1" type="stmt"/>
        <line num="242" count="6" type="cond" truecount="2" falsecount="0"/>
        <line num="243" count="3" type="stmt"/>
        <line num="249" count="3" type="stmt"/>
        <line num="291" count="2" type="stmt"/>
      </file>
      <file name="loginScreen.js" path="/Users/josemanuelbaezsoriano/Desktop/Manolin/pipeline/pipelineApp/screens/loginScreen.js">
        <metrics statements="50" coveredstatements="50" conditionals="22" coveredconditionals="22" methods="23" coveredmethods="23"/>
        <line num="13" count="2" type="stmt"/>
        <line num="14" count="2" type="stmt"/>
        <line num="19" count="19" type="stmt"/>
        <line num="20" count="19" type="stmt"/>
        <line num="26" count="19" type="stmt"/>
        <line num="30" count="7" type="stmt"/>
        <line num="36" count="7" type="stmt"/>
        <line num="43" count="6" type="cond" truecount="2" falsecount="0"/>
        <line num="44" count="1" type="stmt"/>
        <line num="49" count="5" type="stmt"/>
        <line num="61" count="4" type="stmt"/>
        <line num="64" count="4" type="cond" truecount="2" falsecount="0"/>
        <line num="65" count="1" type="stmt"/>
        <line num="69" count="1" type="stmt"/>
        <line num="70" count="3" type="cond" truecount="2" falsecount="0"/>
        <line num="71" count="1" type="stmt"/>
        <line num="77" count="3" type="stmt"/>
        <line num="80" count="3" type="stmt"/>
        <line num="90" count="3" type="stmt"/>
        <line num="94" count="2" type="cond" truecount="2" falsecount="0"/>
        <line num="95" count="1" type="stmt"/>
        <line num="101" count="1" type="stmt"/>
        <line num="112" count="4" type="stmt"/>
        <line num="114" count="4" type="cond" truecount="2" falsecount="0"/>
        <line num="115" count="3" type="stmt"/>
        <line num="116" count="3" type="stmt"/>
        <line num="125" count="1" type="stmt"/>
        <line num="129" count="3" type="stmt"/>
        <line num="132" count="3" type="cond" truecount="2" falsecount="0"/>
        <line num="133" count="1" type="stmt"/>
        <line num="145" count="1" type="stmt"/>
        <line num="157" count="1" type="stmt"/>
        <line num="161" count="10" type="stmt"/>
        <line num="163" count="10" type="cond" truecount="4" falsecount="0"/>
        <line num="164" count="2" type="stmt"/>
        <line num="168" count="2" type="stmt"/>
        <line num="169" count="8" type="cond" truecount="4" falsecount="0"/>
        <line num="170" count="2" type="stmt"/>
        <line num="174" count="2" type="stmt"/>
        <line num="177" count="6" type="stmt"/>
        <line num="181" count="16" type="cond" truecount="2" falsecount="0"/>
        <line num="182" count="10" type="stmt"/>
        <line num="195" count="1" type="stmt"/>
        <line num="201" count="1" type="stmt"/>
        <line num="206" count="1" type="stmt"/>
        <line num="221" count="1" type="stmt"/>
        <line num="229" count="6" type="stmt"/>
        <line num="238" count="1" type="stmt"/>
        <line num="247" count="1" type="stmt"/>
        <line num="256" count="1" type="stmt"/>
      </file>
      <file name="myChangesScreen.js" path="/Users/josemanuelbaezsoriano/Desktop/Manolin/pipeline/pipelineApp/screens/myChangesScreen.js">
        <metrics statements="23" coveredstatements="2" conditionals="0" coveredconditionals="0" methods="9" coveredmethods="0"/>
        <line num="8" count="1" type="stmt"/>
        <line num="12" count="0" type="stmt"/>
        <line num="13" count="0" type="stmt"/>
        <line num="14" count="0" type="stmt"/>
        <line num="15" count="0" type="stmt"/>
        <line num="16" count="0" type="stmt"/>
        <line num="27" count="0" type="stmt"/>
        <line num="28" count="0" type="stmt"/>
        <line num="29" count="0" type="stmt"/>
        <line num="30" count="0" type="stmt"/>
        <line num="31" count="0" type="stmt"/>
        <line num="32" count="0" type="stmt"/>
        <line num="36" count="0" type="stmt"/>
        <line num="41" count="0" type="stmt"/>
        <line num="46" count="0" type="stmt"/>
        <line num="55" count="0" type="stmt"/>
        <line num="64" count="0" type="stmt"/>
        <line num="65" count="0" type="stmt"/>
        <line num="66" count="0" type="stmt"/>
        <line num="73" count="0" type="stmt"/>
        <line num="80" count="0" type="stmt"/>
        <line num="86" count="0" type="stmt"/>
        <line num="108" count="1" type="stmt"/>
      </file>
    </package>
    <package name="pipelineApp.styles">
      <metrics statements="3" coveredstatements="3" conditionals="0" coveredconditionals="0" methods="0" coveredmethods="0"/>
      <file name="layoutStyle.js" path="/Users/josemanuelbaezsoriano/Desktop/Manolin/pipeline/pipelineApp/styles/layoutStyle.js">
        <metrics statements="3" coveredstatements="3" conditionals="0" coveredconditionals="0" methods="0" coveredmethods="0"/>
        <line num="4" count="25" type="stmt"/>
        <line num="5" count="25" type="stmt"/>
        <line num="10" count="25" type="stmt"/>
      </file>
      <file name="loginBoxStyle.js" path="/Users/josemanuelbaezsoriano/Desktop/Manolin/pipeline/pipelineApp/styles/loginBoxStyle.js">
        <metrics statements="0" coveredstatements="0" conditionals="0" coveredconditionals="0" methods="0" coveredmethods="0"/>
      </file>
    </package>
  </project>
</coverage>
