{"/Users/josemanuelbaezsoriano/Desktop/Manolin/pipeline/pipelineApp/config.js": {"path":"/Users/josemanuelbaezsoriano/Desktop/Manolin/pipeline/pipelineApp/config.js","statementMap":{"0":{"start":{"line":1,"column":0},"end":{"line":1,"column":57}}},"fnMap":{},"branchMap":{},"s":{"0":1},"f":{},"b":{},"_coverageSchema":"43e27e138ebf9cfc5966b082cf9a028302ed4184","hash":"944b2a5d79d973112a4f7683ea9f6e22fd52e928"}
,"/Users/josemanuelbaezsoriano/Desktop/Manolin/pipeline/pipelineApp/assets/calendar.png": {"path":"/Users/josemanuelbaezsoriano/Desktop/Manolin/pipeline/pipelineApp/assets/calendar.png","statementMap":{"0":{"start":{"line":1,"column":0},"end":{"line":1,"column":19}}},"fnMap":{},"branchMap":{},"s":{"0":2},"f":{},"b":{},"_coverageSchema":"43e27e138ebf9cfc5966b082cf9a028302ed4184","hash":"461bd4935ded887405ef4784123fc6232b3eed5e"}
,"/Users/josemanuelbaezsoriano/Desktop/Manolin/pipeline/pipelineApp/components/deviceStorage.js": {"path":"/Users/josemanuelbaezsoriano/Desktop/Manolin/pipeline/pipelineApp/components/deviceStorage.js","statementMap":{"0":{"start":{"line":3,"column":22},"end":{"line":51,"column":1}},"1":{"start":{"line":5,"column":8},"end":{"line":13,"column":10}},"2":{"start":{"line":6,"column":12},"end":{"line":12,"column":14}},"3":{"start":{"line":8,"column":16},"end":{"line":8,"column":26}},"4":{"start":{"line":11,"column":16},"end":{"line":11,"column":28}},"5":{"start":{"line":24,"column":8},"end":{"line":36,"column":10}},"6":{"start":{"line":25,"column":12},"end":{"line":35,"column":14}},"7":{"start":{"line":27,"column":16},"end":{"line":31,"column":17}},"8":{"start":{"line":28,"column":20},"end":{"line":28,"column":35}},"9":{"start":{"line":30,"column":20},"end":{"line":30,"column":35}},"10":{"start":{"line":34,"column":16},"end":{"line":34,"column":28}},"11":{"start":{"line":40,"column":8},"end":{"line":49,"column":10}},"12":{"start":{"line":41,"column":12},"end":{"line":48,"column":15}},"13":{"start":{"line":42,"column":25},"end":{"line":42,"column":60}},"14":{"start":{"line":44,"column":16},"end":{"line":44,"column":26}},"15":{"start":{"line":47,"column":16},"end":{"line":47,"column":28}}},"fnMap":{"0":{"name":"(anonymous_0)","decl":{"start":{"line":4,"column":4},"end":{"line":4,"column":5}},"loc":{"start":{"line":4,"column":25},"end":{"line":14,"column":5}},"line":4},"1":{"name":"(anonymous_1)","decl":{"start":{"line":5,"column":27},"end":{"line":5,"column":28}},"loc":{"start":{"line":5,"column":48},"end":{"line":13,"column":9}},"line":5},"2":{"name":"(anonymous_2)","decl":{"start":{"line":7,"column":18},"end":{"line":7,"column":19}},"loc":{"start":{"line":7,"column":24},"end":{"line":9,"column":13}},"line":7},"3":{"name":"(anonymous_3)","decl":{"start":{"line":10,"column":19},"end":{"line":10,"column":20}},"loc":{"start":{"line":10,"column":28},"end":{"line":12,"column":13}},"line":10},"4":{"name":"(anonymous_4)","decl":{"start":{"line":23,"column":4},"end":{"line":23,"column":5}},"loc":{"start":{"line":23,"column":20},"end":{"line":37,"column":5}},"line":23},"5":{"name":"(anonymous_5)","decl":{"start":{"line":24,"column":27},"end":{"line":24,"column":28}},"loc":{"start":{"line":24,"column":48},"end":{"line":36,"column":9}},"line":24},"6":{"name":"(anonymous_6)","decl":{"start":{"line":26,"column":18},"end":{"line":26,"column":19}},"loc":{"start":{"line":26,"column":29},"end":{"line":32,"column":13}},"line":26},"7":{"name":"(anonymous_7)","decl":{"start":{"line":33,"column":19},"end":{"line":33,"column":20}},"loc":{"start":{"line":33,"column":28},"end":{"line":35,"column":13}},"line":33},"8":{"name":"(anonymous_8)","decl":{"start":{"line":39,"column":4},"end":{"line":39,"column":5}},"loc":{"start":{"line":39,"column":22},"end":{"line":50,"column":5}},"line":39},"9":{"name":"(anonymous_9)","decl":{"start":{"line":40,"column":27},"end":{"line":40,"column":28}},"loc":{"start":{"line":40,"column":48},"end":{"line":49,"column":9}},"line":40},"10":{"name":"(anonymous_10)","decl":{"start":{"line":42,"column":19},"end":{"line":42,"column":20}},"loc":{"start":{"line":42,"column":25},"end":{"line":42,"column":60}},"line":42},"11":{"name":"(anonymous_11)","decl":{"start":{"line":43,"column":19},"end":{"line":43,"column":20}},"loc":{"start":{"line":43,"column":25},"end":{"line":45,"column":13}},"line":43},"12":{"name":"(anonymous_12)","decl":{"start":{"line":46,"column":20},"end":{"line":46,"column":21}},"loc":{"start":{"line":46,"column":29},"end":{"line":48,"column":13}},"line":46}},"branchMap":{"0":{"loc":{"start":{"line":27,"column":16},"end":{"line":31,"column":17}},"type":"if","locations":[{"start":{"line":27,"column":16},"end":{"line":31,"column":17}},{"start":{"line":27,"column":16},"end":{"line":31,"column":17}}],"line":27}},"s":{"0":1,"1":2,"2":2,"3":1,"4":1,"5":3,"6":3,"7":2,"8":1,"9":1,"10":1,"11":2,"12":2,"13":1,"14":1,"15":1},"f":{"0":2,"1":2,"2":1,"3":1,"4":3,"5":3,"6":2,"7":1,"8":2,"9":2,"10":1,"11":1,"12":1},"b":{"0":[1,1]},"_coverageSchema":"43e27e138ebf9cfc5966b082cf9a028302ed4184","hash":"5d550f9efb72230807859fa6652cc081de0d4767"}
,"/Users/josemanuelbaezsoriano/Desktop/Manolin/pipeline/pipelineApp/components/homeComponents/globalButton.js": {"path":"/Users/josemanuelbaezsoriano/Desktop/Manolin/pipeline/pipelineApp/components/homeComponents/globalButton.js","statementMap":{"0":{"start":{"line":7,"column":8},"end":{"line":7,"column":21}},"1":{"start":{"line":11,"column":8},"end":{"line":23,"column":28}},"2":{"start":{"line":27,"column":15},"end":{"line":51,"column":2}}},"fnMap":{"0":{"name":"(anonymous_0)","decl":{"start":{"line":6,"column":4},"end":{"line":6,"column":5}},"loc":{"start":{"line":6,"column":23},"end":{"line":8,"column":5}},"line":6},"1":{"name":"(anonymous_1)","decl":{"start":{"line":10,"column":4},"end":{"line":10,"column":5}},"loc":{"start":{"line":10,"column":13},"end":{"line":24,"column":5}},"line":10}},"branchMap":{},"s":{"0":4,"1":4,"2":2},"f":{"0":4,"1":4},"b":{},"_coverageSchema":"43e27e138ebf9cfc5966b082cf9a028302ed4184","hash":"e860e5e87f2a0ea78684a0398026514379e53091"}
,"/Users/josemanuelbaezsoriano/Desktop/Manolin/pipeline/pipelineApp/components/homeComponents/midBlueButton.js": {"path":"/Users/josemanuelbaezsoriano/Desktop/Manolin/pipeline/pipelineApp/components/homeComponents/midBlueButton.js","statementMap":{"0":{"start":{"line":7,"column":8},"end":{"line":7,"column":21}},"1":{"start":{"line":11,"column":8},"end":{"line":22,"column":28}},"2":{"start":{"line":26,"column":15},"end":{"line":43,"column":2}}},"fnMap":{"0":{"name":"(anonymous_0)","decl":{"start":{"line":6,"column":4},"end":{"line":6,"column":5}},"loc":{"start":{"line":6,"column":23},"end":{"line":8,"column":5}},"line":6},"1":{"name":"(anonymous_1)","decl":{"start":{"line":10,"column":4},"end":{"line":10,"column":5}},"loc":{"start":{"line":10,"column":13},"end":{"line":23,"column":5}},"line":10}},"branchMap":{},"s":{"0":4,"1":4,"2":2},"f":{"0":4,"1":4},"b":{},"_coverageSchema":"43e27e138ebf9cfc5966b082cf9a028302ed4184","hash":"3444a7600e83d6fc60ecac1a82d9b3216c6d5f51"}
,"/Users/josemanuelbaezsoriano/Desktop/Manolin/pipeline/pipelineApp/components/homeComponents/midYellowButton.js": {"path":"/Users/josemanuelbaezsoriano/Desktop/Manolin/pipeline/pipelineApp/components/homeComponents/midYellowButton.js","statementMap":{"0":{"start":{"line":7,"column":8},"end":{"line":7,"column":21}},"1":{"start":{"line":11,"column":8},"end":{"line":22,"column":28}},"2":{"start":{"line":26,"column":15},"end":{"line":43,"column":2}}},"fnMap":{"0":{"name":"(anonymous_0)","decl":{"start":{"line":6,"column":4},"end":{"line":6,"column":5}},"loc":{"start":{"line":6,"column":23},"end":{"line":8,"column":5}},"line":6},"1":{"name":"(anonymous_1)","decl":{"start":{"line":10,"column":4},"end":{"line":10,"column":5}},"loc":{"start":{"line":10,"column":13},"end":{"line":23,"column":5}},"line":10}},"branchMap":{},"s":{"0":4,"1":4,"2":2},"f":{"0":4,"1":4},"b":{},"_coverageSchema":"43e27e138ebf9cfc5966b082cf9a028302ed4184","hash":"a59b5ebcc4a0efd221fff942393db1e8eca24de2"}
,"/Users/josemanuelbaezsoriano/Desktop/Manolin/pipeline/pipelineApp/components/homeComponents/turnDeck.js": {"path":"/Users/josemanuelbaezsoriano/Desktop/Manolin/pipeline/pipelineApp/components/homeComponents/turnDeck.js","statementMap":{"0":{"start":{"line":7,"column":8},"end":{"line":7,"column":21}},"1":{"start":{"line":8,"column":22},"end":{"line":8,"column":42}},"2":{"start":{"line":9,"column":8},"end":{"line":12,"column":9}},"3":{"start":{"line":14,"column":8},"end":{"line":15,"column":54}},"4":{"start":{"line":19,"column":8},"end":{"line":19,"column":73}},"5":{"start":{"line":23,"column":8},"end":{"line":23,"column":49}},"6":{"start":{"line":27,"column":8},"end":{"line":27,"column":37}},"7":{"start":{"line":31,"column":32},"end":{"line":31,"column":59}},"8":{"start":{"line":32,"column":27},"end":{"line":32,"column":28}},"9":{"start":{"line":33,"column":8},"end":{"line":35,"column":9}},"10":{"start":{"line":33,"column":21},"end":{"line":33,"column":22}},"11":{"start":{"line":34,"column":12},"end":{"line":34,"column":44}},"12":{"start":{"line":36,"column":8},"end":{"line":36,"column":49}},"13":{"start":{"line":38,"column":8},"end":{"line":38,"column":72}},"14":{"start":{"line":43,"column":8},"end":{"line":48,"column":9}},"15":{"start":{"line":44,"column":12},"end":{"line":44,"column":56}},"16":{"start":{"line":45,"column":12},"end":{"line":45,"column":78}},"17":{"start":{"line":46,"column":12},"end":{"line":47,"column":64}},"18":{"start":{"line":47,"column":16},"end":{"line":47,"column":64}},"19":{"start":{"line":56,"column":8},"end":{"line":75,"column":9}},"20":{"start":{"line":62,"column":58},"end":{"line":62,"column":73}},"21":{"start":{"line":64,"column":35},"end":{"line":64,"column":49}},"22":{"start":{"line":67,"column":50},"end":{"line":67,"column":88}},"23":{"start":{"line":68,"column":46},"end":{"line":68,"column":86}},"24":{"start":{"line":79,"column":15},"end":{"line":97,"column":2}},"25":{"start":{"line":99,"column":16},"end":{"line":99,"column":26}},"26":{"start":{"line":100,"column":21},"end":{"line":100,"column":69}},"27":{"start":{"line":101,"column":13},"end":{"line":104,"column":1}},"28":{"start":{"line":106,"column":19},"end":{"line":106,"column":20}},"29":{"start":{"line":107,"column":0},"end":{"line":109,"column":1}},"30":{"start":{"line":107,"column":13},"end":{"line":107,"column":14}},"31":{"start":{"line":108,"column":4},"end":{"line":108,"column":36}},"32":{"start":{"line":110,"column":0},"end":{"line":110,"column":25}},"33":{"start":{"line":112,"column":15},"end":{"line":114,"column":1}}},"fnMap":{"0":{"name":"(anonymous_0)","decl":{"start":{"line":6,"column":4},"end":{"line":6,"column":5}},"loc":{"start":{"line":6,"column":23},"end":{"line":16,"column":5}},"line":6},"1":{"name":"(anonymous_1)","decl":{"start":{"line":18,"column":4},"end":{"line":18,"column":5}},"loc":{"start":{"line":18,"column":15},"end":{"line":20,"column":5}},"line":18},"2":{"name":"(anonymous_2)","decl":{"start":{"line":22,"column":20},"end":{"line":22,"column":21}},"loc":{"start":{"line":23,"column":8},"end":{"line":23,"column":49}},"line":23},"3":{"name":"(anonymous_3)","decl":{"start":{"line":26,"column":4},"end":{"line":26,"column":5}},"loc":{"start":{"line":26,"column":27},"end":{"line":28,"column":5}},"line":26},"4":{"name":"(anonymous_4)","decl":{"start":{"line":30,"column":4},"end":{"line":30,"column":5}},"loc":{"start":{"line":30,"column":20},"end":{"line":39,"column":5}},"line":30},"5":{"name":"(anonymous_5)","decl":{"start":{"line":41,"column":4},"end":{"line":41,"column":5}},"loc":{"start":{"line":41,"column":59},"end":{"line":49,"column":5}},"line":41},"6":{"name":"(anonymous_6)","decl":{"start":{"line":55,"column":4},"end":{"line":55,"column":5}},"loc":{"start":{"line":55,"column":13},"end":{"line":76,"column":5}},"line":55},"7":{"name":"(anonymous_7)","decl":{"start":{"line":62,"column":52},"end":{"line":62,"column":53}},"loc":{"start":{"line":62,"column":58},"end":{"line":62,"column":73}},"line":62},"8":{"name":"(anonymous_8)","decl":{"start":{"line":64,"column":29},"end":{"line":64,"column":30}},"loc":{"start":{"line":64,"column":35},"end":{"line":64,"column":49}},"line":64},"9":{"name":"(anonymous_9)","decl":{"start":{"line":67,"column":36},"end":{"line":67,"column":37}},"loc":{"start":{"line":67,"column":50},"end":{"line":67,"column":88}},"line":67},"10":{"name":"(anonymous_10)","decl":{"start":{"line":68,"column":38},"end":{"line":68,"column":39}},"loc":{"start":{"line":68,"column":46},"end":{"line":68,"column":86}},"line":68}},"branchMap":{"0":{"loc":{"start":{"line":43,"column":8},"end":{"line":48,"column":9}},"type":"if","locations":[{"start":{"line":43,"column":8},"end":{"line":48,"column":9}},{"start":{"line":43,"column":8},"end":{"line":48,"column":9}}],"line":43},"1":{"loc":{"start":{"line":43,"column":13},"end":{"line":43,"column":66}},"type":"binary-expr","locations":[{"start":{"line":43,"column":13},"end":{"line":43,"column":37}},{"start":{"line":43,"column":41},"end":{"line":43,"column":66}}],"line":43},"2":{"loc":{"start":{"line":46,"column":12},"end":{"line":47,"column":64}},"type":"if","locations":[{"start":{"line":46,"column":12},"end":{"line":47,"column":64}},{"start":{"line":46,"column":12},"end":{"line":47,"column":64}}],"line":46},"3":{"loc":{"start":{"line":58,"column":18},"end":{"line":60,"column":72}},"type":"cond-expr","locations":[{"start":{"line":59,"column":22},"end":{"line":59,"column":115}},{"start":{"line":60,"column":24},"end":{"line":60,"column":70}}],"line":58}},"s":{"0":8,"1":8,"2":8,"3":8,"4":2,"5":13,"6":10,"7":9,"8":9,"9":9,"10":9,"11":9,"12":9,"13":9,"14":4,"15":2,"16":2,"17":2,"18":1,"19":8,"20":1,"21":9,"22":1,"23":72,"24":2,"25":2,"26":2,"27":2,"28":2,"29":2,"30":2,"31":4,"32":2,"33":2},"f":{"0":8,"1":2,"2":13,"3":10,"4":9,"5":4,"6":8,"7":1,"8":9,"9":1,"10":72},"b":{"0":[2,2],"1":[4,3],"2":[1,1],"3":[7,1]},"_coverageSchema":"43e27e138ebf9cfc5966b082cf9a028302ed4184","hash":"15ba812a3fb2dccc7009905820c11bcae72b5a25"}
,"/Users/josemanuelbaezsoriano/Desktop/Manolin/pipeline/pipelineApp/components/homeComponents/turnViewWithDate.js": {"path":"/Users/josemanuelbaezsoriano/Desktop/Manolin/pipeline/pipelineApp/components/homeComponents/turnViewWithDate.js","statementMap":{"0":{"start":{"line":7,"column":8},"end":{"line":7,"column":21}},"1":{"start":{"line":8,"column":8},"end":{"line":8,"column":48}},"2":{"start":{"line":12,"column":8},"end":{"line":13,"column":25}},"3":{"start":{"line":13,"column":12},"end":{"line":13,"column":25}},"4":{"start":{"line":14,"column":8},"end":{"line":15,"column":25}},"5":{"start":{"line":15,"column":12},"end":{"line":15,"column":25}},"6":{"start":{"line":16,"column":8},"end":{"line":17,"column":25}},"7":{"start":{"line":17,"column":12},"end":{"line":17,"column":25}},"8":{"start":{"line":18,"column":8},"end":{"line":18,"column":20}},"9":{"start":{"line":22,"column":8},"end":{"line":22,"column":38}},"10":{"start":{"line":26,"column":52},"end":{"line":26,"column":73}},"11":{"start":{"line":27,"column":8},"end":{"line":49,"column":9}},"12":{"start":{"line":53,"column":17},"end":{"line":53,"column":52}},"13":{"start":{"line":54,"column":16},"end":{"line":54,"column":26}},"14":{"start":{"line":55,"column":17},"end":{"line":59,"column":1}},"15":{"start":{"line":61,"column":15},"end":{"line":100,"column":2}}},"fnMap":{"0":{"name":"(anonymous_0)","decl":{"start":{"line":6,"column":4},"end":{"line":6,"column":5}},"loc":{"start":{"line":6,"column":23},"end":{"line":9,"column":5}},"line":6},"1":{"name":"(anonymous_1)","decl":{"start":{"line":11,"column":4},"end":{"line":11,"column":5}},"loc":{"start":{"line":11,"column":14},"end":{"line":19,"column":5}},"line":11},"2":{"name":"(anonymous_2)","decl":{"start":{"line":21,"column":4},"end":{"line":21,"column":5}},"loc":{"start":{"line":21,"column":16},"end":{"line":23,"column":5}},"line":21},"3":{"name":"(anonymous_3)","decl":{"start":{"line":25,"column":4},"end":{"line":25,"column":5}},"loc":{"start":{"line":25,"column":13},"end":{"line":50,"column":5}},"line":25}},"branchMap":{"0":{"loc":{"start":{"line":12,"column":8},"end":{"line":13,"column":25}},"type":"if","locations":[{"start":{"line":12,"column":8},"end":{"line":13,"column":25}},{"start":{"line":12,"column":8},"end":{"line":13,"column":25}}],"line":12},"1":{"loc":{"start":{"line":14,"column":8},"end":{"line":15,"column":25}},"type":"if","locations":[{"start":{"line":14,"column":8},"end":{"line":15,"column":25}},{"start":{"line":14,"column":8},"end":{"line":15,"column":25}}],"line":14},"2":{"loc":{"start":{"line":16,"column":8},"end":{"line":17,"column":25}},"type":"if","locations":[{"start":{"line":16,"column":8},"end":{"line":17,"column":25}},{"start":{"line":16,"column":8},"end":{"line":17,"column":25}}],"line":16},"3":{"loc":{"start":{"line":40,"column":28},"end":{"line":40,"column":94}},"type":"cond-expr","locations":[{"start":{"line":40,"column":47},"end":{"line":40,"column":69}},{"start":{"line":40,"column":72},"end":{"line":40,"column":94}}],"line":40},"4":{"loc":{"start":{"line":44,"column":34},"end":{"line":44,"column":88}},"type":"cond-expr","locations":[{"start":{"line":44,"column":51},"end":{"line":44,"column":71}},{"start":{"line":44,"column":73},"end":{"line":44,"column":88}}],"line":44}},"s":{"0":10,"1":10,"2":8,"3":1,"4":7,"5":4,"6":3,"7":1,"8":2,"9":6,"10":4,"11":4,"12":3,"13":3,"14":3,"15":3},"f":{"0":10,"1":8,"2":6,"3":4},"b":{"0":[1,7],"1":[4,3],"2":[1,2],"3":[1,3],"4":[1,3]},"_coverageSchema":"43e27e138ebf9cfc5966b082cf9a028302ed4184","hash":"f378408ec47a57b2c4f4acffcf4bbf04f4f9789e"}
,"/Users/josemanuelbaezsoriano/Desktop/Manolin/pipeline/pipelineApp/components/loginComponents/inputComponent.js": {"path":"/Users/josemanuelbaezsoriano/Desktop/Manolin/pipeline/pipelineApp/components/loginComponents/inputComponent.js","statementMap":{"0":{"start":{"line":6,"column":8},"end":{"line":6,"column":21}},"1":{"start":{"line":10,"column":8},"end":{"line":16,"column":9}},"2":{"start":{"line":13,"column":74},"end":{"line":13,"column":107}},"3":{"start":{"line":20,"column":15},"end":{"line":38,"column":2}}},"fnMap":{"0":{"name":"(anonymous_0)","decl":{"start":{"line":5,"column":4},"end":{"line":5,"column":5}},"loc":{"start":{"line":5,"column":26},"end":{"line":7,"column":5}},"line":5},"1":{"name":"(anonymous_1)","decl":{"start":{"line":9,"column":4},"end":{"line":9,"column":5}},"loc":{"start":{"line":9,"column":13},"end":{"line":17,"column":5}},"line":9},"2":{"name":"(anonymous_2)","decl":{"start":{"line":13,"column":64},"end":{"line":13,"column":65}},"loc":{"start":{"line":13,"column":74},"end":{"line":13,"column":107}},"line":13}},"branchMap":{},"s":{"0":2,"1":2,"2":1,"3":1},"f":{"0":2,"1":2,"2":1},"b":{},"_coverageSchema":"43e27e138ebf9cfc5966b082cf9a028302ed4184","hash":"441cc0d75e8b99a141a1f240b60ba18e06dfb208"}
,"/Users/josemanuelbaezsoriano/Desktop/Manolin/pipeline/pipelineApp/components/loginComponents/primaryButtonComponent.js": {"path":"/Users/josemanuelbaezsoriano/Desktop/Manolin/pipeline/pipelineApp/components/loginComponents/primaryButtonComponent.js","statementMap":{"0":{"start":{"line":8,"column":4},"end":{"line":8,"column":17}},"1":{"start":{"line":12,"column":4},"end":{"line":24,"column":5}},"2":{"start":{"line":13,"column":41},"end":{"line":13,"column":69}},"3":{"start":{"line":28,"column":15},"end":{"line":45,"column":2}}},"fnMap":{"0":{"name":"(anonymous_0)","decl":{"start":{"line":7,"column":2},"end":{"line":7,"column":3}},"loc":{"start":{"line":7,"column":21},"end":{"line":9,"column":3}},"line":7},"1":{"name":"(anonymous_1)","decl":{"start":{"line":11,"column":2},"end":{"line":11,"column":3}},"loc":{"start":{"line":11,"column":11},"end":{"line":25,"column":3}},"line":11},"2":{"name":"(anonymous_2)","decl":{"start":{"line":13,"column":33},"end":{"line":13,"column":34}},"loc":{"start":{"line":13,"column":39},"end":{"line":13,"column":71}},"line":13}},"branchMap":{},"s":{"0":2,"1":2,"2":1,"3":1},"f":{"0":2,"1":2,"2":1},"b":{},"_coverageSchema":"43e27e138ebf9cfc5966b082cf9a028302ed4184","hash":"753245676e4d672ea09d1fd526dc5cced93e8ab2"}
,"/Users/josemanuelbaezsoriano/Desktop/Manolin/pipeline/pipelineApp/mockedData/mockedNurse.js": {"path":"/Users/josemanuelbaezsoriano/Desktop/Manolin/pipeline/pipelineApp/mockedData/mockedNurse.js","statementMap":{"0":{"start":{"line":1,"column":0},"end":{"line":2560,"column":2}}},"fnMap":{},"branchMap":{},"s":{"0":2},"f":{},"b":{},"_coverageSchema":"43e27e138ebf9cfc5966b082cf9a028302ed4184","hash":"6e8c92fe01bff51f7b1fd1ed14e5c21c79bcad93"}
,"/Users/josemanuelbaezsoriano/Desktop/Manolin/pipeline/pipelineApp/screens/homeScreen.js": {"path":"/Users/josemanuelbaezsoriano/Desktop/Manolin/pipeline/pipelineApp/screens/homeScreen.js","statementMap":{"0":{"start":{"line":12,"column":8},"end":{"line":12,"column":21}},"1":{"start":{"line":13,"column":8},"end":{"line":15,"column":9}},"2":{"start":{"line":19,"column":22},"end":{"line":19,"column":54}},"3":{"start":{"line":20,"column":8},"end":{"line":35,"column":44}},"4":{"start":{"line":28,"column":30},"end":{"line":28,"column":45}},"5":{"start":{"line":30,"column":16},"end":{"line":33,"column":19}},"6":{"start":{"line":35,"column":26},"end":{"line":35,"column":42}},"7":{"start":{"line":39,"column":8},"end":{"line":39,"column":61}},"8":{"start":{"line":44,"column":8},"end":{"line":73,"column":9}},"9":{"start":{"line":45,"column":12},"end":{"line":49,"column":13}},"10":{"start":{"line":51,"column":12},"end":{"line":72,"column":13}},"11":{"start":{"line":58,"column":24},"end":{"line":58,"column":46}},"12":{"start":{"line":62,"column":28},"end":{"line":62,"column":51}},"13":{"start":{"line":65,"column":28},"end":{"line":65,"column":52}},"14":{"start":{"line":77,"column":15},"end":{"line":95,"column":2}}},"fnMap":{"0":{"name":"(anonymous_0)","decl":{"start":{"line":11,"column":4},"end":{"line":11,"column":5}},"loc":{"start":{"line":11,"column":23},"end":{"line":16,"column":5}},"line":11},"1":{"name":"(anonymous_1)","decl":{"start":{"line":18,"column":4},"end":{"line":18,"column":5}},"loc":{"start":{"line":18,"column":30},"end":{"line":36,"column":5}},"line":18},"2":{"name":"(anonymous_2)","decl":{"start":{"line":28,"column":18},"end":{"line":28,"column":19}},"loc":{"start":{"line":28,"column":30},"end":{"line":28,"column":45}},"line":28},"3":{"name":"(anonymous_3)","decl":{"start":{"line":29,"column":18},"end":{"line":29,"column":19}},"loc":{"start":{"line":29,"column":26},"end":{"line":34,"column":13}},"line":29},"4":{"name":"(anonymous_4)","decl":{"start":{"line":35,"column":19},"end":{"line":35,"column":20}},"loc":{"start":{"line":35,"column":26},"end":{"line":35,"column":42}},"line":35},"5":{"name":"(anonymous_5)","decl":{"start":{"line":38,"column":4},"end":{"line":38,"column":5}},"loc":{"start":{"line":38,"column":38},"end":{"line":40,"column":5}},"line":38},"6":{"name":"(anonymous_6)","decl":{"start":{"line":43,"column":4},"end":{"line":43,"column":5}},"loc":{"start":{"line":43,"column":13},"end":{"line":74,"column":5}},"line":43},"7":{"name":"(anonymous_7)","decl":{"start":{"line":57,"column":69},"end":{"line":57,"column":70}},"loc":{"start":{"line":57,"column":75},"end":{"line":59,"column":21}},"line":57},"8":{"name":"(anonymous_8)","decl":{"start":{"line":61,"column":71},"end":{"line":61,"column":72}},"loc":{"start":{"line":61,"column":77},"end":{"line":63,"column":25}},"line":61},"9":{"name":"(anonymous_9)","decl":{"start":{"line":64,"column":67},"end":{"line":64,"column":68}},"loc":{"start":{"line":64,"column":71},"end":{"line":66,"column":25}},"line":64}},"branchMap":{"0":{"loc":{"start":{"line":44,"column":8},"end":{"line":73,"column":9}},"type":"if","locations":[{"start":{"line":44,"column":8},"end":{"line":73,"column":9}},{"start":{"line":44,"column":8},"end":{"line":73,"column":9}}],"line":44}},"s":{"0":3,"1":3,"2":3,"3":1,"4":1,"5":1,"6":0,"7":3,"8":5,"9":3,"10":2,"11":0,"12":0,"13":0,"14":1},"f":{"0":3,"1":3,"2":1,"3":1,"4":0,"5":3,"6":5,"7":0,"8":0,"9":0},"b":{"0":[3,2]},"_coverageSchema":"43e27e138ebf9cfc5966b082cf9a028302ed4184","hash":"9136c14e747e5965deb41123345b6c368d347423"}
}
