{"/Users/josemanuelbaezsoriano/Desktop/Manolin/pipeline/pipelineApp/config.js": {"path":"/Users/josemanuelbaezsoriano/Desktop/Manolin/pipeline/pipelineApp/config.js","statementMap":{"0":{"start":{"line":2,"column":0},"end":{"line":2,"column":55}}},"fnMap":{},"branchMap":{},"s":{"0":4},"f":{},"b":{},"_coverageSchema":"43e27e138ebf9cfc5966b082cf9a028302ed4184","hash":"99496dcd50e16f7a138ba4b365ad46dfddf1e41f"}
,"/Users/josemanuelbaezsoriano/Desktop/Manolin/pipeline/pipelineApp/assets/calendar.png": {"path":"/Users/josemanuelbaezsoriano/Desktop/Manolin/pipeline/pipelineApp/assets/calendar.png","statementMap":{"0":{"start":{"line":1,"column":0},"end":{"line":1,"column":19}}},"fnMap":{},"branchMap":{},"s":{"0":2},"f":{},"b":{},"_coverageSchema":"43e27e138ebf9cfc5966b082cf9a028302ed4184","hash":"461bd4935ded887405ef4784123fc6232b3eed5e"}
,"/Users/josemanuelbaezsoriano/Desktop/Manolin/pipeline/pipelineApp/assets/fonts/Montserrat-ExtraBold.otf": {"path":"/Users/josemanuelbaezsoriano/Desktop/Manolin/pipeline/pipelineApp/assets/fonts/Montserrat-ExtraBold.otf","statementMap":{"0":{"start":{"line":1,"column":0},"end":{"line":1,"column":19}}},"fnMap":{},"branchMap":{},"s":{"0":1},"f":{},"b":{},"_coverageSchema":"43e27e138ebf9cfc5966b082cf9a028302ed4184","hash":"1b5d1f32bb56b4d163d3f032c14c01dc831ac551"}
,"/Users/josemanuelbaezsoriano/Desktop/Manolin/pipeline/pipelineApp/assets/fonts/big_noodle_titling.ttf": {"path":"/Users/josemanuelbaezsoriano/Desktop/Manolin/pipeline/pipelineApp/assets/fonts/big_noodle_titling.ttf","statementMap":{"0":{"start":{"line":1,"column":0},"end":{"line":1,"column":19}}},"fnMap":{},"branchMap":{},"s":{"0":1},"f":{},"b":{},"_coverageSchema":"43e27e138ebf9cfc5966b082cf9a028302ed4184","hash":"a6256b77dcb7e17869331ec10a12310b38ba46a7"}
,"/Users/josemanuelbaezsoriano/Desktop/Manolin/pipeline/pipelineApp/components/dateUtils.js": {"path":"/Users/josemanuelbaezsoriano/Desktop/Manolin/pipeline/pipelineApp/components/dateUtils.js","statementMap":{"0":{"start":{"line":45,"column":20},"end":{"line":45,"column":21}},"1":{"start":{"line":47,"column":8},"end":{"line":48,"column":42}},"2":{"start":{"line":47,"column":22},"end":{"line":47,"column":23}},"3":{"start":{"line":48,"column":12},"end":{"line":48,"column":42}},"4":{"start":{"line":50,"column":8},"end":{"line":50,"column":34}},"5":{"start":{"line":52,"column":8},"end":{"line":52,"column":21}},"6":{"start":{"line":56,"column":24},"end":{"line":56,"column":25}},"7":{"start":{"line":57,"column":8},"end":{"line":62,"column":9}},"8":{"start":{"line":57,"column":22},"end":{"line":57,"column":23}},"9":{"start":{"line":58,"column":12},"end":{"line":61,"column":27}},"10":{"start":{"line":59,"column":16},"end":{"line":59,"column":49}},"11":{"start":{"line":61,"column":16},"end":{"line":61,"column":27}},"12":{"start":{"line":66,"column":40},"end":{"line":66,"column":44}},"13":{"start":{"line":67,"column":30},"end":{"line":67,"column":55}},"14":{"start":{"line":68,"column":30},"end":{"line":68,"column":51}},"15":{"start":{"line":70,"column":8},"end":{"line":70,"column":59}}},"fnMap":{"0":{"name":"(anonymous_0)","decl":{"start":{"line":44,"column":4},"end":{"line":44,"column":5}},"loc":{"start":{"line":44,"column":22},"end":{"line":53,"column":5}},"line":44},"1":{"name":"(anonymous_1)","decl":{"start":{"line":55,"column":4},"end":{"line":55,"column":5}},"loc":{"start":{"line":55,"column":30},"end":{"line":63,"column":5}},"line":55},"2":{"name":"(anonymous_2)","decl":{"start":{"line":65,"column":4},"end":{"line":65,"column":5}},"loc":{"start":{"line":65,"column":24},"end":{"line":71,"column":5}},"line":65}},"branchMap":{"0":{"loc":{"start":{"line":58,"column":12},"end":{"line":61,"column":27}},"type":"if","locations":[{"start":{"line":58,"column":12},"end":{"line":61,"column":27}},{"start":{"line":58,"column":12},"end":{"line":61,"column":27}}],"line":58}},"s":{"0":4,"1":4,"2":4,"3":8,"4":4,"5":4,"6":4,"7":4,"8":4,"9":10,"10":6,"11":4,"12":2,"13":2,"14":2,"15":2},"f":{"0":4,"1":4,"2":2},"b":{"0":[6,4]},"_coverageSchema":"43e27e138ebf9cfc5966b082cf9a028302ed4184","hash":"2b23524a10f5b92c7f772ebece60c9fe6a31f9d4"}
,"/Users/josemanuelbaezsoriano/Desktop/Manolin/pipeline/pipelineApp/components/deviceStorage.js": {"path":"/Users/josemanuelbaezsoriano/Desktop/Manolin/pipeline/pipelineApp/components/deviceStorage.js","statementMap":{"0":{"start":{"line":3,"column":22},"end":{"line":51,"column":1}},"1":{"start":{"line":5,"column":8},"end":{"line":13,"column":10}},"2":{"start":{"line":6,"column":12},"end":{"line":12,"column":14}},"3":{"start":{"line":8,"column":16},"end":{"line":8,"column":26}},"4":{"start":{"line":11,"column":16},"end":{"line":11,"column":28}},"5":{"start":{"line":24,"column":8},"end":{"line":36,"column":10}},"6":{"start":{"line":25,"column":12},"end":{"line":35,"column":14}},"7":{"start":{"line":27,"column":16},"end":{"line":31,"column":17}},"8":{"start":{"line":28,"column":20},"end":{"line":28,"column":35}},"9":{"start":{"line":30,"column":20},"end":{"line":30,"column":35}},"10":{"start":{"line":34,"column":16},"end":{"line":34,"column":28}},"11":{"start":{"line":40,"column":8},"end":{"line":49,"column":10}},"12":{"start":{"line":41,"column":12},"end":{"line":48,"column":15}},"13":{"start":{"line":42,"column":25},"end":{"line":42,"column":60}},"14":{"start":{"line":44,"column":16},"end":{"line":44,"column":26}},"15":{"start":{"line":47,"column":16},"end":{"line":47,"column":28}}},"fnMap":{"0":{"name":"(anonymous_0)","decl":{"start":{"line":4,"column":4},"end":{"line":4,"column":5}},"loc":{"start":{"line":4,"column":25},"end":{"line":14,"column":5}},"line":4},"1":{"name":"(anonymous_1)","decl":{"start":{"line":5,"column":27},"end":{"line":5,"column":28}},"loc":{"start":{"line":5,"column":48},"end":{"line":13,"column":9}},"line":5},"2":{"name":"(anonymous_2)","decl":{"start":{"line":7,"column":18},"end":{"line":7,"column":19}},"loc":{"start":{"line":7,"column":24},"end":{"line":9,"column":13}},"line":7},"3":{"name":"(anonymous_3)","decl":{"start":{"line":10,"column":19},"end":{"line":10,"column":20}},"loc":{"start":{"line":10,"column":28},"end":{"line":12,"column":13}},"line":10},"4":{"name":"(anonymous_4)","decl":{"start":{"line":23,"column":4},"end":{"line":23,"column":5}},"loc":{"start":{"line":23,"column":20},"end":{"line":37,"column":5}},"line":23},"5":{"name":"(anonymous_5)","decl":{"start":{"line":24,"column":27},"end":{"line":24,"column":28}},"loc":{"start":{"line":24,"column":48},"end":{"line":36,"column":9}},"line":24},"6":{"name":"(anonymous_6)","decl":{"start":{"line":26,"column":18},"end":{"line":26,"column":19}},"loc":{"start":{"line":26,"column":29},"end":{"line":32,"column":13}},"line":26},"7":{"name":"(anonymous_7)","decl":{"start":{"line":33,"column":19},"end":{"line":33,"column":20}},"loc":{"start":{"line":33,"column":28},"end":{"line":35,"column":13}},"line":33},"8":{"name":"(anonymous_8)","decl":{"start":{"line":39,"column":4},"end":{"line":39,"column":5}},"loc":{"start":{"line":39,"column":22},"end":{"line":50,"column":5}},"line":39},"9":{"name":"(anonymous_9)","decl":{"start":{"line":40,"column":27},"end":{"line":40,"column":28}},"loc":{"start":{"line":40,"column":48},"end":{"line":49,"column":9}},"line":40},"10":{"name":"(anonymous_10)","decl":{"start":{"line":42,"column":19},"end":{"line":42,"column":20}},"loc":{"start":{"line":42,"column":25},"end":{"line":42,"column":60}},"line":42},"11":{"name":"(anonymous_11)","decl":{"start":{"line":43,"column":19},"end":{"line":43,"column":20}},"loc":{"start":{"line":43,"column":25},"end":{"line":45,"column":13}},"line":43},"12":{"name":"(anonymous_12)","decl":{"start":{"line":46,"column":20},"end":{"line":46,"column":21}},"loc":{"start":{"line":46,"column":29},"end":{"line":48,"column":13}},"line":46}},"branchMap":{"0":{"loc":{"start":{"line":27,"column":16},"end":{"line":31,"column":17}},"type":"if","locations":[{"start":{"line":27,"column":16},"end":{"line":31,"column":17}},{"start":{"line":27,"column":16},"end":{"line":31,"column":17}}],"line":27}},"s":{"0":1,"1":2,"2":2,"3":1,"4":1,"5":3,"6":3,"7":2,"8":1,"9":1,"10":1,"11":2,"12":2,"13":1,"14":1,"15":1},"f":{"0":2,"1":2,"2":1,"3":1,"4":3,"5":3,"6":2,"7":1,"8":2,"9":2,"10":1,"11":1,"12":1},"b":{"0":[1,1]},"_coverageSchema":"43e27e138ebf9cfc5966b082cf9a028302ed4184","hash":"5d550f9efb72230807859fa6652cc081de0d4767"}
,"/Users/josemanuelbaezsoriano/Desktop/Manolin/pipeline/pipelineApp/components/globalComponents/nameColumn.js": {"path":"/Users/josemanuelbaezsoriano/Desktop/Manolin/pipeline/pipelineApp/components/globalComponents/nameColumn.js","statementMap":{"0":{"start":{"line":7,"column":8},"end":{"line":7,"column":21}},"1":{"start":{"line":8,"column":8},"end":{"line":10,"column":9}},"2":{"start":{"line":9,"column":41},"end":{"line":9,"column":47}},"3":{"start":{"line":14,"column":8},"end":{"line":22,"column":9}},"4":{"start":{"line":18,"column":44},"end":{"line":18,"column":87}},"5":{"start":{"line":19,"column":42},"end":{"line":19,"column":46}},"6":{"start":{"line":26,"column":15},"end":{"line":37,"column":2}}},"fnMap":{"0":{"name":"(anonymous_0)","decl":{"start":{"line":6,"column":4},"end":{"line":6,"column":5}},"loc":{"start":{"line":6,"column":23},"end":{"line":11,"column":5}},"line":6},"1":{"name":"(anonymous_1)","decl":{"start":{"line":9,"column":36},"end":{"line":9,"column":37}},"loc":{"start":{"line":9,"column":41},"end":{"line":9,"column":47}},"line":9},"2":{"name":"(anonymous_2)","decl":{"start":{"line":13,"column":4},"end":{"line":13,"column":5}},"loc":{"start":{"line":13,"column":13},"end":{"line":23,"column":5}},"line":13},"3":{"name":"(anonymous_3)","decl":{"start":{"line":18,"column":32},"end":{"line":18,"column":33}},"loc":{"start":{"line":18,"column":44},"end":{"line":18,"column":87}},"line":18},"4":{"name":"(anonymous_4)","decl":{"start":{"line":19,"column":34},"end":{"line":19,"column":35}},"loc":{"start":{"line":19,"column":42},"end":{"line":19,"column":46}},"line":19}},"branchMap":{},"s":{"0":5,"1":5,"2":37,"3":5,"4":1,"5":16,"6":2},"f":{"0":5,"1":37,"2":5,"3":1,"4":16},"b":{},"_coverageSchema":"43e27e138ebf9cfc5966b082cf9a028302ed4184","hash":"dd283ac1c9a86220e0debbf535c4dcddda8524ea"}
,"/Users/josemanuelbaezsoriano/Desktop/Manolin/pipeline/pipelineApp/components/globalComponents/turnColumn.js": {"path":"/Users/josemanuelbaezsoriano/Desktop/Manolin/pipeline/pipelineApp/components/globalComponents/turnColumn.js","statementMap":{"0":{"start":{"line":5,"column":19},"end":{"line":5,"column":34}},"1":{"start":{"line":10,"column":8},"end":{"line":10,"column":21}},"2":{"start":{"line":11,"column":8},"end":{"line":11,"column":49}},"3":{"start":{"line":15,"column":8},"end":{"line":16,"column":25}},"4":{"start":{"line":16,"column":12},"end":{"line":16,"column":25}},"5":{"start":{"line":17,"column":8},"end":{"line":18,"column":25}},"6":{"start":{"line":18,"column":12},"end":{"line":18,"column":25}},"7":{"start":{"line":19,"column":8},"end":{"line":20,"column":25}},"8":{"start":{"line":20,"column":12},"end":{"line":20,"column":25}},"9":{"start":{"line":21,"column":8},"end":{"line":21,"column":20}},"10":{"start":{"line":25,"column":8},"end":{"line":25,"column":38}},"11":{"start":{"line":29,"column":24},"end":{"line":29,"column":26}},"12":{"start":{"line":31,"column":8},"end":{"line":37,"column":9}},"13":{"start":{"line":31,"column":22},"end":{"line":31,"column":23}},"14":{"start":{"line":32,"column":29},"end":{"line":32,"column":51}},"15":{"start":{"line":33,"column":12},"end":{"line":36,"column":20}},"16":{"start":{"line":39,"column":8},"end":{"line":39,"column":25}},"17":{"start":{"line":43,"column":26},"end":{"line":43,"column":45}},"18":{"start":{"line":44,"column":24},"end":{"line":44,"column":46}},"19":{"start":{"line":46,"column":8},"end":{"line":66,"column":9}},"20":{"start":{"line":72,"column":29},"end":{"line":72,"column":44}},"21":{"start":{"line":73,"column":17},"end":{"line":77,"column":1}},"22":{"start":{"line":79,"column":15},"end":{"line":122,"column":2}}},"fnMap":{"0":{"name":"(anonymous_0)","decl":{"start":{"line":9,"column":4},"end":{"line":9,"column":5}},"loc":{"start":{"line":9,"column":23},"end":{"line":12,"column":5}},"line":9},"1":{"name":"(anonymous_1)","decl":{"start":{"line":14,"column":4},"end":{"line":14,"column":5}},"loc":{"start":{"line":14,"column":14},"end":{"line":22,"column":5}},"line":14},"2":{"name":"(anonymous_2)","decl":{"start":{"line":24,"column":4},"end":{"line":24,"column":5}},"loc":{"start":{"line":24,"column":16},"end":{"line":26,"column":5}},"line":24},"3":{"name":"(anonymous_3)","decl":{"start":{"line":28,"column":4},"end":{"line":28,"column":5}},"loc":{"start":{"line":28,"column":19},"end":{"line":40,"column":5}},"line":28},"4":{"name":"(anonymous_4)","decl":{"start":{"line":42,"column":4},"end":{"line":42,"column":5}},"loc":{"start":{"line":42,"column":13},"end":{"line":67,"column":5}},"line":42}},"branchMap":{"0":{"loc":{"start":{"line":15,"column":8},"end":{"line":16,"column":25}},"type":"if","locations":[{"start":{"line":15,"column":8},"end":{"line":16,"column":25}},{"start":{"line":15,"column":8},"end":{"line":16,"column":25}}],"line":15},"1":{"loc":{"start":{"line":17,"column":8},"end":{"line":18,"column":25}},"type":"if","locations":[{"start":{"line":17,"column":8},"end":{"line":18,"column":25}},{"start":{"line":17,"column":8},"end":{"line":18,"column":25}}],"line":17},"2":{"loc":{"start":{"line":19,"column":8},"end":{"line":20,"column":25}},"type":"if","locations":[{"start":{"line":19,"column":8},"end":{"line":20,"column":25}},{"start":{"line":19,"column":8},"end":{"line":20,"column":25}}],"line":19},"3":{"loc":{"start":{"line":34,"column":34},"end":{"line":34,"column":88}},"type":"cond-expr","locations":[{"start":{"line":34,"column":51},"end":{"line":34,"column":71}},{"start":{"line":34,"column":73},"end":{"line":34,"column":88}}],"line":34},"4":{"loc":{"start":{"line":59,"column":28},"end":{"line":59,"column":94}},"type":"cond-expr","locations":[{"start":{"line":59,"column":47},"end":{"line":59,"column":69}},{"start":{"line":59,"column":72},"end":{"line":59,"column":94}}],"line":59}},"s":{"0":3,"1":10,"2":10,"3":48,"4":1,"5":47,"6":12,"7":35,"8":23,"9":12,"10":5,"11":4,"12":4,"13":4,"14":44,"15":44,"16":4,"17":3,"18":3,"19":3,"20":3,"21":3,"22":3},"f":{"0":10,"1":48,"2":5,"3":4,"4":3},"b":{"0":[1,47],"1":[12,35],"2":[23,12],"3":[11,33],"4":[1,2]},"_coverageSchema":"43e27e138ebf9cfc5966b082cf9a028302ed4184","hash":"21cf444243a639451ac21d4c64f5f8cb82e15d43"}
,"/Users/josemanuelbaezsoriano/Desktop/Manolin/pipeline/pipelineApp/components/globalComponents/turnTable.js": {"path":"/Users/josemanuelbaezsoriano/Desktop/Manolin/pipeline/pipelineApp/components/globalComponents/turnTable.js","statementMap":{"0":{"start":{"line":4,"column":19},"end":{"line":4,"column":41}},"1":{"start":{"line":8,"column":18},"end":{"line":8,"column":33}},"2":{"start":{"line":13,"column":8},"end":{"line":13,"column":21}},"3":{"start":{"line":14,"column":8},"end":{"line":18,"column":9}},"4":{"start":{"line":19,"column":8},"end":{"line":20,"column":54}},"5":{"start":{"line":21,"column":8},"end":{"line":22,"column":39}},"6":{"start":{"line":23,"column":8},"end":{"line":24,"column":37}},"7":{"start":{"line":28,"column":8},"end":{"line":28,"column":73}},"8":{"start":{"line":32,"column":8},"end":{"line":34,"column":17}},"9":{"start":{"line":38,"column":8},"end":{"line":52,"column":9}},"10":{"start":{"line":39,"column":36},"end":{"line":39,"column":57}},"11":{"start":{"line":40,"column":36},"end":{"line":40,"column":57}},"12":{"start":{"line":41,"column":36},"end":{"line":41,"column":79}},"13":{"start":{"line":42,"column":36},"end":{"line":42,"column":79}},"14":{"start":{"line":43,"column":36},"end":{"line":43,"column":80}},"15":{"start":{"line":45,"column":12},"end":{"line":47,"column":13}},"16":{"start":{"line":46,"column":16},"end":{"line":46,"column":51}},"17":{"start":{"line":49,"column":12},"end":{"line":51,"column":13}},"18":{"start":{"line":50,"column":16},"end":{"line":50,"column":48}},"19":{"start":{"line":60,"column":8},"end":{"line":75,"column":9}},"20":{"start":{"line":79,"column":8},"end":{"line":92,"column":9}},"21":{"start":{"line":82,"column":44},"end":{"line":82,"column":58}},"22":{"start":{"line":89,"column":46},"end":{"line":89,"column":55}},"23":{"start":{"line":96,"column":15},"end":{"line":103,"column":2}}},"fnMap":{"0":{"name":"(anonymous_0)","decl":{"start":{"line":12,"column":4},"end":{"line":12,"column":5}},"loc":{"start":{"line":12,"column":23},"end":{"line":25,"column":5}},"line":12},"1":{"name":"(anonymous_1)","decl":{"start":{"line":27,"column":4},"end":{"line":27,"column":5}},"loc":{"start":{"line":27,"column":15},"end":{"line":29,"column":5}},"line":27},"2":{"name":"(anonymous_2)","decl":{"start":{"line":31,"column":20},"end":{"line":31,"column":21}},"loc":{"start":{"line":32,"column":8},"end":{"line":34,"column":17}},"line":32},"3":{"name":"(anonymous_3)","decl":{"start":{"line":37,"column":4},"end":{"line":37,"column":5}},"loc":{"start":{"line":37,"column":59},"end":{"line":53,"column":5}},"line":37},"4":{"name":"(anonymous_4)","decl":{"start":{"line":59,"column":4},"end":{"line":59,"column":5}},"loc":{"start":{"line":59,"column":25},"end":{"line":76,"column":5}},"line":59},"5":{"name":"(anonymous_5)","decl":{"start":{"line":78,"column":4},"end":{"line":78,"column":5}},"loc":{"start":{"line":78,"column":13},"end":{"line":93,"column":5}},"line":78},"6":{"name":"(anonymous_6)","decl":{"start":{"line":82,"column":38},"end":{"line":82,"column":39}},"loc":{"start":{"line":82,"column":44},"end":{"line":82,"column":58}},"line":82},"7":{"name":"(anonymous_7)","decl":{"start":{"line":89,"column":38},"end":{"line":89,"column":39}},"loc":{"start":{"line":89,"column":46},"end":{"line":89,"column":55}},"line":89}},"branchMap":{"0":{"loc":{"start":{"line":38,"column":8},"end":{"line":52,"column":9}},"type":"if","locations":[{"start":{"line":38,"column":8},"end":{"line":52,"column":9}},{"start":{"line":38,"column":8},"end":{"line":52,"column":9}}],"line":38},"1":{"loc":{"start":{"line":38,"column":13},"end":{"line":38,"column":67}},"type":"binary-expr","locations":[{"start":{"line":38,"column":13},"end":{"line":38,"column":39}},{"start":{"line":38,"column":43},"end":{"line":38,"column":67}}],"line":38},"2":{"loc":{"start":{"line":45,"column":12},"end":{"line":47,"column":13}},"type":"if","locations":[{"start":{"line":45,"column":12},"end":{"line":47,"column":13}},{"start":{"line":45,"column":12},"end":{"line":47,"column":13}}],"line":45},"3":{"loc":{"start":{"line":49,"column":12},"end":{"line":51,"column":13}},"type":"if","locations":[{"start":{"line":49,"column":12},"end":{"line":51,"column":13}},{"start":{"line":49,"column":12},"end":{"line":51,"column":13}}],"line":49},"4":{"loc":{"start":{"line":49,"column":17},"end":{"line":49,"column":80}},"type":"binary-expr","locations":[{"start":{"line":49,"column":17},"end":{"line":49,"column":46}},{"start":{"line":49,"column":50},"end":{"line":49,"column":80}}],"line":49}},"s":{"0":2,"1":2,"2":6,"3":6,"4":6,"5":6,"6":6,"7":1,"8":13,"9":6,"10":4,"11":4,"12":4,"13":4,"14":4,"15":4,"16":2,"17":4,"18":1,"19":1,"20":3,"21":3,"22":39,"23":2},"f":{"0":6,"1":1,"2":13,"3":6,"4":1,"5":3,"6":3,"7":39},"b":{"0":[4,2],"1":[6,5],"2":[2,2],"3":[1,3],"4":[4,3]},"_coverageSchema":"43e27e138ebf9cfc5966b082cf9a028302ed4184","hash":"ce2ff6f5fc0e643025f913a78dc2963b73c4ba67"}
,"/Users/josemanuelbaezsoriano/Desktop/Manolin/pipeline/pipelineApp/components/homeComponents/turnDeck.js": {"path":"/Users/josemanuelbaezsoriano/Desktop/Manolin/pipeline/pipelineApp/components/homeComponents/turnDeck.js","statementMap":{"0":{"start":{"line":7,"column":18},"end":{"line":7,"column":33}},"1":{"start":{"line":11,"column":8},"end":{"line":11,"column":21}},"2":{"start":{"line":12,"column":8},"end":{"line":15,"column":9}},"3":{"start":{"line":16,"column":8},"end":{"line":17,"column":54}},"4":{"start":{"line":21,"column":8},"end":{"line":21,"column":74}},"5":{"start":{"line":25,"column":8},"end":{"line":25,"column":87}},"6":{"start":{"line":29,"column":27},"end":{"line":29,"column":48}},"7":{"start":{"line":30,"column":8},"end":{"line":39,"column":9}},"8":{"start":{"line":31,"column":12},"end":{"line":31,"column":56}},"9":{"start":{"line":32,"column":12},"end":{"line":32,"column":78}},"10":{"start":{"line":33,"column":12},"end":{"line":35,"column":13}},"11":{"start":{"line":34,"column":16},"end":{"line":34,"column":64}},"12":{"start":{"line":37,"column":12},"end":{"line":38,"column":64}},"13":{"start":{"line":38,"column":16},"end":{"line":38,"column":64}},"14":{"start":{"line":47,"column":8},"end":{"line":69,"column":9}},"15":{"start":{"line":55,"column":58},"end":{"line":55,"column":73}},"16":{"start":{"line":57,"column":35},"end":{"line":57,"column":49}},"17":{"start":{"line":61,"column":50},"end":{"line":61,"column":123}},"18":{"start":{"line":62,"column":46},"end":{"line":62,"column":86}},"19":{"start":{"line":73,"column":15},"end":{"line":91,"column":2}}},"fnMap":{"0":{"name":"(anonymous_0)","decl":{"start":{"line":10,"column":4},"end":{"line":10,"column":5}},"loc":{"start":{"line":10,"column":23},"end":{"line":18,"column":5}},"line":10},"1":{"name":"(anonymous_1)","decl":{"start":{"line":20,"column":4},"end":{"line":20,"column":5}},"loc":{"start":{"line":20,"column":15},"end":{"line":22,"column":5}},"line":20},"2":{"name":"(anonymous_2)","decl":{"start":{"line":24,"column":20},"end":{"line":24,"column":21}},"loc":{"start":{"line":25,"column":8},"end":{"line":25,"column":87}},"line":25},"3":{"name":"(anonymous_3)","decl":{"start":{"line":28,"column":4},"end":{"line":28,"column":5}},"loc":{"start":{"line":28,"column":59},"end":{"line":40,"column":5}},"line":28},"4":{"name":"(anonymous_4)","decl":{"start":{"line":46,"column":4},"end":{"line":46,"column":5}},"loc":{"start":{"line":46,"column":13},"end":{"line":70,"column":5}},"line":46},"5":{"name":"(anonymous_5)","decl":{"start":{"line":55,"column":52},"end":{"line":55,"column":53}},"loc":{"start":{"line":55,"column":58},"end":{"line":55,"column":73}},"line":55},"6":{"name":"(anonymous_6)","decl":{"start":{"line":57,"column":29},"end":{"line":57,"column":30}},"loc":{"start":{"line":57,"column":35},"end":{"line":57,"column":49}},"line":57},"7":{"name":"(anonymous_7)","decl":{"start":{"line":61,"column":36},"end":{"line":61,"column":37}},"loc":{"start":{"line":61,"column":50},"end":{"line":61,"column":123}},"line":61},"8":{"name":"(anonymous_8)","decl":{"start":{"line":62,"column":38},"end":{"line":62,"column":39}},"loc":{"start":{"line":62,"column":46},"end":{"line":62,"column":86}},"line":62}},"branchMap":{"0":{"loc":{"start":{"line":30,"column":8},"end":{"line":39,"column":9}},"type":"if","locations":[{"start":{"line":30,"column":8},"end":{"line":39,"column":9}},{"start":{"line":30,"column":8},"end":{"line":39,"column":9}}],"line":30},"1":{"loc":{"start":{"line":30,"column":13},"end":{"line":30,"column":66}},"type":"binary-expr","locations":[{"start":{"line":30,"column":13},"end":{"line":30,"column":37}},{"start":{"line":30,"column":41},"end":{"line":30,"column":66}}],"line":30},"2":{"loc":{"start":{"line":33,"column":12},"end":{"line":35,"column":13}},"type":"if","locations":[{"start":{"line":33,"column":12},"end":{"line":35,"column":13}},{"start":{"line":33,"column":12},"end":{"line":35,"column":13}}],"line":33},"3":{"loc":{"start":{"line":37,"column":12},"end":{"line":38,"column":64}},"type":"if","locations":[{"start":{"line":37,"column":12},"end":{"line":38,"column":64}},{"start":{"line":37,"column":12},"end":{"line":38,"column":64}}],"line":37},"4":{"loc":{"start":{"line":37,"column":17},"end":{"line":37,"column":71}},"type":"binary-expr","locations":[{"start":{"line":37,"column":17},"end":{"line":37,"column":42}},{"start":{"line":37,"column":46},"end":{"line":37,"column":71}}],"line":37},"5":{"loc":{"start":{"line":49,"column":18},"end":{"line":53,"column":72}},"type":"cond-expr","locations":[{"start":{"line":50,"column":22},"end":{"line":52,"column":29}},{"start":{"line":53,"column":24},"end":{"line":53,"column":70}}],"line":49}},"s":{"0":2,"1":7,"2":7,"3":7,"4":2,"5":21,"6":6,"7":6,"8":4,"9":4,"10":4,"11":1,"12":4,"13":1,"14":7,"15":1,"16":8,"17":1,"18":65,"19":2},"f":{"0":7,"1":2,"2":21,"3":6,"4":7,"5":1,"6":8,"7":1,"8":65},"b":{"0":[4,2],"1":[6,5],"2":[1,3],"3":[1,3],"4":[4,3],"5":[6,1]},"_coverageSchema":"43e27e138ebf9cfc5966b082cf9a028302ed4184","hash":"8e1929a8c6fe9c856f9d82b4e16a1ed4299140da"}
,"/Users/josemanuelbaezsoriano/Desktop/Manolin/pipeline/pipelineApp/components/homeComponents/turnViewWithDate.js": {"path":"/Users/josemanuelbaezsoriano/Desktop/Manolin/pipeline/pipelineApp/components/homeComponents/turnViewWithDate.js","statementMap":{"0":{"start":{"line":8,"column":8},"end":{"line":8,"column":21}},"1":{"start":{"line":9,"column":8},"end":{"line":9,"column":48}},"2":{"start":{"line":10,"column":8},"end":{"line":10,"column":53}},"3":{"start":{"line":14,"column":8},"end":{"line":15,"column":25}},"4":{"start":{"line":15,"column":12},"end":{"line":15,"column":25}},"5":{"start":{"line":16,"column":8},"end":{"line":17,"column":25}},"6":{"start":{"line":17,"column":12},"end":{"line":17,"column":25}},"7":{"start":{"line":18,"column":8},"end":{"line":19,"column":25}},"8":{"start":{"line":19,"column":12},"end":{"line":19,"column":25}},"9":{"start":{"line":20,"column":8},"end":{"line":20,"column":20}},"10":{"start":{"line":24,"column":8},"end":{"line":24,"column":38}},"11":{"start":{"line":28,"column":8},"end":{"line":28,"column":47}},"12":{"start":{"line":32,"column":39},"end":{"line":32,"column":60}},"13":{"start":{"line":33,"column":8},"end":{"line":56,"column":9}},"14":{"start":{"line":60,"column":17},"end":{"line":60,"column":52}},"15":{"start":{"line":61,"column":16},"end":{"line":61,"column":26}},"16":{"start":{"line":62,"column":17},"end":{"line":66,"column":1}},"17":{"start":{"line":68,"column":15},"end":{"line":107,"column":2}}},"fnMap":{"0":{"name":"(anonymous_0)","decl":{"start":{"line":7,"column":4},"end":{"line":7,"column":5}},"loc":{"start":{"line":7,"column":23},"end":{"line":11,"column":5}},"line":7},"1":{"name":"(anonymous_1)","decl":{"start":{"line":13,"column":4},"end":{"line":13,"column":5}},"loc":{"start":{"line":13,"column":14},"end":{"line":21,"column":5}},"line":13},"2":{"name":"(anonymous_2)","decl":{"start":{"line":23,"column":4},"end":{"line":23,"column":5}},"loc":{"start":{"line":23,"column":16},"end":{"line":25,"column":5}},"line":23},"3":{"name":"(anonymous_3)","decl":{"start":{"line":27,"column":4},"end":{"line":27,"column":5}},"loc":{"start":{"line":27,"column":17},"end":{"line":29,"column":5}},"line":27},"4":{"name":"(anonymous_4)","decl":{"start":{"line":31,"column":4},"end":{"line":31,"column":5}},"loc":{"start":{"line":31,"column":13},"end":{"line":57,"column":5}},"line":31}},"branchMap":{"0":{"loc":{"start":{"line":14,"column":8},"end":{"line":15,"column":25}},"type":"if","locations":[{"start":{"line":14,"column":8},"end":{"line":15,"column":25}},{"start":{"line":14,"column":8},"end":{"line":15,"column":25}}],"line":14},"1":{"loc":{"start":{"line":16,"column":8},"end":{"line":17,"column":25}},"type":"if","locations":[{"start":{"line":16,"column":8},"end":{"line":17,"column":25}},{"start":{"line":16,"column":8},"end":{"line":17,"column":25}}],"line":16},"2":{"loc":{"start":{"line":18,"column":8},"end":{"line":19,"column":25}},"type":"if","locations":[{"start":{"line":18,"column":8},"end":{"line":19,"column":25}},{"start":{"line":18,"column":8},"end":{"line":19,"column":25}}],"line":18},"3":{"loc":{"start":{"line":47,"column":28},"end":{"line":47,"column":94}},"type":"cond-expr","locations":[{"start":{"line":47,"column":47},"end":{"line":47,"column":69}},{"start":{"line":47,"column":72},"end":{"line":47,"column":94}}],"line":47},"4":{"loc":{"start":{"line":51,"column":34},"end":{"line":51,"column":88}},"type":"cond-expr","locations":[{"start":{"line":51,"column":51},"end":{"line":51,"column":71}},{"start":{"line":51,"column":73},"end":{"line":51,"column":88}}],"line":51}},"s":{"0":11,"1":11,"2":11,"3":8,"4":1,"5":7,"6":4,"7":3,"8":1,"9":2,"10":6,"11":1,"12":4,"13":4,"14":3,"15":3,"16":3,"17":3},"f":{"0":11,"1":8,"2":6,"3":1,"4":4},"b":{"0":[1,7],"1":[4,3],"2":[1,2],"3":[1,3],"4":[1,3]},"_coverageSchema":"43e27e138ebf9cfc5966b082cf9a028302ed4184","hash":"672e4a783161c2350121553594fd0c00fa5fa23a"}
,"/Users/josemanuelbaezsoriano/Desktop/Manolin/pipeline/pipelineApp/components/homeComponents/buttons/globalButton.js": {"path":"/Users/josemanuelbaezsoriano/Desktop/Manolin/pipeline/pipelineApp/components/homeComponents/buttons/globalButton.js","statementMap":{"0":{"start":{"line":10,"column":8},"end":{"line":10,"column":21}},"1":{"start":{"line":14,"column":8},"end":{"line":29,"column":28}},"2":{"start":{"line":33,"column":15},"end":{"line":60,"column":2}}},"fnMap":{"0":{"name":"(anonymous_0)","decl":{"start":{"line":9,"column":4},"end":{"line":9,"column":5}},"loc":{"start":{"line":9,"column":23},"end":{"line":11,"column":5}},"line":9},"1":{"name":"(anonymous_1)","decl":{"start":{"line":13,"column":4},"end":{"line":13,"column":5}},"loc":{"start":{"line":13,"column":13},"end":{"line":30,"column":5}},"line":13}},"branchMap":{},"s":{"0":3,"1":3,"2":2},"f":{"0":3,"1":3},"b":{},"_coverageSchema":"43e27e138ebf9cfc5966b082cf9a028302ed4184","hash":"6bd2d395737d346b2ab47c4c46dd898a8a92f29c"}
,"/Users/josemanuelbaezsoriano/Desktop/Manolin/pipeline/pipelineApp/components/homeComponents/buttons/midBlueButton.js": {"path":"/Users/josemanuelbaezsoriano/Desktop/Manolin/pipeline/pipelineApp/components/homeComponents/buttons/midBlueButton.js","statementMap":{"0":{"start":{"line":8,"column":8},"end":{"line":8,"column":21}},"1":{"start":{"line":12,"column":8},"end":{"line":23,"column":28}},"2":{"start":{"line":27,"column":15},"end":{"line":44,"column":2}}},"fnMap":{"0":{"name":"(anonymous_0)","decl":{"start":{"line":7,"column":4},"end":{"line":7,"column":5}},"loc":{"start":{"line":7,"column":23},"end":{"line":9,"column":5}},"line":7},"1":{"name":"(anonymous_1)","decl":{"start":{"line":11,"column":4},"end":{"line":11,"column":5}},"loc":{"start":{"line":11,"column":13},"end":{"line":24,"column":5}},"line":11}},"branchMap":{},"s":{"0":3,"1":3,"2":2},"f":{"0":3,"1":3},"b":{},"_coverageSchema":"43e27e138ebf9cfc5966b082cf9a028302ed4184","hash":"76778fd7e1d4770212073cd46b26f206df4aa2dc"}
,"/Users/josemanuelbaezsoriano/Desktop/Manolin/pipeline/pipelineApp/components/homeComponents/buttons/midYellowButton.js": {"path":"/Users/josemanuelbaezsoriano/Desktop/Manolin/pipeline/pipelineApp/components/homeComponents/buttons/midYellowButton.js","statementMap":{"0":{"start":{"line":9,"column":8},"end":{"line":9,"column":21}},"1":{"start":{"line":13,"column":8},"end":{"line":24,"column":28}},"2":{"start":{"line":28,"column":15},"end":{"line":45,"column":2}}},"fnMap":{"0":{"name":"(anonymous_0)","decl":{"start":{"line":8,"column":4},"end":{"line":8,"column":5}},"loc":{"start":{"line":8,"column":23},"end":{"line":10,"column":5}},"line":8},"1":{"name":"(anonymous_1)","decl":{"start":{"line":12,"column":4},"end":{"line":12,"column":5}},"loc":{"start":{"line":12,"column":13},"end":{"line":25,"column":5}},"line":12}},"branchMap":{},"s":{"0":3,"1":3,"2":2},"f":{"0":3,"1":3},"b":{},"_coverageSchema":"43e27e138ebf9cfc5966b082cf9a028302ed4184","hash":"511f4f832cc43d3bde1610847bfe899e177b4d64"}
,"/Users/josemanuelbaezsoriano/Desktop/Manolin/pipeline/pipelineApp/components/homeComponents/changes/changeView.js": {"path":"/Users/josemanuelbaezsoriano/Desktop/Manolin/pipeline/pipelineApp/components/homeComponents/changes/changeView.js","statementMap":{"0":{"start":{"line":6,"column":18},"end":{"line":6,"column":33}},"1":{"start":{"line":11,"column":8},"end":{"line":11,"column":21}},"2":{"start":{"line":15,"column":25},"end":{"line":15,"column":31}},"3":{"start":{"line":16,"column":8},"end":{"line":19,"column":28}},"4":{"start":{"line":17,"column":12},"end":{"line":17,"column":28}},"5":{"start":{"line":18,"column":13},"end":{"line":19,"column":28}},"6":{"start":{"line":19,"column":12},"end":{"line":19,"column":28}},"7":{"start":{"line":20,"column":8},"end":{"line":20,"column":18}},"8":{"start":{"line":24,"column":23},"end":{"line":24,"column":40}},"9":{"start":{"line":26,"column":8},"end":{"line":50,"column":32}},"10":{"start":{"line":54,"column":15},"end":{"line":112,"column":2}}},"fnMap":{"0":{"name":"(anonymous_0)","decl":{"start":{"line":10,"column":4},"end":{"line":10,"column":5}},"loc":{"start":{"line":10,"column":23},"end":{"line":12,"column":5}},"line":10},"1":{"name":"(anonymous_1)","decl":{"start":{"line":14,"column":4},"end":{"line":14,"column":5}},"loc":{"start":{"line":14,"column":20},"end":{"line":21,"column":5}},"line":14},"2":{"name":"(anonymous_2)","decl":{"start":{"line":23,"column":4},"end":{"line":23,"column":5}},"loc":{"start":{"line":23,"column":13},"end":{"line":51,"column":5}},"line":23}},"branchMap":{"0":{"loc":{"start":{"line":16,"column":8},"end":{"line":19,"column":28}},"type":"if","locations":[{"start":{"line":16,"column":8},"end":{"line":19,"column":28}},{"start":{"line":16,"column":8},"end":{"line":19,"column":28}}],"line":16},"1":{"loc":{"start":{"line":18,"column":13},"end":{"line":19,"column":28}},"type":"if","locations":[{"start":{"line":18,"column":13},"end":{"line":19,"column":28}},{"start":{"line":18,"column":13},"end":{"line":19,"column":28}}],"line":18}},"s":{"0":2,"1":2,"2":4,"3":4,"4":2,"5":2,"6":1,"7":1,"8":1,"9":1,"10":2},"f":{"0":2,"1":4,"2":1},"b":{"0":[2,2],"1":[1,1]},"_coverageSchema":"43e27e138ebf9cfc5966b082cf9a028302ed4184","hash":"13c98cb14cb73ea2ab8aab8965c99199698eec92"}
,"/Users/josemanuelbaezsoriano/Desktop/Manolin/pipeline/pipelineApp/components/homeComponents/changes/changesQueue.js": {"path":"/Users/josemanuelbaezsoriano/Desktop/Manolin/pipeline/pipelineApp/components/homeComponents/changes/changesQueue.js","statementMap":{"0":{"start":{"line":8,"column":8},"end":{"line":8,"column":21}},"1":{"start":{"line":9,"column":8},"end":{"line":11,"column":9}},"2":{"start":{"line":15,"column":22},"end":{"line":15,"column":38}},"3":{"start":{"line":16,"column":8},"end":{"line":43,"column":11}},"4":{"start":{"line":24,"column":27},"end":{"line":24,"column":42}},"5":{"start":{"line":26,"column":12},"end":{"line":36,"column":13}},"6":{"start":{"line":27,"column":16},"end":{"line":30,"column":19}},"7":{"start":{"line":32,"column":16},"end":{"line":35,"column":19}},"8":{"start":{"line":39,"column":12},"end":{"line":42,"column":15}},"9":{"start":{"line":47,"column":8},"end":{"line":47,"column":40}},"10":{"start":{"line":51,"column":8},"end":{"line":51,"column":29}},"11":{"start":{"line":55,"column":8},"end":{"line":74,"column":9}},"12":{"start":{"line":56,"column":12},"end":{"line":56,"column":51}},"13":{"start":{"line":57,"column":15},"end":{"line":74,"column":9}},"14":{"start":{"line":58,"column":12},"end":{"line":58,"column":23}},"15":{"start":{"line":60,"column":12},"end":{"line":73,"column":14}},"16":{"start":{"line":67,"column":32},"end":{"line":67,"column":59}},"17":{"start":{"line":78,"column":15},"end":{"line":86,"column":2}}},"fnMap":{"0":{"name":"(anonymous_0)","decl":{"start":{"line":7,"column":4},"end":{"line":7,"column":5}},"loc":{"start":{"line":7,"column":22},"end":{"line":12,"column":5}},"line":7},"1":{"name":"(anonymous_1)","decl":{"start":{"line":14,"column":4},"end":{"line":14,"column":5}},"loc":{"start":{"line":14,"column":30},"end":{"line":44,"column":5}},"line":14},"2":{"name":"(anonymous_2)","decl":{"start":{"line":24,"column":15},"end":{"line":24,"column":16}},"loc":{"start":{"line":24,"column":27},"end":{"line":24,"column":42}},"line":24},"3":{"name":"(anonymous_3)","decl":{"start":{"line":25,"column":15},"end":{"line":25,"column":16}},"loc":{"start":{"line":25,"column":31},"end":{"line":37,"column":9}},"line":25},"4":{"name":"(anonymous_4)","decl":{"start":{"line":38,"column":16},"end":{"line":38,"column":17}},"loc":{"start":{"line":38,"column":23},"end":{"line":43,"column":9}},"line":38},"5":{"name":"(anonymous_5)","decl":{"start":{"line":46,"column":4},"end":{"line":46,"column":5}},"loc":{"start":{"line":46,"column":34},"end":{"line":48,"column":5}},"line":46},"6":{"name":"(anonymous_6)","decl":{"start":{"line":50,"column":4},"end":{"line":50,"column":5}},"loc":{"start":{"line":50,"column":23},"end":{"line":52,"column":5}},"line":50},"7":{"name":"(anonymous_7)","decl":{"start":{"line":54,"column":4},"end":{"line":54,"column":5}},"loc":{"start":{"line":54,"column":13},"end":{"line":75,"column":5}},"line":54},"8":{"name":"(anonymous_8)","decl":{"start":{"line":65,"column":36},"end":{"line":65,"column":37}},"loc":{"start":{"line":67,"column":32},"end":{"line":67,"column":59}},"line":67}},"branchMap":{"0":{"loc":{"start":{"line":26,"column":12},"end":{"line":36,"column":13}},"type":"if","locations":[{"start":{"line":26,"column":12},"end":{"line":36,"column":13}},{"start":{"line":26,"column":12},"end":{"line":36,"column":13}}],"line":26},"1":{"loc":{"start":{"line":55,"column":8},"end":{"line":74,"column":9}},"type":"if","locations":[{"start":{"line":55,"column":8},"end":{"line":74,"column":9}},{"start":{"line":55,"column":8},"end":{"line":74,"column":9}}],"line":55},"2":{"loc":{"start":{"line":57,"column":15},"end":{"line":74,"column":9}},"type":"if","locations":[{"start":{"line":57,"column":15},"end":{"line":74,"column":9}},{"start":{"line":57,"column":15},"end":{"line":74,"column":9}}],"line":57}},"s":{"0":3,"1":3,"2":6,"3":6,"4":3,"5":3,"6":2,"7":1,"8":3,"9":2,"10":1,"11":6,"12":2,"13":4,"14":3,"15":1,"16":1,"17":1},"f":{"0":3,"1":6,"2":3,"3":3,"4":3,"5":2,"6":1,"7":6,"8":1},"b":{"0":[2,1],"1":[2,4],"2":[3,1]},"_coverageSchema":"43e27e138ebf9cfc5966b082cf9a028302ed4184","hash":"4528c52ac27245c0006f562bbe335e075b0c738e"}
,"/Users/josemanuelbaezsoriano/Desktop/Manolin/pipeline/pipelineApp/components/loginComponents/inputComponent.js": {"path":"/Users/josemanuelbaezsoriano/Desktop/Manolin/pipeline/pipelineApp/components/loginComponents/inputComponent.js","statementMap":{"0":{"start":{"line":6,"column":8},"end":{"line":6,"column":21}},"1":{"start":{"line":10,"column":8},"end":{"line":16,"column":9}},"2":{"start":{"line":13,"column":74},"end":{"line":13,"column":107}},"3":{"start":{"line":20,"column":15},"end":{"line":41,"column":2}}},"fnMap":{"0":{"name":"(anonymous_0)","decl":{"start":{"line":5,"column":4},"end":{"line":5,"column":5}},"loc":{"start":{"line":5,"column":26},"end":{"line":7,"column":5}},"line":5},"1":{"name":"(anonymous_1)","decl":{"start":{"line":9,"column":4},"end":{"line":9,"column":5}},"loc":{"start":{"line":9,"column":13},"end":{"line":17,"column":5}},"line":9},"2":{"name":"(anonymous_2)","decl":{"start":{"line":13,"column":64},"end":{"line":13,"column":65}},"loc":{"start":{"line":13,"column":74},"end":{"line":13,"column":107}},"line":13}},"branchMap":{},"s":{"0":14,"1":18,"2":3,"3":2},"f":{"0":14,"1":18,"2":3},"b":{},"_coverageSchema":"43e27e138ebf9cfc5966b082cf9a028302ed4184","hash":"c623da33293316d08a2ad5f84db1faeafec8d165"}
,"/Users/josemanuelbaezsoriano/Desktop/Manolin/pipeline/pipelineApp/components/loginComponents/primaryButtonComponent.js": {"path":"/Users/josemanuelbaezsoriano/Desktop/Manolin/pipeline/pipelineApp/components/loginComponents/primaryButtonComponent.js","statementMap":{"0":{"start":{"line":9,"column":4},"end":{"line":9,"column":17}},"1":{"start":{"line":13,"column":4},"end":{"line":25,"column":5}},"2":{"start":{"line":14,"column":41},"end":{"line":14,"column":69}},"3":{"start":{"line":29,"column":15},"end":{"line":46,"column":2}}},"fnMap":{"0":{"name":"(anonymous_0)","decl":{"start":{"line":8,"column":2},"end":{"line":8,"column":3}},"loc":{"start":{"line":8,"column":21},"end":{"line":10,"column":3}},"line":8},"1":{"name":"(anonymous_1)","decl":{"start":{"line":12,"column":2},"end":{"line":12,"column":3}},"loc":{"start":{"line":12,"column":11},"end":{"line":26,"column":3}},"line":12},"2":{"name":"(anonymous_2)","decl":{"start":{"line":14,"column":33},"end":{"line":14,"column":34}},"loc":{"start":{"line":14,"column":39},"end":{"line":14,"column":71}},"line":14}},"branchMap":{},"s":{"0":8,"1":10,"2":2,"3":2},"f":{"0":8,"1":10,"2":2},"b":{},"_coverageSchema":"43e27e138ebf9cfc5966b082cf9a028302ed4184","hash":"433159402eed00fdfda24287534b9f969d07d69f"}
,"/Users/josemanuelbaezsoriano/Desktop/Manolin/pipeline/pipelineApp/mockedData/mockedNurse.js": {"path":"/Users/josemanuelbaezsoriano/Desktop/Manolin/pipeline/pipelineApp/mockedData/mockedNurse.js","statementMap":{"0":{"start":{"line":1,"column":0},"end":{"line":2560,"column":2}}},"fnMap":{},"branchMap":{},"s":{"0":5},"f":{},"b":{},"_coverageSchema":"43e27e138ebf9cfc5966b082cf9a028302ed4184","hash":"6e8c92fe01bff51f7b1fd1ed14e5c21c79bcad93"}
,"/Users/josemanuelbaezsoriano/Desktop/Manolin/pipeline/pipelineApp/screens/globalScreen.js": {"path":"/Users/josemanuelbaezsoriano/Desktop/Manolin/pipeline/pipelineApp/screens/globalScreen.js","statementMap":{"0":{"start":{"line":10,"column":8},"end":{"line":10,"column":21}},"1":{"start":{"line":11,"column":8},"end":{"line":15,"column":9}},"2":{"start":{"line":19,"column":22},"end":{"line":19,"column":54}},"3":{"start":{"line":20,"column":8},"end":{"line":39,"column":11}},"4":{"start":{"line":28,"column":27},"end":{"line":28,"column":42}},"5":{"start":{"line":30,"column":12},"end":{"line":33,"column":15}},"6":{"start":{"line":36,"column":12},"end":{"line":38,"column":15}},"7":{"start":{"line":43,"column":8},"end":{"line":43,"column":51}},"8":{"start":{"line":47,"column":8},"end":{"line":53,"column":9}},"9":{"start":{"line":48,"column":12},"end":{"line":52,"column":13}},"10":{"start":{"line":55,"column":8},"end":{"line":61,"column":9}},"11":{"start":{"line":56,"column":12},"end":{"line":60,"column":13}},"12":{"start":{"line":63,"column":8},"end":{"line":77,"column":9}},"13":{"start":{"line":73,"column":28},"end":{"line":73,"column":74}},"14":{"start":{"line":81,"column":15},"end":{"line":107,"column":2}},"15":{"start":{"line":109,"column":15},"end":{"line":122,"column":1}}},"fnMap":{"0":{"name":"(anonymous_0)","decl":{"start":{"line":9,"column":4},"end":{"line":9,"column":5}},"loc":{"start":{"line":9,"column":23},"end":{"line":16,"column":5}},"line":9},"1":{"name":"(anonymous_1)","decl":{"start":{"line":18,"column":4},"end":{"line":18,"column":5}},"loc":{"start":{"line":18,"column":30},"end":{"line":40,"column":5}},"line":18},"2":{"name":"(anonymous_2)","decl":{"start":{"line":28,"column":15},"end":{"line":28,"column":16}},"loc":{"start":{"line":28,"column":27},"end":{"line":28,"column":42}},"line":28},"3":{"name":"(anonymous_3)","decl":{"start":{"line":29,"column":15},"end":{"line":29,"column":16}},"loc":{"start":{"line":29,"column":25},"end":{"line":34,"column":9}},"line":29},"4":{"name":"(anonymous_4)","decl":{"start":{"line":35,"column":16},"end":{"line":35,"column":17}},"loc":{"start":{"line":35,"column":23},"end":{"line":39,"column":9}},"line":35},"5":{"name":"(anonymous_5)","decl":{"start":{"line":42,"column":4},"end":{"line":42,"column":5}},"loc":{"start":{"line":42,"column":28},"end":{"line":44,"column":5}},"line":42},"6":{"name":"(anonymous_6)","decl":{"start":{"line":46,"column":4},"end":{"line":46,"column":5}},"loc":{"start":{"line":46,"column":13},"end":{"line":78,"column":5}},"line":46},"7":{"name":"(anonymous_7)","decl":{"start":{"line":72,"column":34},"end":{"line":72,"column":35}},"loc":{"start":{"line":72,"column":50},"end":{"line":74,"column":25}},"line":72}},"branchMap":{"0":{"loc":{"start":{"line":47,"column":8},"end":{"line":53,"column":9}},"type":"if","locations":[{"start":{"line":47,"column":8},"end":{"line":53,"column":9}},{"start":{"line":47,"column":8},"end":{"line":53,"column":9}}],"line":47},"1":{"loc":{"start":{"line":55,"column":8},"end":{"line":61,"column":9}},"type":"if","locations":[{"start":{"line":55,"column":8},"end":{"line":61,"column":9}},{"start":{"line":55,"column":8},"end":{"line":61,"column":9}}],"line":55},"2":{"loc":{"start":{"line":65,"column":18},"end":{"line":67,"column":69}},"type":"cond-expr","locations":[{"start":{"line":66,"column":22},"end":{"line":66,"column":112}},{"start":{"line":67,"column":24},"end":{"line":67,"column":67}}],"line":65}},"s":{"0":6,"1":6,"2":7,"3":5,"4":1,"5":1,"6":4,"7":7,"8":12,"9":4,"10":8,"11":5,"12":3,"13":1,"14":1,"15":1},"f":{"0":6,"1":7,"2":1,"3":1,"4":4,"5":7,"6":12,"7":1},"b":{"0":[4,8],"1":[5,3],"2":[2,1]},"_coverageSchema":"43e27e138ebf9cfc5966b082cf9a028302ed4184","hash":"e76a7bc5c65f015400ba4827e3c7966fe7a628c3"}
,"/Users/josemanuelbaezsoriano/Desktop/Manolin/pipeline/pipelineApp/screens/homeScreen.js": {"path":"/Users/josemanuelbaezsoriano/Desktop/Manolin/pipeline/pipelineApp/screens/homeScreen.js","statementMap":{"0":{"start":{"line":17,"column":8},"end":{"line":17,"column":21}},"1":{"start":{"line":18,"column":8},"end":{"line":22,"column":9}},"2":{"start":{"line":23,"column":8},"end":{"line":23,"column":61}},"3":{"start":{"line":24,"column":8},"end":{"line":24,"column":31}},"4":{"start":{"line":25,"column":8},"end":{"line":25,"column":55}},"5":{"start":{"line":26,"column":8},"end":{"line":26,"column":56}},"6":{"start":{"line":27,"column":8},"end":{"line":27,"column":54}},"7":{"start":{"line":31,"column":8},"end":{"line":50,"column":11}},"8":{"start":{"line":39,"column":26},"end":{"line":39,"column":41}},"9":{"start":{"line":41,"column":12},"end":{"line":44,"column":15}},"10":{"start":{"line":47,"column":12},"end":{"line":49,"column":14}},"11":{"start":{"line":54,"column":8},"end":{"line":54,"column":54}},"12":{"start":{"line":58,"column":23},"end":{"line":68,"column":9}},"13":{"start":{"line":70,"column":8},"end":{"line":89,"column":10}},"14":{"start":{"line":84,"column":12},"end":{"line":84,"column":31}},"15":{"start":{"line":85,"column":12},"end":{"line":85,"column":36}},"16":{"start":{"line":88,"column":12},"end":{"line":88,"column":29}},"17":{"start":{"line":93,"column":8},"end":{"line":93,"column":34}},"18":{"start":{"line":94,"column":8},"end":{"line":94,"column":27}},"19":{"start":{"line":98,"column":8},"end":{"line":100,"column":11}},"20":{"start":{"line":104,"column":8},"end":{"line":104,"column":33}},"21":{"start":{"line":105,"column":8},"end":{"line":105,"column":27}},"22":{"start":{"line":109,"column":8},"end":{"line":109,"column":61}},"23":{"start":{"line":113,"column":8},"end":{"line":116,"column":10}},"24":{"start":{"line":129,"column":8},"end":{"line":167,"column":9}},"25":{"start":{"line":130,"column":12},"end":{"line":134,"column":13}},"26":{"start":{"line":135,"column":15},"end":{"line":167,"column":9}},"27":{"start":{"line":136,"column":12},"end":{"line":140,"column":13}},"28":{"start":{"line":142,"column":12},"end":{"line":166,"column":13}},"29":{"start":{"line":147,"column":24},"end":{"line":147,"column":51}},"30":{"start":{"line":151,"column":28},"end":{"line":151,"column":58}},"31":{"start":{"line":154,"column":28},"end":{"line":154,"column":57}},"32":{"start":{"line":171,"column":15},"end":{"line":189,"column":2}}},"fnMap":{"0":{"name":"(anonymous_0)","decl":{"start":{"line":16,"column":4},"end":{"line":16,"column":5}},"loc":{"start":{"line":16,"column":23},"end":{"line":28,"column":5}},"line":16},"1":{"name":"(anonymous_1)","decl":{"start":{"line":30,"column":4},"end":{"line":30,"column":5}},"loc":{"start":{"line":30,"column":30},"end":{"line":51,"column":5}},"line":30},"2":{"name":"(anonymous_2)","decl":{"start":{"line":39,"column":14},"end":{"line":39,"column":15}},"loc":{"start":{"line":39,"column":26},"end":{"line":39,"column":41}},"line":39},"3":{"name":"(anonymous_3)","decl":{"start":{"line":40,"column":14},"end":{"line":40,"column":15}},"loc":{"start":{"line":40,"column":22},"end":{"line":45,"column":9}},"line":40},"4":{"name":"(anonymous_4)","decl":{"start":{"line":46,"column":15},"end":{"line":46,"column":16}},"loc":{"start":{"line":46,"column":22},"end":{"line":50,"column":9}},"line":46},"5":{"name":"(anonymous_5)","decl":{"start":{"line":53,"column":4},"end":{"line":53,"column":5}},"loc":{"start":{"line":53,"column":35},"end":{"line":55,"column":5}},"line":53},"6":{"name":"(anonymous_6)","decl":{"start":{"line":57,"column":4},"end":{"line":57,"column":5}},"loc":{"start":{"line":57,"column":61},"end":{"line":90,"column":5}},"line":57},"7":{"name":"(anonymous_7)","decl":{"start":{"line":83,"column":15},"end":{"line":83,"column":16}},"loc":{"start":{"line":83,"column":21},"end":{"line":86,"column":9}},"line":83},"8":{"name":"(anonymous_8)","decl":{"start":{"line":87,"column":16},"end":{"line":87,"column":17}},"loc":{"start":{"line":87,"column":23},"end":{"line":89,"column":9}},"line":87},"9":{"name":"(anonymous_9)","decl":{"start":{"line":92,"column":4},"end":{"line":92,"column":5}},"loc":{"start":{"line":92,"column":23},"end":{"line":95,"column":5}},"line":92},"10":{"name":"(anonymous_10)","decl":{"start":{"line":97,"column":4},"end":{"line":97,"column":5}},"loc":{"start":{"line":97,"column":18},"end":{"line":101,"column":5}},"line":97},"11":{"name":"(anonymous_11)","decl":{"start":{"line":103,"column":4},"end":{"line":103,"column":5}},"loc":{"start":{"line":103,"column":21},"end":{"line":106,"column":5}},"line":103},"12":{"name":"(anonymous_12)","decl":{"start":{"line":108,"column":4},"end":{"line":108,"column":5}},"loc":{"start":{"line":108,"column":38},"end":{"line":110,"column":5}},"line":108},"13":{"name":"(anonymous_13)","decl":{"start":{"line":112,"column":4},"end":{"line":112,"column":5}},"loc":{"start":{"line":112,"column":26},"end":{"line":117,"column":5}},"line":112},"14":{"name":"(anonymous_14)","decl":{"start":{"line":119,"column":4},"end":{"line":119,"column":5}},"loc":{"start":{"line":119,"column":29},"end":{"line":121,"column":5}},"line":119},"15":{"name":"(anonymous_15)","decl":{"start":{"line":123,"column":4},"end":{"line":123,"column":5}},"loc":{"start":{"line":123,"column":28},"end":{"line":125,"column":5}},"line":123},"16":{"name":"(anonymous_16)","decl":{"start":{"line":128,"column":4},"end":{"line":128,"column":5}},"loc":{"start":{"line":128,"column":13},"end":{"line":168,"column":5}},"line":128},"17":{"name":"(anonymous_17)","decl":{"start":{"line":146,"column":69},"end":{"line":146,"column":70}},"loc":{"start":{"line":146,"column":75},"end":{"line":148,"column":21}},"line":146},"18":{"name":"(anonymous_18)","decl":{"start":{"line":150,"column":71},"end":{"line":150,"column":72}},"loc":{"start":{"line":150,"column":77},"end":{"line":152,"column":25}},"line":150},"19":{"name":"(anonymous_19)","decl":{"start":{"line":153,"column":67},"end":{"line":153,"column":68}},"loc":{"start":{"line":153,"column":71},"end":{"line":155,"column":25}},"line":153}},"branchMap":{"0":{"loc":{"start":{"line":129,"column":8},"end":{"line":167,"column":9}},"type":"if","locations":[{"start":{"line":129,"column":8},"end":{"line":167,"column":9}},{"start":{"line":129,"column":8},"end":{"line":167,"column":9}}],"line":129},"1":{"loc":{"start":{"line":135,"column":15},"end":{"line":167,"column":9}},"type":"if","locations":[{"start":{"line":135,"column":15},"end":{"line":167,"column":9}},{"start":{"line":135,"column":15},"end":{"line":167,"column":9}}],"line":135}},"s":{"0":10,"1":10,"2":10,"3":10,"4":10,"5":10,"6":10,"7":6,"8":1,"9":1,"10":4,"11":6,"12":0,"13":0,"14":0,"15":0,"16":0,"17":0,"18":0,"19":0,"20":0,"21":0,"22":10,"23":1,"24":12,"25":4,"26":8,"27":4,"28":4,"29":1,"30":1,"31":1,"32":1},"f":{"0":10,"1":6,"2":1,"3":1,"4":4,"5":6,"6":0,"7":0,"8":0,"9":0,"10":0,"11":0,"12":10,"13":1,"14":1,"15":1,"16":12,"17":1,"18":1,"19":1},"b":{"0":[4,8],"1":[4,4]},"_coverageSchema":"43e27e138ebf9cfc5966b082cf9a028302ed4184","hash":"41c4d594f4b1000cf6f5c5c4b6d43da59469862b"}
,"/Users/josemanuelbaezsoriano/Desktop/Manolin/pipeline/pipelineApp/screens/loginScreen.js": {"path":"/Users/josemanuelbaezsoriano/Desktop/Manolin/pipeline/pipelineApp/screens/loginScreen.js","statementMap":{"0":{"start":{"line":13,"column":28},"end":{"line":13,"column":70}},"1":{"start":{"line":14,"column":28},"end":{"line":14,"column":68}},"2":{"start":{"line":19,"column":8},"end":{"line":19,"column":21}},"3":{"start":{"line":20,"column":8},"end":{"line":25,"column":32}},"4":{"start":{"line":29,"column":8},"end":{"line":32,"column":11}},"5":{"start":{"line":33,"column":8},"end":{"line":33,"column":32}},"6":{"start":{"line":35,"column":8},"end":{"line":35,"column":44}},"7":{"start":{"line":42,"column":8},"end":{"line":44,"column":9}},"8":{"start":{"line":43,"column":12},"end":{"line":43,"column":19}},"9":{"start":{"line":48,"column":8},"end":{"line":99,"column":11}},"10":{"start":{"line":60,"column":27},"end":{"line":60,"column":42}},"11":{"start":{"line":63,"column":12},"end":{"line":75,"column":13}},"12":{"start":{"line":64,"column":16},"end":{"line":67,"column":19}},"13":{"start":{"line":68,"column":16},"end":{"line":68,"column":52}},"14":{"start":{"line":69,"column":19},"end":{"line":75,"column":13}},"15":{"start":{"line":70,"column":16},"end":{"line":73,"column":19}},"16":{"start":{"line":74,"column":16},"end":{"line":74,"column":52}},"17":{"start":{"line":77,"column":12},"end":{"line":77,"column":39}},"18":{"start":{"line":80,"column":12},"end":{"line":81,"column":41}},"19":{"start":{"line":90,"column":12},"end":{"line":90,"column":39}},"20":{"start":{"line":95,"column":12},"end":{"line":98,"column":15}},"21":{"start":{"line":105,"column":8},"end":{"line":134,"column":11}},"22":{"start":{"line":107,"column":12},"end":{"line":119,"column":13}},"23":{"start":{"line":108,"column":16},"end":{"line":108,"column":35}},"24":{"start":{"line":109,"column":16},"end":{"line":116,"column":19}},"25":{"start":{"line":118,"column":16},"end":{"line":118,"column":49}},"26":{"start":{"line":122,"column":26},"end":{"line":122,"column":41}},"27":{"start":{"line":125,"column":12},"end":{"line":127,"column":13}},"28":{"start":{"line":126,"column":16},"end":{"line":126,"column":48}},"29":{"start":{"line":138,"column":8},"end":{"line":138,"column":40}},"30":{"start":{"line":142,"column":23},"end":{"line":152,"column":10}},"31":{"start":{"line":154,"column":8},"end":{"line":154,"column":47}},"32":{"start":{"line":158,"column":37},"end":{"line":158,"column":47}},"33":{"start":{"line":160,"column":8},"end":{"line":172,"column":9}},"34":{"start":{"line":161,"column":12},"end":{"line":164,"column":15}},"35":{"start":{"line":165,"column":12},"end":{"line":165,"column":25}},"36":{"start":{"line":166,"column":15},"end":{"line":172,"column":9}},"37":{"start":{"line":167,"column":12},"end":{"line":170,"column":15}},"38":{"start":{"line":171,"column":12},"end":{"line":171,"column":25}},"39":{"start":{"line":174,"column":8},"end":{"line":174,"column":20}},"40":{"start":{"line":178,"column":8},"end":{"line":231,"column":9}},"41":{"start":{"line":179,"column":12},"end":{"line":224,"column":13}},"42":{"start":{"line":192,"column":32},"end":{"line":192,"column":70}},"43":{"start":{"line":198,"column":32},"end":{"line":198,"column":70}},"44":{"start":{"line":203,"column":32},"end":{"line":203,"column":51}},"45":{"start":{"line":218,"column":48},"end":{"line":218,"column":64}},"46":{"start":{"line":226,"column":12},"end":{"line":230,"column":13}},"47":{"start":{"line":235,"column":8},"end":{"line":240,"column":11}},"48":{"start":{"line":244,"column":8},"end":{"line":249,"column":11}},"49":{"start":{"line":253,"column":8},"end":{"line":257,"column":11}}},"fnMap":{"0":{"name":"(anonymous_0)","decl":{"start":{"line":18,"column":4},"end":{"line":18,"column":5}},"loc":{"start":{"line":18,"column":23},"end":{"line":26,"column":5}},"line":18},"1":{"name":"(anonymous_1)","decl":{"start":{"line":28,"column":4},"end":{"line":28,"column":5}},"loc":{"start":{"line":28,"column":30},"end":{"line":36,"column":5}},"line":28},"2":{"name":"(anonymous_2)","decl":{"start":{"line":38,"column":4},"end":{"line":38,"column":5}},"loc":{"start":{"line":38,"column":25},"end":{"line":100,"column":5}},"line":38},"3":{"name":"(anonymous_3)","decl":{"start":{"line":60,"column":15},"end":{"line":60,"column":16}},"loc":{"start":{"line":60,"column":27},"end":{"line":60,"column":42}},"line":60},"4":{"name":"(anonymous_4)","decl":{"start":{"line":62,"column":15},"end":{"line":62,"column":16}},"loc":{"start":{"line":62,"column":31},"end":{"line":82,"column":9}},"line":62},"5":{"name":"(anonymous_5)","decl":{"start":{"line":84,"column":14},"end":{"line":84,"column":15}},"loc":{"start":{"line":84,"column":20},"end":{"line":91,"column":9}},"line":84},"6":{"name":"(anonymous_6)","decl":{"start":{"line":93,"column":16},"end":{"line":93,"column":17}},"loc":{"start":{"line":93,"column":23},"end":{"line":99,"column":9}},"line":93},"7":{"name":"(anonymous_7)","decl":{"start":{"line":102,"column":4},"end":{"line":102,"column":5}},"loc":{"start":{"line":102,"column":23},"end":{"line":135,"column":5}},"line":102},"8":{"name":"(anonymous_8)","decl":{"start":{"line":106,"column":15},"end":{"line":106,"column":16}},"loc":{"start":{"line":106,"column":24},"end":{"line":120,"column":9}},"line":106},"9":{"name":"(anonymous_9)","decl":{"start":{"line":122,"column":14},"end":{"line":122,"column":15}},"loc":{"start":{"line":122,"column":26},"end":{"line":122,"column":41}},"line":122},"10":{"name":"(anonymous_10)","decl":{"start":{"line":124,"column":14},"end":{"line":124,"column":15}},"loc":{"start":{"line":124,"column":30},"end":{"line":128,"column":9}},"line":124},"11":{"name":"(anonymous_11)","decl":{"start":{"line":130,"column":15},"end":{"line":130,"column":16}},"loc":{"start":{"line":130,"column":24},"end":{"line":134,"column":9}},"line":130},"12":{"name":"(anonymous_12)","decl":{"start":{"line":137,"column":4},"end":{"line":137,"column":5}},"loc":{"start":{"line":137,"column":34},"end":{"line":139,"column":5}},"line":137},"13":{"name":"(anonymous_13)","decl":{"start":{"line":141,"column":4},"end":{"line":141,"column":5}},"loc":{"start":{"line":141,"column":31},"end":{"line":155,"column":5}},"line":141},"14":{"name":"(anonymous_14)","decl":{"start":{"line":157,"column":4},"end":{"line":157,"column":5}},"loc":{"start":{"line":157,"column":16},"end":{"line":175,"column":5}},"line":157},"15":{"name":"(anonymous_15)","decl":{"start":{"line":177,"column":4},"end":{"line":177,"column":5}},"loc":{"start":{"line":177,"column":13},"end":{"line":232,"column":5}},"line":177},"16":{"name":"(anonymous_16)","decl":{"start":{"line":191,"column":49},"end":{"line":191,"column":50}},"loc":{"start":{"line":191,"column":62},"end":{"line":193,"column":29}},"line":191},"17":{"name":"(anonymous_17)","decl":{"start":{"line":197,"column":49},"end":{"line":197,"column":50}},"loc":{"start":{"line":197,"column":62},"end":{"line":199,"column":29}},"line":197},"18":{"name":"(anonymous_18)","decl":{"start":{"line":202,"column":48},"end":{"line":202,"column":49}},"loc":{"start":{"line":202,"column":54},"end":{"line":204,"column":29}},"line":202},"19":{"name":"(anonymous_19)","decl":{"start":{"line":213,"column":43},"end":{"line":213,"column":44}},"loc":{"start":{"line":213,"column":49},"end":{"line":213,"column":51}},"line":213},"20":{"name":"(anonymous_20)","decl":{"start":{"line":218,"column":40},"end":{"line":218,"column":41}},"loc":{"start":{"line":218,"column":46},"end":{"line":218,"column":66}},"line":218},"21":{"name":"(anonymous_21)","decl":{"start":{"line":234,"column":4},"end":{"line":234,"column":5}},"loc":{"start":{"line":234,"column":32},"end":{"line":241,"column":5}},"line":234},"22":{"name":"(anonymous_22)","decl":{"start":{"line":243,"column":4},"end":{"line":243,"column":5}},"loc":{"start":{"line":243,"column":34},"end":{"line":250,"column":5}},"line":243},"23":{"name":"(anonymous_23)","decl":{"start":{"line":252,"column":4},"end":{"line":252,"column":5}},"loc":{"start":{"line":252,"column":16},"end":{"line":258,"column":5}},"line":252}},"branchMap":{"0":{"loc":{"start":{"line":42,"column":8},"end":{"line":44,"column":9}},"type":"if","locations":[{"start":{"line":42,"column":8},"end":{"line":44,"column":9}},{"start":{"line":42,"column":8},"end":{"line":44,"column":9}}],"line":42},"1":{"loc":{"start":{"line":63,"column":12},"end":{"line":75,"column":13}},"type":"if","locations":[{"start":{"line":63,"column":12},"end":{"line":75,"column":13}},{"start":{"line":63,"column":12},"end":{"line":75,"column":13}}],"line":63},"2":{"loc":{"start":{"line":69,"column":19},"end":{"line":75,"column":13}},"type":"if","locations":[{"start":{"line":69,"column":19},"end":{"line":75,"column":13}},{"start":{"line":69,"column":19},"end":{"line":75,"column":13}}],"line":69},"3":{"loc":{"start":{"line":107,"column":12},"end":{"line":119,"column":13}},"type":"if","locations":[{"start":{"line":107,"column":12},"end":{"line":119,"column":13}},{"start":{"line":107,"column":12},"end":{"line":119,"column":13}}],"line":107},"4":{"loc":{"start":{"line":125,"column":12},"end":{"line":127,"column":13}},"type":"if","locations":[{"start":{"line":125,"column":12},"end":{"line":127,"column":13}},{"start":{"line":125,"column":12},"end":{"line":127,"column":13}}],"line":125},"5":{"loc":{"start":{"line":160,"column":8},"end":{"line":172,"column":9}},"type":"if","locations":[{"start":{"line":160,"column":8},"end":{"line":172,"column":9}},{"start":{"line":160,"column":8},"end":{"line":172,"column":9}}],"line":160},"6":{"loc":{"start":{"line":160,"column":13},"end":{"line":160,"column":59}},"type":"binary-expr","locations":[{"start":{"line":160,"column":13},"end":{"line":160,"column":34}},{"start":{"line":160,"column":38},"end":{"line":160,"column":59}}],"line":160},"7":{"loc":{"start":{"line":166,"column":15},"end":{"line":172,"column":9}},"type":"if","locations":[{"start":{"line":166,"column":15},"end":{"line":172,"column":9}},{"start":{"line":166,"column":15},"end":{"line":172,"column":9}}],"line":166},"8":{"loc":{"start":{"line":166,"column":20},"end":{"line":166,"column":66}},"type":"binary-expr","locations":[{"start":{"line":166,"column":20},"end":{"line":166,"column":41}},{"start":{"line":166,"column":45},"end":{"line":166,"column":66}}],"line":166},"9":{"loc":{"start":{"line":178,"column":8},"end":{"line":231,"column":9}},"type":"if","locations":[{"start":{"line":178,"column":8},"end":{"line":231,"column":9}},{"start":{"line":178,"column":8},"end":{"line":231,"column":9}}],"line":178}},"s":{"0":1,"1":1,"2":18,"3":18,"4":7,"5":7,"6":7,"7":5,"8":1,"9":4,"10":4,"11":4,"12":1,"13":1,"14":3,"15":1,"16":1,"17":2,"18":2,"19":2,"20":2,"21":11,"22":11,"23":9,"24":9,"25":2,"26":2,"27":2,"28":1,"29":7,"30":1,"31":1,"32":9,"33":9,"34":2,"35":2,"36":7,"37":2,"38":2,"39":5,"40":16,"41":10,"42":1,"43":1,"44":1,"45":1,"46":6,"47":1,"48":1,"49":1},"f":{"0":18,"1":7,"2":5,"3":4,"4":4,"5":2,"6":2,"7":11,"8":11,"9":2,"10":2,"11":9,"12":7,"13":1,"14":9,"15":16,"16":1,"17":1,"18":1,"19":1,"20":1,"21":1,"22":1,"23":1},"b":{"0":[1,4],"1":[1,3],"2":[1,2],"3":[9,2],"4":[1,1],"5":[2,7],"6":[9,8],"7":[2,5],"8":[7,6],"9":[10,6]},"_coverageSchema":"43e27e138ebf9cfc5966b082cf9a028302ed4184","hash":"029326a3b91f5e588d06f31d68c0bb0f239cc053"}
,"/Users/josemanuelbaezsoriano/Desktop/Manolin/pipeline/pipelineApp/styles/layoutStyle.js": {"path":"/Users/josemanuelbaezsoriano/Desktop/Manolin/pipeline/pipelineApp/styles/layoutStyle.js","statementMap":{"0":{"start":{"line":4,"column":15},"end":{"line":4,"column":45}},"1":{"start":{"line":5,"column":15},"end":{"line":5,"column":46}},"2":{"start":{"line":10,"column":20},"end":{"line":40,"column":1}}},"fnMap":{},"branchMap":{},"s":{"0":11,"1":11,"2":11},"f":{},"b":{},"_coverageSchema":"43e27e138ebf9cfc5966b082cf9a028302ed4184","hash":"a298a26a25c86c055ad202292a9ca94c3931d54d"}
,"/Users/josemanuelbaezsoriano/Desktop/Manolin/pipeline/pipelineApp/styles/loginBoxStyle.js": {"path":"/Users/josemanuelbaezsoriano/Desktop/Manolin/pipeline/pipelineApp/styles/loginBoxStyle.js","statementMap":{},"fnMap":{},"branchMap":{},"s":{},"f":{},"b":{},"_coverageSchema":"43e27e138ebf9cfc5966b082cf9a028302ed4184","hash":"ad261ed0f3bb084fece0fd40a89d8488f4fff211"}
}
