TN:
SF:/Users/josemanuelbaezsoriano/Desktop/Manolin/pipeline/pipelineApp/App.js
FN:28,(anonymous_0)
FN:33,(anonymous_1)
FN:44,(anonymous_2)
FN:48,(anonymous_3)
FN:64,(anonymous_4)
FN:66,(anonymous_5)
FN:82,(anonymous_6)
FN:93,(anonymous_7)
FNF:8
FNH:8
FNDA:8,(anonymous_0)
FNDA:1,(anonymous_1)
FNDA:4,(anonymous_2)
FNDA:4,(anonymous_3)
FNDA:3,(anonymous_4)
FNDA:3,(anonymous_5)
FNDA:3,(anonymous_6)
FNDA:3,(anonymous_7)
DA:14,1
DA:15,1
DA:18,1
DA:23,1
DA:29,8
DA:30,8
DA:34,1
DA:39,1
DA:41,1
DA:47,4
DA:49,4
DA:50,3
DA:51,3
DA:60,1
DA:64,3
DA:68,3
DA:69,1
DA:71,2
DA:72,1
DA:73,1
DA:74,1
DA:78,1
DA:83,3
DA:84,3
DA:94,3
DA:95,1
DA:113,1
DA:115,1
DA:119,2
DA:128,1
LF:30
LH:30
BRDA:49,0,0,3
BRDA:49,0,1,1
BRDA:68,1,0,1
BRDA:68,1,1,2
BRDA:71,2,0,1
BRDA:71,2,1,1
BRDA:94,3,0,1
BRDA:94,3,1,2
BRDA:94,4,0,3
BRDA:94,4,1,2
BRF:10
BRH:10
end_of_record
TN:
SF:/Users/josemanuelbaezsoriano/Desktop/Manolin/pipeline/pipelineApp/config.js
FNF:0
FNH:0
DA:6,2
LF:1
LH:1
BRF:0
BRH:0
end_of_record
TN:
SF:/Users/josemanuelbaezsoriano/Desktop/Manolin/pipeline/pipelineApp/assets/calendar.png
FNF:0
FNH:0
DA:1,2
LF:1
LH:1
BRF:0
BRH:0
end_of_record
TN:
SF:/Users/josemanuelbaezsoriano/Desktop/Manolin/pipeline/pipelineApp/assets/check.gif
FNF:0
FNH:0
DA:1,2
LF:1
LH:1
BRF:0
BRH:0
end_of_record
TN:
SF:/Users/josemanuelbaezsoriano/Desktop/Manolin/pipeline/pipelineApp/assets/icon.png
FNF:0
FNH:0
DA:1,1
LF:1
LH:1
BRF:0
BRH:0
end_of_record
TN:
SF:/Users/josemanuelbaezsoriano/Desktop/Manolin/pipeline/pipelineApp/assets/phone.png
FNF:0
FNH:0
DA:1,2
LF:1
LH:1
BRF:0
BRH:0
end_of_record
TN:
SF:/Users/josemanuelbaezsoriano/Desktop/Manolin/pipeline/pipelineApp/assets/whatsSilhouette.png
FNF:0
FNH:0
DA:1,2
LF:1
LH:1
BRF:0
BRH:0
end_of_record
TN:
SF:/Users/josemanuelbaezsoriano/Desktop/Manolin/pipeline/pipelineApp/assets/whatsapp.png
FNF:0
FNH:0
DA:1,1
LF:1
LH:1
BRF:0
BRH:0
end_of_record
TN:
SF:/Users/josemanuelbaezsoriano/Desktop/Manolin/pipeline/pipelineApp/assets/fonts/Montserrat-ExtraBold.otf
FNF:0
FNH:0
DA:1,2
LF:1
LH:1
BRF:0
BRH:0
end_of_record
TN:
SF:/Users/josemanuelbaezsoriano/Desktop/Manolin/pipeline/pipelineApp/assets/fonts/big_noodle_titling.ttf
FNF:0
FNH:0
DA:1,2
LF:1
LH:1
BRF:0
BRH:0
end_of_record
TN:
SF:/Users/josemanuelbaezsoriano/Desktop/Manolin/pipeline/pipelineApp/components/dateUtils.js
FN:44,(anonymous_0)
FN:55,(anonymous_1)
FN:65,(anonymous_2)
FN:73,(anonymous_3)
FNF:4
FNH:4
FNDA:25,(anonymous_0)
FNDA:4,(anonymous_1)
FNDA:7,(anonymous_2)
FNDA:7,(anonymous_3)
DA:45,25
DA:47,25
DA:48,94
DA:50,25
DA:52,25
DA:56,4
DA:57,4
DA:58,10
DA:59,6
DA:61,4
DA:66,7
DA:67,7
DA:68,7
DA:70,7
DA:74,7
DA:76,1
DA:78,1
DA:80,1
DA:82,1
DA:84,1
LF:20
LH:20
BRDA:58,0,0,6
BRDA:58,0,1,4
BRDA:74,1,0,1
BRDA:74,1,1,1
BRDA:74,1,2,1
BRDA:74,1,3,1
BRDA:74,1,4,1
BRF:7
BRH:7
end_of_record
TN:
SF:/Users/josemanuelbaezsoriano/Desktop/Manolin/pipeline/pipelineApp/components/deviceStorage.js
FN:4,(anonymous_0)
FN:5,(anonymous_1)
FN:7,(anonymous_2)
FN:10,(anonymous_3)
FN:23,(anonymous_4)
FN:24,(anonymous_5)
FN:26,(anonymous_6)
FN:33,(anonymous_7)
FN:39,(anonymous_8)
FN:40,(anonymous_9)
FN:42,(anonymous_10)
FN:43,(anonymous_11)
FN:46,(anonymous_12)
FNF:13
FNH:13
FNDA:2,(anonymous_0)
FNDA:2,(anonymous_1)
FNDA:1,(anonymous_2)
FNDA:1,(anonymous_3)
FNDA:3,(anonymous_4)
FNDA:3,(anonymous_5)
FNDA:2,(anonymous_6)
FNDA:1,(anonymous_7)
FNDA:2,(anonymous_8)
FNDA:2,(anonymous_9)
FNDA:1,(anonymous_10)
FNDA:1,(anonymous_11)
FNDA:1,(anonymous_12)
DA:3,1
DA:5,2
DA:6,2
DA:8,1
DA:11,1
DA:24,3
DA:25,3
DA:27,2
DA:28,1
DA:30,1
DA:34,1
DA:40,2
DA:41,2
DA:42,1
DA:44,1
DA:47,1
LF:16
LH:16
BRDA:27,0,0,1
BRDA:27,0,1,1
BRF:2
BRH:2
end_of_record
TN:
SF:/Users/josemanuelbaezsoriano/Desktop/Manolin/pipeline/pipelineApp/components/helpButton.js
FN:7,(anonymous_0)
FN:10,(anonymous_1)
FNF:2
FNH:2
FNDA:1,(anonymous_0)
FNDA:9,(anonymous_1)
DA:8,1
DA:11,9
DA:27,3
LF:3
LH:3
BRF:0
BRH:0
end_of_record
TN:
SF:/Users/josemanuelbaezsoriano/Desktop/Manolin/pipeline/pipelineApp/components/registerForPush.js
FN:3,registerPush
FNF:1
FNH:1
FNDA:3,registerPush
DA:4,3
DA:7,3
DA:11,3
DA:14,2
DA:15,2
DA:19,3
DA:20,1
DA:23,2
DA:26,2
DA:29,2
LF:10
LH:10
BRDA:11,0,0,2
BRDA:11,0,1,1
BRDA:19,1,0,1
BRDA:19,1,1,2
BRF:4
BRH:4
end_of_record
TN:
SF:/Users/josemanuelbaezsoriano/Desktop/Manolin/pipeline/pipelineApp/components/chooseChangeComponents/pressableTurnColumn.js
FN:10,(anonymous_0)
FN:15,(anonymous_1)
FN:20,(anonymous_2)
FNF:3
FNH:3
FNDA:4,(anonymous_0)
FNDA:1,(anonymous_1)
FNDA:3,(anonymous_2)
DA:6,4
DA:11,4
DA:12,4
DA:16,1
DA:17,1
DA:21,3
DA:22,3
DA:24,3
DA:50,4
DA:51,4
DA:57,4
LF:11
LH:11
BRDA:38,0,0,1
BRDA:38,0,1,2
BRF:2
BRH:2
end_of_record
TN:
SF:/Users/josemanuelbaezsoriano/Desktop/Manolin/pipeline/pipelineApp/components/chooseChangeComponents/pressableTurnTable.js
FN:8,(anonymous_0)
FN:12,(anonymous_1)
FN:14,(anonymous_2)
FNF:3
FNH:3
FNDA:2,(anonymous_0)
FNDA:1,(anonymous_1)
FNDA:2,(anonymous_2)
DA:9,2
DA:13,1
DA:14,1
DA:15,2
DA:17,1
LF:5
LH:5
BRF:0
BRH:0
end_of_record
TN:
SF:/Users/josemanuelbaezsoriano/Desktop/Manolin/pipeline/pipelineApp/components/contactsComponents/contactButton.js
FN:7,(anonymous_0)
FN:12,(anonymous_1)
FN:19,(anonymous_2)
FN:23,(anonymous_3)
FN:27,(anonymous_4)
FN:34,(anonymous_5)
FN:51,(anonymous_6)
FN:60,(anonymous_7)
FNF:8
FNH:8
FNDA:9,(anonymous_0)
FNDA:1,(anonymous_1)
FNDA:1,(anonymous_2)
FNDA:1,(anonymous_3)
FNDA:4,(anonymous_4)
FNDA:7,(anonymous_5)
FNDA:7,(anonymous_6)
FNDA:6,(anonymous_7)
DA:8,9
DA:9,9
DA:13,1
DA:20,1
DA:24,1
DA:28,4
DA:35,7
DA:52,7
DA:61,6
LF:9
LH:9
BRF:0
BRH:0
end_of_record
TN:
SF:/Users/josemanuelbaezsoriano/Desktop/Manolin/pipeline/pipelineApp/components/contactsComponents/contactCard.js
FN:7,(anonymous_0)
FN:13,(anonymous_1)
FN:17,(anonymous_2)
FN:21,(anonymous_3)
FNF:4
FNH:4
FNDA:2,(anonymous_0)
FNDA:1,(anonymous_1)
FNDA:1,(anonymous_2)
FNDA:1,(anonymous_3)
DA:8,2
DA:9,2
DA:10,2
DA:14,1
DA:18,1
DA:22,1
DA:48,3
LF:7
LH:7
BRF:0
BRH:0
end_of_record
TN:
SF:/Users/josemanuelbaezsoriano/Desktop/Manolin/pipeline/pipelineApp/components/contactsComponents/contactModal.js
FN:9,(anonymous_0)
FN:13,(anonymous_1)
FNF:2
FNH:2
FNDA:2,(anonymous_0)
FNDA:2,(anonymous_1)
DA:10,2
DA:14,2
DA:40,3
LF:3
LH:3
BRF:0
BRH:0
end_of_record
TN:
SF:/Users/josemanuelbaezsoriano/Desktop/Manolin/pipeline/pipelineApp/components/contactsComponents/phoneButton.js
FN:5,(anonymous_0)
FN:13,(anonymous_1)
FN:17,(anonymous_2)
FN:21,(anonymous_3)
FNF:4
FNH:4
FNDA:4,(anonymous_0)
FNDA:4,(anonymous_1)
FNDA:4,(anonymous_2)
FNDA:4,(anonymous_3)
DA:6,4
DA:7,4
DA:14,4
DA:18,4
DA:22,4
LF:5
LH:5
BRF:0
BRH:0
end_of_record
TN:
SF:/Users/josemanuelbaezsoriano/Desktop/Manolin/pipeline/pipelineApp/components/contactsComponents/whatsButton.js
FN:4,(anonymous_0)
FN:12,(anonymous_1)
FN:16,(anonymous_2)
FNF:3
FNH:3
FNDA:4,(anonymous_0)
FNDA:4,(anonymous_1)
FNDA:4,(anonymous_2)
DA:5,4
DA:6,4
DA:13,4
DA:17,4
LF:4
LH:4
BRF:0
BRH:0
end_of_record
TN:
SF:/Users/josemanuelbaezsoriano/Desktop/Manolin/pipeline/pipelineApp/components/globalComponents/nameColumn.js
FN:6,(anonymous_0)
FN:9,(anonymous_1)
FN:13,(anonymous_2)
FN:18,(anonymous_3)
FN:19,(anonymous_4)
FNF:5
FNH:5
FNDA:4,(anonymous_0)
FNDA:35,(anonymous_1)
FNDA:5,(anonymous_2)
FNDA:1,(anonymous_3)
FNDA:14,(anonymous_4)
DA:7,4
DA:8,4
DA:9,35
DA:14,5
DA:18,1
DA:19,14
DA:26,4
LF:7
LH:7
BRF:0
BRH:0
end_of_record
TN:
SF:/Users/josemanuelbaezsoriano/Desktop/Manolin/pipeline/pipelineApp/components/globalComponents/turnColumn.js
FN:9,(anonymous_0)
FN:14,(anonymous_1)
FN:24,(anonymous_2)
FN:28,(anonymous_3)
FN:42,(anonymous_4)
FNF:5
FNH:5
FNDA:14,(anonymous_0)
FNDA:81,(anonymous_1)
FNDA:8,(anonymous_2)
FNDA:7,(anonymous_3)
FNDA:3,(anonymous_4)
DA:5,7
DA:10,14
DA:11,14
DA:15,81
DA:16,1
DA:17,80
DA:18,23
DA:19,57
DA:20,34
DA:21,23
DA:25,8
DA:29,7
DA:31,7
DA:32,77
DA:33,77
DA:39,7
DA:43,3
DA:44,3
DA:46,3
DA:72,7
DA:73,7
DA:79,7
LF:22
LH:22
BRDA:15,0,0,1
BRDA:15,0,1,80
BRDA:17,1,0,23
BRDA:17,1,1,57
BRDA:19,2,0,34
BRDA:19,2,1,23
BRDA:34,3,0,22
BRDA:34,3,1,55
BRDA:59,4,0,1
BRDA:59,4,1,2
BRF:10
BRH:10
end_of_record
TN:
SF:/Users/josemanuelbaezsoriano/Desktop/Manolin/pipeline/pipelineApp/components/globalComponents/turnTable.js
FN:12,(anonymous_0)
FN:27,(anonymous_1)
FN:31,(anonymous_2)
FN:37,(anonymous_3)
FN:59,(anonymous_4)
FN:61,(anonymous_5)
FN:71,(anonymous_6)
FN:75,(anonymous_7)
FN:82,(anonymous_8)
FNF:9
FNH:9
FNDA:6,(anonymous_0)
FNDA:1,(anonymous_1)
FNDA:9,(anonymous_2)
FNDA:6,(anonymous_3)
FNDA:1,(anonymous_4)
FNDA:11,(anonymous_5)
FNDA:3,(anonymous_6)
FNDA:4,(anonymous_7)
FNDA:26,(anonymous_8)
DA:4,5
DA:8,5
DA:13,6
DA:14,6
DA:19,6
DA:21,6
DA:23,6
DA:28,1
DA:32,9
DA:38,6
DA:39,4
DA:40,4
DA:41,4
DA:42,4
DA:43,4
DA:45,4
DA:46,2
DA:49,4
DA:50,1
DA:60,1
DA:61,1
DA:62,11
DA:64,1
DA:72,3
DA:75,4
DA:82,26
DA:89,5
LF:27
LH:27
BRDA:38,0,0,4
BRDA:38,0,1,2
BRDA:38,1,0,6
BRDA:38,1,1,5
BRDA:45,2,0,2
BRDA:45,2,1,2
BRDA:49,3,0,1
BRDA:49,3,1,3
BRDA:49,4,0,4
BRDA:49,4,1,3
BRF:10
BRH:10
end_of_record
TN:
SF:/Users/josemanuelbaezsoriano/Desktop/Manolin/pipeline/pipelineApp/components/homeComponents/areYouSureModal.js
FN:8,(anonymous_0)
FN:13,(anonymous_1)
FN:17,(anonymous_2)
FNF:3
FNH:3
FNDA:5,(anonymous_0)
FNDA:1,(anonymous_1)
FNDA:6,(anonymous_2)
DA:9,5
DA:10,5
DA:14,1
DA:18,6
DA:44,5
LF:5
LH:5
BRF:0
BRH:0
end_of_record
TN:
SF:/Users/josemanuelbaezsoriano/Desktop/Manolin/pipeline/pipelineApp/components/homeComponents/askChangeModal.js
FN:10,(anonymous_0)
FN:16,(anonymous_1)
FN:20,(anonymous_2)
FN:24,(anonymous_3)
FNF:4
FNH:4
FNDA:3,(anonymous_0)
FNDA:1,(anonymous_1)
FNDA:1,(anonymous_2)
FNDA:2,(anonymous_3)
DA:6,2
DA:11,3
DA:12,3
DA:13,3
DA:17,1
DA:21,1
DA:25,2
DA:54,2
LF:8
LH:8
BRF:0
BRH:0
end_of_record
TN:
SF:/Users/josemanuelbaezsoriano/Desktop/Manolin/pipeline/pipelineApp/components/homeComponents/confirmModal.js
FN:8,(anonymous_0)
FN:12,(anonymous_1)
FNF:2
FNH:2
FNDA:3,(anonymous_0)
FNDA:5,(anonymous_1)
DA:9,3
DA:13,5
DA:37,4
LF:3
LH:3
BRF:0
BRH:0
end_of_record
TN:
SF:/Users/josemanuelbaezsoriano/Desktop/Manolin/pipeline/pipelineApp/components/homeComponents/turnDeck.js
FN:10,(anonymous_0)
FN:20,(anonymous_1)
FN:24,(anonymous_2)
FN:28,(anonymous_3)
FN:46,(anonymous_4)
FN:55,(anonymous_5)
FN:57,(anonymous_6)
FN:61,(anonymous_7)
FN:62,(anonymous_8)
FNF:9
FNH:9
FNDA:8,(anonymous_0)
FNDA:2,(anonymous_1)
FNDA:21,(anonymous_2)
FNDA:6,(anonymous_3)
FNDA:9,(anonymous_4)
FNDA:1,(anonymous_5)
FNDA:12,(anonymous_6)
FNDA:1,(anonymous_7)
FNDA:65,(anonymous_8)
DA:7,3
DA:11,8
DA:12,8
DA:16,8
DA:21,2
DA:25,21
DA:29,6
DA:30,6
DA:31,4
DA:32,4
DA:33,4
DA:34,1
DA:37,4
DA:38,1
DA:47,9
DA:55,1
DA:57,12
DA:61,1
DA:62,65
DA:73,3
LF:20
LH:20
BRDA:30,0,0,4
BRDA:30,0,1,2
BRDA:30,1,0,6
BRDA:30,1,1,5
BRDA:33,2,0,1
BRDA:33,2,1,3
BRDA:37,3,0,1
BRDA:37,3,1,3
BRDA:37,4,0,4
BRDA:37,4,1,3
BRDA:49,5,0,8
BRDA:49,5,1,1
BRF:12
BRH:12
end_of_record
TN:
SF:/Users/josemanuelbaezsoriano/Desktop/Manolin/pipeline/pipelineApp/components/homeComponents/turnViewWithDate.js
FN:7,(anonymous_0)
FN:13,(anonymous_1)
FN:23,(anonymous_2)
FN:27,(anonymous_3)
FN:31,(anonymous_4)
FNF:5
FNH:5
FNDA:11,(anonymous_0)
FNDA:8,(anonymous_1)
FNDA:6,(anonymous_2)
FNDA:1,(anonymous_3)
FNDA:4,(anonymous_4)
DA:8,11
DA:9,11
DA:10,11
DA:14,8
DA:15,1
DA:16,7
DA:17,4
DA:18,3
DA:19,1
DA:20,2
DA:24,6
DA:28,1
DA:32,4
DA:33,4
DA:60,4
DA:61,4
DA:62,4
DA:68,4
LF:18
LH:18
BRDA:14,0,0,1
BRDA:14,0,1,7
BRDA:16,1,0,4
BRDA:16,1,1,3
BRDA:18,2,0,1
BRDA:18,2,1,2
BRDA:47,3,0,1
BRDA:47,3,1,3
BRDA:51,4,0,1
BRDA:51,4,1,3
BRF:10
BRH:10
end_of_record
TN:
SF:/Users/josemanuelbaezsoriano/Desktop/Manolin/pipeline/pipelineApp/components/homeComponents/buttons/globalButton.js
FN:9,(anonymous_0)
FN:13,(anonymous_1)
FNF:2
FNH:2
FNDA:4,(anonymous_0)
FNDA:5,(anonymous_1)
DA:10,4
DA:14,5
DA:33,3
LF:3
LH:3
BRF:0
BRH:0
end_of_record
TN:
SF:/Users/josemanuelbaezsoriano/Desktop/Manolin/pipeline/pipelineApp/components/homeComponents/buttons/midBlueButton.js
FN:7,(anonymous_0)
FN:11,(anonymous_1)
FNF:2
FNH:2
FNDA:4,(anonymous_0)
FNDA:5,(anonymous_1)
DA:8,4
DA:12,5
DA:27,3
LF:3
LH:3
BRF:0
BRH:0
end_of_record
TN:
SF:/Users/josemanuelbaezsoriano/Desktop/Manolin/pipeline/pipelineApp/components/homeComponents/buttons/midYellowButton.js
FN:8,(anonymous_0)
FN:12,(anonymous_1)
FNF:2
FNH:2
FNDA:4,(anonymous_0)
FNDA:5,(anonymous_1)
DA:9,4
DA:13,5
DA:28,3
LF:3
LH:3
BRF:0
BRH:0
end_of_record
TN:
SF:/Users/josemanuelbaezsoriano/Desktop/Manolin/pipeline/pipelineApp/components/homeComponents/buttons/modalButton.js
FN:27,(anonymous_0)
FN:32,(anonymous_1)
FNF:2
FNH:2
FNDA:17,(anonymous_0)
FNDA:23,(anonymous_1)
DA:5,6
DA:28,17
DA:29,17
DA:33,23
DA:34,23
DA:39,23
DA:55,6
LF:7
LH:7
BRF:0
BRH:0
end_of_record
TN:
SF:/Users/josemanuelbaezsoriano/Desktop/Manolin/pipeline/pipelineApp/components/homeComponents/changes/changeBox.js
FN:10,(anonymous_0)
FN:16,(anonymous_1)
FN:20,(anonymous_2)
FN:24,(anonymous_3)
FN:28,(anonymous_4)
FN:32,(anonymous_5)
FN:36,(anonymous_6)
FNF:7
FNH:7
FNDA:7,(anonymous_0)
FNDA:2,(anonymous_1)
FNDA:1,(anonymous_2)
FNDA:4,(anonymous_3)
FNDA:4,(anonymous_4)
FNDA:8,(anonymous_5)
FNDA:4,(anonymous_6)
DA:6,9
DA:11,7
DA:12,7
DA:13,7
DA:17,2
DA:21,1
DA:25,4
DA:29,4
DA:33,8
DA:37,4
DA:39,4
DA:85,9
LF:12
LH:12
BRF:0
BRH:0
end_of_record
TN:
SF:/Users/josemanuelbaezsoriano/Desktop/Manolin/pipeline/pipelineApp/components/homeComponents/changes/changeView.js
FN:12,(anonymous_0)
FN:17,(anonymous_1)
FN:26,(anonymous_2)
FN:30,(anonymous_3)
FNF:4
FNH:4
FNDA:4,(anonymous_0)
FNDA:3,(anonymous_1)
FNDA:1,(anonymous_2)
FNDA:3,(anonymous_3)
DA:6,4
DA:13,4
DA:14,4
DA:18,3
DA:19,3
DA:20,1
DA:21,2
DA:22,1
DA:23,1
DA:27,1
DA:31,3
DA:32,1
DA:38,2
DA:39,1
DA:46,1
DA:51,4
LF:16
LH:16
BRDA:19,0,0,1
BRDA:19,0,1,2
BRDA:21,1,0,1
BRDA:21,1,1,1
BRDA:31,2,0,1
BRDA:31,2,1,2
BRDA:38,3,0,1
BRDA:38,3,1,1
BRF:8
BRH:8
end_of_record
TN:
SF:/Users/josemanuelbaezsoriano/Desktop/Manolin/pipeline/pipelineApp/components/homeComponents/changes/changesQueue.js
FN:8,(anonymous_0)
FN:16,(anonymous_1)
FN:24,(anonymous_2)
FN:34,(anonymous_3)
FN:35,(anonymous_4)
FN:50,(anonymous_5)
FN:59,(anonymous_6)
FN:63,(anonymous_7)
FN:67,(anonymous_8)
FN:76,(anonymous_9)
FNF:10
FNH:10
FNDA:4,(anonymous_0)
FNDA:1,(anonymous_1)
FNDA:8,(anonymous_2)
FNDA:3,(anonymous_3)
FNDA:3,(anonymous_4)
FNDA:1,(anonymous_5)
FNDA:7,(anonymous_6)
FNDA:1,(anonymous_7)
FNDA:1,(anonymous_8)
FNDA:5,(anonymous_9)
DA:9,4
DA:10,4
DA:15,4
DA:16,4
DA:17,1
DA:20,4
DA:21,4
DA:25,8
DA:26,8
DA:34,3
DA:36,3
DA:37,2
DA:41,2
DA:43,1
DA:47,1
DA:51,1
DA:55,1
DA:60,7
DA:64,1
DA:68,1
DA:77,5
DA:78,3
DA:79,2
DA:80,1
DA:82,1
DA:96,2
LF:26
LH:26
BRDA:36,0,0,2
BRDA:36,0,1,1
BRDA:77,1,0,3
BRDA:77,1,1,2
BRDA:79,2,0,1
BRDA:79,2,1,1
BRF:6
BRH:6
end_of_record
TN:
SF:/Users/josemanuelbaezsoriano/Desktop/Manolin/pipeline/pipelineApp/components/homeComponents/changes/freeBox.js
FN:4,(anonymous_0)
FN:8,(anonymous_1)
FN:12,(anonymous_2)
FNF:3
FNH:3
FNDA:3,(anonymous_0)
FNDA:2,(anonymous_1)
FNDA:1,(anonymous_2)
DA:5,3
DA:9,2
DA:13,1
LF:3
LH:3
BRF:0
BRH:0
end_of_record
TN:
SF:/Users/josemanuelbaezsoriano/Desktop/Manolin/pipeline/pipelineApp/components/loginComponents/inputComponent.js
FN:5,(anonymous_0)
FN:9,(anonymous_1)
FN:13,(anonymous_2)
FNF:3
FNH:3
FNDA:8,(anonymous_0)
FNDA:10,(anonymous_1)
FNDA:1,(anonymous_2)
DA:6,8
DA:10,10
DA:13,1
DA:20,3
LF:4
LH:4
BRF:0
BRH:0
end_of_record
TN:
SF:/Users/josemanuelbaezsoriano/Desktop/Manolin/pipeline/pipelineApp/components/loginComponents/primaryButtonComponent.js
FN:8,(anonymous_0)
FN:12,(anonymous_1)
FN:14,(anonymous_2)
FNF:3
FNH:3
FNDA:5,(anonymous_0)
FNDA:6,(anonymous_1)
FNDA:1,(anonymous_2)
DA:9,5
DA:13,6
DA:14,1
DA:29,3
LF:4
LH:4
BRF:0
BRH:0
end_of_record
TN:
SF:/Users/josemanuelbaezsoriano/Desktop/Manolin/pipeline/pipelineApp/components/myChangesComponents/purposalView.js
FN:4,(anonymous_0)
FN:8,(anonymous_1)
FN:12,(anonymous_2)
FN:16,(anonymous_3)
FN:19,(anonymous_4)
FNF:5
FNH:5
FNDA:1,(anonymous_0)
FNDA:1,(anonymous_1)
FNDA:1,(anonymous_2)
FNDA:1,(anonymous_3)
FNDA:1,(anonymous_4)
DA:5,1
DA:9,1
DA:13,1
DA:17,1
DA:20,1
LF:5
LH:5
BRF:0
BRH:0
end_of_record
TN:
SF:/Users/josemanuelbaezsoriano/Desktop/Manolin/pipeline/pipelineApp/components/myChangesComponents/purposalsQueue.js
FN:9,(anonymous_0)
FN:14,(anonymous_1)
FN:20,(anonymous_2)
FN:33,(anonymous_3)
FN:40,(anonymous_4)
FN:44,(anonymous_5)
FN:55,(anonymous_6)
FN:59,(anonymous_7)
FN:69,(anonymous_8)
FNF:9
FNH:9
FNDA:3,(anonymous_0)
FNDA:6,(anonymous_1)
FNDA:6,(anonymous_2)
FNDA:5,(anonymous_3)
FNDA:1,(anonymous_4)
FNDA:1,(anonymous_5)
FNDA:1,(anonymous_6)
FNDA:2,(anonymous_7)
FNDA:2,(anonymous_8)
DA:6,3
DA:10,3
DA:11,3
DA:12,3
DA:13,3
DA:15,6
DA:19,3
DA:20,3
DA:21,6
DA:22,4
DA:35,5
DA:37,5
DA:41,1
DA:45,1
DA:56,1
DA:60,2
DA:61,1
DA:70,2
DA:71,1
DA:76,1
DA:89,3
LF:21
LH:21
BRDA:15,0,0,6
BRDA:15,0,1,6
BRDA:21,1,0,4
BRDA:21,1,1,2
BRDA:60,2,0,1
BRDA:60,2,1,1
BRDA:70,3,0,1
BRDA:70,3,1,1
BRF:8
BRH:8
end_of_record
TN:
SF:/Users/josemanuelbaezsoriano/Desktop/Manolin/pipeline/pipelineApp/mockedData/mockedNurse.js
FNF:0
FNH:0
DA:1,5
LF:1
LH:1
BRF:0
BRH:0
end_of_record
TN:
SF:/Users/josemanuelbaezsoriano/Desktop/Manolin/pipeline/pipelineApp/screens/chooseChangeScreen.js
FN:18,(anonymous_0)
FN:36,(anonymous_1)
FN:45,(anonymous_2)
FN:55,(anonymous_3)
FN:56,(anonymous_4)
FN:64,(anonymous_5)
FN:71,(anonymous_6)
FN:75,(anonymous_7)
FN:86,(anonymous_8)
FN:97,(anonymous_9)
FN:105,(anonymous_10)
FN:112,(anonymous_11)
FN:124,(anonymous_12)
FN:130,(anonymous_13)
FN:134,(anonymous_14)
FN:138,(anonymous_15)
FNF:16
FNH:16
FNDA:16,(anonymous_0)
FNDA:16,(anonymous_1)
FNDA:7,(anonymous_2)
FNDA:3,(anonymous_3)
FNDA:3,(anonymous_4)
FNDA:3,(anonymous_5)
FNDA:56,(anonymous_6)
FNDA:1,(anonymous_7)
FNDA:1,(anonymous_8)
FNDA:1,(anonymous_9)
FNDA:1,(anonymous_10)
FNDA:2,(anonymous_11)
FNDA:1,(anonymous_12)
FNDA:1,(anonymous_13)
FNDA:1,(anonymous_14)
FNDA:8,(anonymous_15)
DA:14,2
DA:15,2
DA:19,16
DA:20,16
DA:21,16
DA:22,16
DA:23,16
DA:24,16
DA:37,16
DA:38,16
DA:39,16
DA:40,16
DA:41,16
DA:42,16
DA:46,7
DA:47,7
DA:55,3
DA:57,3
DA:58,3
DA:65,3
DA:72,56
DA:77,1
DA:83,1
DA:87,1
DA:93,1
DA:94,1
DA:98,1
DA:106,1
DA:114,2
DA:116,2
DA:125,1
DA:131,1
DA:139,8
DA:140,2
DA:149,6
DA:150,3
DA:159,3
DA:161,3
DA:197,2
LF:39
LH:39
BRDA:139,0,0,2
BRDA:139,0,1,6
BRDA:149,1,0,3
BRDA:149,1,1,3
BRDA:169,2,0,2
BRDA:169,2,1,1
BRF:6
BRH:6
end_of_record
TN:
SF:/Users/josemanuelbaezsoriano/Desktop/Manolin/pipeline/pipelineApp/screens/contactsScreen.js
FN:10,(anonymous_0)
FN:27,(anonymous_1)
FN:31,(anonymous_2)
FN:38,(anonymous_3)
FN:45,(anonymous_4)
FN:54,(anonymous_5)
FN:55,(anonymous_6)
FN:63,(anonymous_7)
FN:70,(anonymous_8)
FN:74,(anonymous_9)
FN:87,(anonymous_10)
FNF:11
FNH:11
FNDA:13,(anonymous_0)
FNDA:1,(anonymous_1)
FNDA:1,(anonymous_2)
FNDA:1,(anonymous_3)
FNDA:3,(anonymous_4)
FNDA:2,(anonymous_5)
FNDA:2,(anonymous_6)
FNDA:2,(anonymous_7)
FNDA:1,(anonymous_8)
FNDA:2,(anonymous_9)
FNDA:3,(anonymous_10)
DA:11,13
DA:12,13
DA:13,13
DA:14,13
DA:15,13
DA:22,13
DA:23,13
DA:24,13
DA:28,1
DA:32,1
DA:39,1
DA:46,3
DA:54,2
DA:56,2
DA:57,1
DA:58,1
DA:64,2
DA:71,1
DA:75,2
DA:76,1
DA:78,1
DA:88,3
DA:89,1
DA:96,2
DA:97,1
DA:104,1
DA:123,2
LF:27
LH:27
BRDA:56,0,0,1
BRDA:56,0,1,1
BRDA:75,1,0,1
BRDA:75,1,1,1
BRDA:88,2,0,1
BRDA:88,2,1,2
BRDA:96,3,0,1
BRDA:96,3,1,1
BRF:8
BRH:8
end_of_record
TN:
SF:/Users/josemanuelbaezsoriano/Desktop/Manolin/pipeline/pipelineApp/screens/globalScreen.js
FN:12,(anonymous_0)
FN:21,(anonymous_1)
FN:31,(anonymous_2)
FN:32,(anonymous_3)
FN:33,(anonymous_4)
FN:39,(anonymous_5)
FN:46,(anonymous_6)
FN:50,(anonymous_7)
FN:76,(anonymous_8)
FNF:9
FNH:9
FNDA:6,(anonymous_0)
FNDA:2,(anonymous_1)
FNDA:1,(anonymous_2)
FNDA:1,(anonymous_3)
FNDA:2,(anonymous_4)
FNDA:1,(anonymous_5)
FNDA:2,(anonymous_6)
FNDA:4,(anonymous_7)
FNDA:1,(anonymous_8)
DA:9,2
DA:13,6
DA:14,6
DA:22,2
DA:23,2
DA:31,1
DA:33,2
DA:34,1
DA:40,1
DA:47,2
DA:51,4
DA:52,1
DA:59,3
DA:60,1
DA:67,2
DA:77,1
DA:85,2
LF:17
LH:17
BRDA:51,0,0,1
BRDA:51,0,1,3
BRDA:59,1,0,1
BRDA:59,1,1,2
BRDA:69,2,0,1
BRDA:69,2,1,1
BRF:6
BRH:6
end_of_record
TN:
SF:/Users/josemanuelbaezsoriano/Desktop/Manolin/pipeline/pipelineApp/screens/homeScreen.js
FN:23,(anonymous_0)
FN:43,(anonymous_1)
FN:48,(anonymous_2)
FN:65,(anonymous_3)
FN:74,(anonymous_4)
FN:75,(anonymous_5)
FN:78,(anonymous_6)
FN:85,(anonymous_7)
FN:92,(anonymous_8)
FN:96,(anonymous_9)
FN:116,(anonymous_10)
FN:136,(anonymous_11)
FN:141,(anonymous_12)
FN:146,(anonymous_13)
FN:153,(anonymous_14)
FN:166,(anonymous_15)
FN:173,(anonymous_16)
FN:181,(anonymous_17)
FN:192,(anonymous_18)
FN:198,(anonymous_19)
FN:204,(anonymous_20)
FN:209,(anonymous_21)
FN:213,(anonymous_22)
FN:221,(anonymous_23)
FN:232,(anonymous_24)
FN:241,(anonymous_25)
FNF:26
FNH:26
FNDA:12,(anonymous_0)
FNDA:1,(anonymous_1)
FNDA:12,(anonymous_2)
FNDA:8,(anonymous_3)
FNDA:6,(anonymous_4)
FNDA:6,(anonymous_5)
FNDA:1,(anonymous_6)
FNDA:1,(anonymous_7)
FNDA:5,(anonymous_8)
FNDA:1,(anonymous_9)
FNDA:1,(anonymous_10)
FNDA:1,(anonymous_11)
FNDA:1,(anonymous_12)
FNDA:1,(anonymous_13)
FNDA:1,(anonymous_14)
FNDA:1,(anonymous_15)
FNDA:1,(anonymous_16)
FNDA:1,(anonymous_17)
FNDA:1,(anonymous_18)
FNDA:1,(anonymous_19)
FNDA:1,(anonymous_20)
FNDA:12,(anonymous_21)
FNDA:1,(anonymous_22)
FNDA:3,(anonymous_23)
FNDA:1,(anonymous_24)
FNDA:7,(anonymous_25)
DA:19,2
DA:24,12
DA:25,12
DA:39,12
DA:40,12
DA:41,12
DA:42,12
DA:43,12
DA:44,1
DA:49,12
DA:50,12
DA:51,12
DA:52,12
DA:53,12
DA:54,12
DA:55,12
DA:56,12
DA:57,12
DA:58,12
DA:60,12
DA:61,12
DA:62,12
DA:66,8
DA:74,6
DA:76,6
DA:77,5
DA:80,6
DA:86,1
DA:93,5
DA:97,1
DA:111,1
DA:112,1
DA:113,1
DA:117,1
DA:131,1
DA:132,1
DA:133,1
DA:137,1
DA:142,1
DA:143,1
DA:147,1
DA:155,1
DA:159,1
DA:167,1
DA:169,1
DA:170,1
DA:174,1
DA:182,1
DA:193,1
DA:199,1
DA:205,1
DA:206,1
DA:210,12
DA:214,1
DA:222,3
DA:223,1
DA:233,1
DA:242,7
DA:243,1
DA:248,6
DA:249,3
DA:255,3
DA:298,2
LF:63
LH:63
BRDA:76,0,0,5
BRDA:76,0,1,1
BRDA:222,1,0,1
BRDA:222,1,1,2
BRDA:242,2,0,1
BRDA:242,2,1,6
BRDA:248,3,0,3
BRDA:248,3,1,3
BRF:8
BRH:8
end_of_record
TN:
SF:/Users/josemanuelbaezsoriano/Desktop/Manolin/pipeline/pipelineApp/screens/loginScreen.js
FN:21,(anonymous_0)
FN:36,(anonymous_1)
FN:46,(anonymous_2)
FN:68,(anonymous_3)
FN:70,(anonymous_4)
FN:91,(anonymous_5)
FN:100,(anonymous_6)
FN:116,(anonymous_7)
FN:120,(anonymous_8)
FN:136,(anonymous_9)
FN:138,(anonymous_10)
FN:144,(anonymous_11)
FN:151,(anonymous_12)
FN:167,(anonymous_13)
FN:187,(anonymous_14)
FN:191,(anonymous_15)
FN:195,(anonymous_16)
FN:201,(anonymous_17)
FN:268,(anonymous_18)
FN:277,(anonymous_19)
FN:286,(anonymous_20)
FNF:21
FNH:21
FNDA:17,(anonymous_0)
FNDA:4,(anonymous_1)
FNDA:6,(anonymous_2)
FNDA:4,(anonymous_3)
FNDA:4,(anonymous_4)
FNDA:3,(anonymous_5)
FNDA:2,(anonymous_6)
FNDA:4,(anonymous_7)
FNDA:4,(anonymous_8)
FNDA:3,(anonymous_9)
FNDA:3,(anonymous_10)
FNDA:1,(anonymous_11)
FNDA:1,(anonymous_12)
FNDA:10,(anonymous_13)
FNDA:1,(anonymous_14)
FNDA:1,(anonymous_15)
FNDA:1,(anonymous_16)
FNDA:7,(anonymous_17)
FNDA:1,(anonymous_18)
FNDA:1,(anonymous_19)
FNDA:1,(anonymous_20)
DA:14,2
DA:15,2
DA:22,17
DA:23,17
DA:29,17
DA:30,17
DA:31,17
DA:32,17
DA:33,17
DA:37,4
DA:43,4
DA:50,6
DA:51,1
DA:56,5
DA:68,4
DA:71,4
DA:72,1
DA:76,1
DA:77,3
DA:78,1
DA:84,3
DA:87,3
DA:97,3
DA:101,2
DA:102,1
DA:108,1
DA:119,4
DA:121,4
DA:122,3
DA:123,3
DA:132,1
DA:136,3
DA:139,3
DA:140,1
DA:152,1
DA:164,1
DA:168,10
DA:170,10
DA:171,2
DA:175,2
DA:176,8
DA:177,2
DA:181,2
DA:184,6
DA:188,1
DA:192,1
DA:202,7
DA:203,4
DA:260,3
DA:269,1
DA:278,1
DA:287,1
LF:52
LH:52
BRDA:50,0,0,1
BRDA:50,0,1,5
BRDA:71,1,0,1
BRDA:71,1,1,3
BRDA:77,2,0,1
BRDA:77,2,1,2
BRDA:101,3,0,1
BRDA:101,3,1,1
BRDA:121,4,0,3
BRDA:121,4,1,1
BRDA:139,5,0,1
BRDA:139,5,1,2
BRDA:170,6,0,2
BRDA:170,6,1,8
BRDA:170,7,0,10
BRDA:170,7,1,9
BRDA:176,8,0,2
BRDA:176,8,1,6
BRDA:176,9,0,8
BRDA:176,9,1,7
BRDA:202,10,0,4
BRDA:202,10,1,3
BRF:22
BRH:22
end_of_record
TN:
SF:/Users/josemanuelbaezsoriano/Desktop/Manolin/pipeline/pipelineApp/screens/myChangesScreen.js
FN:11,(anonymous_0)
FN:26,(anonymous_1)
FN:35,(anonymous_2)
FN:39,(anonymous_3)
FN:54,(anonymous_4)
FN:63,(anonymous_5)
FN:72,(anonymous_6)
FN:79,(anonymous_7)
FN:85,(anonymous_8)
FNF:9
FNH:9
FNDA:8,(anonymous_0)
FNDA:8,(anonymous_1)
FNDA:1,(anonymous_2)
FNDA:1,(anonymous_3)
FNDA:1,(anonymous_4)
FNDA:1,(anonymous_5)
FNDA:1,(anonymous_6)
FNDA:1,(anonymous_7)
FNDA:1,(anonymous_8)
DA:8,2
DA:12,8
DA:13,8
DA:14,8
DA:15,8
DA:16,8
DA:27,8
DA:28,8
DA:29,8
DA:30,8
DA:31,8
DA:32,8
DA:36,1
DA:41,1
DA:46,1
DA:55,1
DA:64,1
DA:65,1
DA:66,1
DA:73,1
DA:80,1
DA:86,1
DA:108,2
LF:23
LH:23
BRF:0
BRH:0
end_of_record
TN:
SF:/Users/josemanuelbaezsoriano/Desktop/Manolin/pipeline/pipelineApp/styles/layoutStyle.js
FNF:0
FNH:0
DA:4,30
DA:5,30
DA:10,30
LF:3
LH:3
BRF:0
BRH:0
end_of_record
TN:
SF:/Users/josemanuelbaezsoriano/Desktop/Manolin/pipeline/pipelineApp/styles/loginBoxStyle.js
FNF:0
FNH:0
LF:0
LH:0
BRF:0
BRH:0
end_of_record
