TN:
SF:/Users/josemanuelbaezsoriano/Desktop/Manolin/pipeline/pipelineApp/config.js
FNF:0
FNH:0
DA:2,1
LF:1
LH:1
BRF:0
BRH:0
end_of_record
TN:
SF:/Users/josemanuelbaezsoriano/Desktop/Manolin/pipeline/pipelineApp/assets/calendar.png
FNF:0
FNH:0
DA:1,2
LF:1
LH:1
BRF:0
BRH:0
end_of_record
TN:
SF:/Users/josemanuelbaezsoriano/Desktop/Manolin/pipeline/pipelineApp/components/dateUtils.js
FN:26,(anonymous_0)
FN:37,(anonymous_1)
FNF:2
FNH:2
FNDA:2,(anonymous_0)
FNDA:4,(anonymous_1)
DA:27,2
DA:29,2
DA:30,2
DA:32,2
DA:34,2
DA:38,4
DA:39,4
DA:40,10
DA:41,6
DA:43,4
LF:10
LH:10
BRDA:40,0,0,6
BRDA:40,0,1,4
BRF:2
BRH:2
end_of_record
TN:
SF:/Users/josemanuelbaezsoriano/Desktop/Manolin/pipeline/pipelineApp/components/deviceStorage.js
FN:4,(anonymous_0)
FN:5,(anonymous_1)
FN:7,(anonymous_2)
FN:10,(anonymous_3)
FN:23,(anonymous_4)
FN:24,(anonymous_5)
FN:26,(anonymous_6)
FN:33,(anonymous_7)
FN:39,(anonymous_8)
FN:40,(anonymous_9)
FN:42,(anonymous_10)
FN:43,(anonymous_11)
FN:46,(anonymous_12)
FNF:13
FNH:13
FNDA:2,(anonymous_0)
FNDA:2,(anonymous_1)
FNDA:1,(anonymous_2)
FNDA:1,(anonymous_3)
FNDA:3,(anonymous_4)
FNDA:3,(anonymous_5)
FNDA:2,(anonymous_6)
FNDA:1,(anonymous_7)
FNDA:2,(anonymous_8)
FNDA:2,(anonymous_9)
FNDA:1,(anonymous_10)
FNDA:1,(anonymous_11)
FNDA:1,(anonymous_12)
DA:3,1
DA:5,2
DA:6,2
DA:8,1
DA:11,1
DA:24,3
DA:25,3
DA:27,2
DA:28,1
DA:30,1
DA:34,1
DA:40,2
DA:41,2
DA:42,1
DA:44,1
DA:47,1
LF:16
LH:16
BRDA:27,0,0,1
BRDA:27,0,1,1
BRF:2
BRH:2
end_of_record
TN:
SF:/Users/josemanuelbaezsoriano/Desktop/Manolin/pipeline/pipelineApp/components/globalComponents/nameColumn.js
FN:6,(anonymous_0)
FN:9,(anonymous_1)
FN:13,(anonymous_2)
FN:18,(anonymous_3)
FN:19,(anonymous_4)
FNF:5
FNH:5
FNDA:3,(anonymous_0)
FNDA:33,(anonymous_1)
FNDA:3,(anonymous_2)
FNDA:1,(anonymous_3)
FNDA:12,(anonymous_4)
DA:7,3
DA:8,3
DA:9,33
DA:14,3
DA:18,1
DA:19,12
DA:26,1
LF:7
LH:7
BRF:0
BRH:0
end_of_record
TN:
SF:/Users/josemanuelbaezsoriano/Desktop/Manolin/pipeline/pipelineApp/components/globalComponents/turnColumn.js
FN:6,(anonymous_0)
FN:11,(anonymous_1)
FN:21,(anonymous_2)
FN:25,(anonymous_3)
FNF:4
FNH:0
FNDA:0,(anonymous_0)
FNDA:0,(anonymous_1)
FNDA:0,(anonymous_2)
FNDA:0,(anonymous_3)
DA:7,0
DA:8,0
DA:12,0
DA:13,0
DA:14,0
DA:15,0
DA:16,0
DA:17,0
DA:18,0
DA:22,0
DA:26,0
DA:27,0
DA:29,0
DA:30,0
DA:31,0
DA:37,0
DA:61,1
DA:62,1
DA:63,1
DA:69,1
LF:20
LH:4
BRDA:12,0,0,0
BRDA:12,0,1,0
BRDA:14,1,0,0
BRDA:14,1,1,0
BRDA:16,2,0,0
BRDA:16,2,1,0
BRDA:32,3,0,0
BRDA:32,3,1,0
BRDA:50,4,0,0
BRDA:50,4,1,0
BRF:10
BRH:0
end_of_record
TN:
SF:/Users/josemanuelbaezsoriano/Desktop/Manolin/pipeline/pipelineApp/components/globalComponents/turnTable.js
FN:11,(anonymous_0)
FN:26,(anonymous_1)
FN:30,(anonymous_2)
FN:34,(anonymous_3)
FN:56,(anonymous_4)
FN:75,(anonymous_5)
FN:79,(anonymous_6)
FN:86,(anonymous_7)
FNF:8
FNH:8
FNDA:4,(anonymous_0)
FNDA:1,(anonymous_1)
FNDA:5,(anonymous_2)
FNDA:6,(anonymous_3)
FNDA:1,(anonymous_4)
FNDA:1,(anonymous_5)
FNDA:1,(anonymous_6)
FNDA:13,(anonymous_7)
DA:4,1
DA:7,1
DA:12,4
DA:13,4
DA:18,4
DA:20,4
DA:22,4
DA:27,1
DA:31,5
DA:35,6
DA:36,4
DA:37,4
DA:38,4
DA:39,4
DA:40,4
DA:42,4
DA:43,2
DA:46,4
DA:47,1
DA:57,1
DA:76,1
DA:79,1
DA:86,13
DA:93,1
LF:24
LH:24
BRDA:35,0,0,4
BRDA:35,0,1,2
BRDA:35,1,0,6
BRDA:35,1,1,5
BRDA:42,2,0,2
BRDA:42,2,1,2
BRDA:46,3,0,1
BRDA:46,3,1,3
BRDA:46,4,0,4
BRDA:46,4,1,3
BRF:10
BRH:10
end_of_record
TN:
SF:/Users/josemanuelbaezsoriano/Desktop/Manolin/pipeline/pipelineApp/components/homeComponents/globalButton.js
FN:6,(anonymous_0)
FN:10,(anonymous_1)
FNF:2
FNH:2
FNDA:4,(anonymous_0)
FNDA:4,(anonymous_1)
DA:7,4
DA:11,4
DA:27,2
LF:3
LH:3
BRF:0
BRH:0
end_of_record
TN:
SF:/Users/josemanuelbaezsoriano/Desktop/Manolin/pipeline/pipelineApp/components/homeComponents/midBlueButton.js
FN:6,(anonymous_0)
FN:10,(anonymous_1)
FNF:2
FNH:2
FNDA:4,(anonymous_0)
FNDA:4,(anonymous_1)
DA:7,4
DA:11,4
DA:26,2
LF:3
LH:3
BRF:0
BRH:0
end_of_record
TN:
SF:/Users/josemanuelbaezsoriano/Desktop/Manolin/pipeline/pipelineApp/components/homeComponents/midYellowButton.js
FN:6,(anonymous_0)
FN:10,(anonymous_1)
FNF:2
FNH:2
FNDA:4,(anonymous_0)
FNDA:4,(anonymous_1)
DA:7,4
DA:11,4
DA:26,2
LF:3
LH:3
BRF:0
BRH:0
end_of_record
TN:
SF:/Users/josemanuelbaezsoriano/Desktop/Manolin/pipeline/pipelineApp/components/homeComponents/turnDeck.js
FN:9,(anonymous_0)
FN:19,(anonymous_1)
FN:23,(anonymous_2)
FN:27,(anonymous_3)
FN:45,(anonymous_4)
FN:54,(anonymous_5)
FN:56,(anonymous_6)
FN:60,(anonymous_7)
FN:61,(anonymous_8)
FNF:9
FNH:9
FNDA:8,(anonymous_0)
FNDA:2,(anonymous_1)
FNDA:25,(anonymous_2)
FNDA:6,(anonymous_3)
FNDA:8,(anonymous_4)
FNDA:1,(anonymous_5)
FNDA:9,(anonymous_6)
FNDA:1,(anonymous_7)
FNDA:78,(anonymous_8)
DA:6,2
DA:10,8
DA:11,8
DA:15,8
DA:20,2
DA:24,25
DA:28,6
DA:29,6
DA:30,4
DA:31,4
DA:32,4
DA:33,1
DA:36,4
DA:37,1
DA:46,8
DA:54,1
DA:56,9
DA:60,1
DA:61,78
DA:72,2
LF:20
LH:20
BRDA:29,0,0,4
BRDA:29,0,1,2
BRDA:29,1,0,6
BRDA:29,1,1,5
BRDA:32,2,0,1
BRDA:32,2,1,3
BRDA:36,3,0,1
BRDA:36,3,1,3
BRDA:36,4,0,4
BRDA:36,4,1,3
BRDA:48,5,0,7
BRDA:48,5,1,1
BRF:12
BRH:12
end_of_record
TN:
SF:/Users/josemanuelbaezsoriano/Desktop/Manolin/pipeline/pipelineApp/components/homeComponents/turnViewWithDate.js
FN:6,(anonymous_0)
FN:11,(anonymous_1)
FN:21,(anonymous_2)
FN:25,(anonymous_3)
FNF:4
FNH:4
FNDA:10,(anonymous_0)
FNDA:8,(anonymous_1)
FNDA:6,(anonymous_2)
FNDA:4,(anonymous_3)
DA:7,10
DA:8,10
DA:12,8
DA:13,1
DA:14,7
DA:15,4
DA:16,3
DA:17,1
DA:18,2
DA:22,6
DA:26,4
DA:27,4
DA:53,3
DA:54,3
DA:55,3
DA:61,3
LF:16
LH:16
BRDA:12,0,0,1
BRDA:12,0,1,7
BRDA:14,1,0,4
BRDA:14,1,1,3
BRDA:16,2,0,1
BRDA:16,2,1,2
BRDA:40,3,0,1
BRDA:40,3,1,3
BRDA:44,4,0,1
BRDA:44,4,1,3
BRF:10
BRH:10
end_of_record
TN:
SF:/Users/josemanuelbaezsoriano/Desktop/Manolin/pipeline/pipelineApp/components/loginComponents/inputComponent.js
FN:5,(anonymous_0)
FN:9,(anonymous_1)
FN:13,(anonymous_2)
FNF:3
FNH:3
FNDA:2,(anonymous_0)
FNDA:2,(anonymous_1)
FNDA:1,(anonymous_2)
DA:6,2
DA:10,2
DA:13,1
DA:20,1
LF:4
LH:4
BRF:0
BRH:0
end_of_record
TN:
SF:/Users/josemanuelbaezsoriano/Desktop/Manolin/pipeline/pipelineApp/components/loginComponents/primaryButtonComponent.js
FN:7,(anonymous_0)
FN:11,(anonymous_1)
FN:13,(anonymous_2)
FNF:3
FNH:3
FNDA:2,(anonymous_0)
FNDA:2,(anonymous_1)
FNDA:1,(anonymous_2)
DA:8,2
DA:12,2
DA:13,1
DA:28,1
LF:4
LH:4
BRF:0
BRH:0
end_of_record
TN:
SF:/Users/josemanuelbaezsoriano/Desktop/Manolin/pipeline/pipelineApp/mockedData/mockedNurse.js
FNF:0
FNH:0
DA:1,4
LF:1
LH:1
BRF:0
BRH:0
end_of_record
TN:
SF:/Users/josemanuelbaezsoriano/Desktop/Manolin/pipeline/pipelineApp/screens/homeScreen.js
FN:11,(anonymous_0)
FN:19,(anonymous_1)
FN:29,(anonymous_2)
FN:30,(anonymous_3)
FN:36,(anonymous_4)
FN:43,(anonymous_5)
FN:47,(anonymous_6)
FN:54,(anonymous_7)
FN:58,(anonymous_8)
FN:63,(anonymous_9)
FN:81,(anonymous_10)
FN:85,(anonymous_11)
FN:88,(anonymous_12)
FNF:13
FNH:13
FNDA:9,(anonymous_0)
FNDA:7,(anonymous_1)
FNDA:1,(anonymous_2)
FNDA:1,(anonymous_3)
FNDA:4,(anonymous_4)
FNDA:8,(anonymous_5)
FNDA:1,(anonymous_6)
FNDA:1,(anonymous_7)
FNDA:1,(anonymous_8)
FNDA:14,(anonymous_9)
FNDA:1,(anonymous_10)
FNDA:1,(anonymous_11)
FNDA:1,(anonymous_12)
DA:12,9
DA:13,9
DA:20,7
DA:21,5
DA:29,1
DA:31,1
DA:37,4
DA:44,8
DA:48,1
DA:64,14
DA:65,4
DA:70,10
DA:71,5
DA:77,5
DA:82,1
DA:86,1
DA:89,1
DA:101,1
LF:18
LH:18
BRDA:64,0,0,4
BRDA:64,0,1,10
BRDA:70,1,0,5
BRDA:70,1,1,5
BRF:4
BRH:4
end_of_record
